"gcc -o conftest -I/home/asdp/.rvm/rubies/ruby-2.1.2/include/ruby-2.1.0/i686-linux -I/home/asdp/.rvm/rubies/ruby-2.1.2/include/ruby-2.1.0/ruby/backward -I/home/asdp/.rvm/rubies/ruby-2.1.2/include/ruby-2.1.0 -I. -I/home/asdp/projects/DiscoveryProject/discovery/vendor/ruby/2.1.0/gems/nokogiri-1.6.1/ports/i486-linux-gnu/libxml2/2.8.0/include/libxml2 -I/home/asdp/projects/DiscoveryProject/discovery/vendor/ruby/2.1.0/gems/nokogiri-1.6.1/ports/i486-linux-gnu/libxml2/2.8.0/include -I/home/asdp/projects/DiscoveryProject/discovery/vendor/ruby/2.1.0/gems/nokogiri-1.6.1/ports/i486-linux-gnu/libxslt/1.1.26/include  -D_FILE_OFFSET_BITS=64   -O3 -fno-fast-math -ggdb3 -Wall -Wextra -Wno-unused-parameter -Wno-parentheses -Wno-long-long -Wno-missing-field-initializers -Wunused-variable -Wpointer-arith -Wwrite-strings -Wdeclaration-after-statement -Wimplicit-function-declaration  -fPIC  -g -DXP_UNIX -O3 -Wall -Wcast-qual -Wwrite-strings -Wconversion -Wmissing-noreturn -Winline -DNOKOGIRI_USE_PACKAGED_LIBRARIES -DNOKOGIRI_LIBXML2_PATH='"/home/asdp/projects/DiscoveryProject/discovery/vendor/ruby/2.1.0/gems/nokogiri-1.6.1/ports/i486-linux-gnu/libxml2/2.8.0"' -DNOKOGIRI_LIBXSLT_PATH='"/home/asdp/projects/DiscoveryProject/discovery/vendor/ruby/2.1.0/gems/nokogiri-1.6.1/ports/i486-linux-gnu/libxslt/1.1.26"' conftest.c  -L. -L/home/asdp/.rvm/rubies/ruby-2.1.2/lib -Wl,-R/home/asdp/.rvm/rubies/ruby-2.1.2/lib -L/home/asdp/projects/DiscoveryProject/discovery/vendor/ruby/2.1.0/gems/nokogiri-1.6.1/ports/i486-linux-gnu/libxml2/2.8.0/lib -Wl,-R/home/asdp/projects/DiscoveryProject/discovery/vendor/ruby/2.1.0/gems/nokogiri-1.6.1/ports/i486-linux-gnu/libxml2/2.8.0/lib -L/home/asdp/projects/DiscoveryProject/discovery/vendor/ruby/2.1.0/gems/nokogiri-1.6.1/ports/i486-linux-gnu/libxslt/1.1.26/lib -Wl,-R/home/asdp/projects/DiscoveryProject/discovery/vendor/ruby/2.1.0/gems/nokogiri-1.6.1/ports/i486-linux-gnu/libxslt/1.1.26/lib -lxslt -lxml2     -Wl,-R -Wl,/home/asdp/.rvm/rubies/ruby-2.1.2/lib -L/home/asdp/.rvm/rubies/ruby-2.1.2/lib -lruby  -lpthread -ldl -lcrypt -lm   -lc "
checked program was:
/* begin */
1: #include "ruby.h"
2: 
3: int main(int argc, char **argv)
4: {
5:   return 0;
6: }
/* end */

"gcc -o conftest -I/home/asdp/.rvm/rubies/ruby-2.1.2/include/ruby-2.1.0/i686-linux -I/home/asdp/.rvm/rubies/ruby-2.1.2/include/ruby-2.1.0/ruby/backward -I/home/asdp/.rvm/rubies/ruby-2.1.2/include/ruby-2.1.0 -I. -I/home/asdp/projects/DiscoveryProject/discovery/vendor/ruby/2.1.0/gems/nokogiri-1.6.1/ports/i486-linux-gnu/libxml2/2.8.0/include/libxml2 -I/home/asdp/projects/DiscoveryProject/discovery/vendor/ruby/2.1.0/gems/nokogiri-1.6.1/ports/i486-linux-gnu/libxml2/2.8.0/include -I/home/asdp/projects/DiscoveryProject/discovery/vendor/ruby/2.1.0/gems/nokogiri-1.6.1/ports/i486-linux-gnu/libxslt/1.1.26/include  -D_FILE_OFFSET_BITS=64   -O3 -fno-fast-math -ggdb3 -Wall -Wextra -Wno-unused-parameter -Wno-parentheses -Wno-long-long -Wno-missing-field-initializers -Wunused-variable -Wpointer-arith -Wwrite-strings -Wdeclaration-after-statement -Wimplicit-function-declaration  -fPIC  -g -DXP_UNIX -O3 -Wall -Wcast-qual -Wwrite-strings -Wconversion -Wmissing-noreturn -Winline -DNOKOGIRI_USE_PACKAGED_LIBRARIES -DNOKOGIRI_LIBXML2_PATH='"/home/asdp/projects/DiscoveryProject/discovery/vendor/ruby/2.1.0/gems/nokogiri-1.6.1/ports/i486-linux-gnu/libxml2/2.8.0"' -DNOKOGIRI_LIBXSLT_PATH='"/home/asdp/projects/DiscoveryProject/discovery/vendor/ruby/2.1.0/gems/nokogiri-1.6.1/ports/i486-linux-gnu/libxslt/1.1.26"' conftest.c  -L. -L/home/asdp/.rvm/rubies/ruby-2.1.2/lib -Wl,-R/home/asdp/.rvm/rubies/ruby-2.1.2/lib -L/home/asdp/projects/DiscoveryProject/discovery/vendor/ruby/2.1.0/gems/nokogiri-1.6.1/ports/i486-linux-gnu/libxml2/2.8.0/lib -Wl,-R/home/asdp/projects/DiscoveryProject/discovery/vendor/ruby/2.1.0/gems/nokogiri-1.6.1/ports/i486-linux-gnu/libxml2/2.8.0/lib -L/home/asdp/projects/DiscoveryProject/discovery/vendor/ruby/2.1.0/gems/nokogiri-1.6.1/ports/i486-linux-gnu/libxslt/1.1.26/lib -Wl,-R/home/asdp/projects/DiscoveryProject/discovery/vendor/ruby/2.1.0/gems/nokogiri-1.6.1/ports/i486-linux-gnu/libxslt/1.1.26/lib -lxslt -lxml2     -Wl,-R -Wl,/home/asdp/.rvm/rubies/ruby-2.1.2/lib -L/home/asdp/.rvm/rubies/ruby-2.1.2/lib -lruby  -lpthread -ldl -lcrypt -lm   -lc "
checked program was:
/* begin */
1: #include "ruby.h"
2: 
3: int main() {return 0;}
/* end */

package configuration for libxslt
cflags: -I/usr/include/libxml2
ldflags: 
libs: -lxslt -lxml2

"gcc -o conftest -I/home/asdp/.rvm/rubies/ruby-2.1.2/include/ruby-2.1.0/i686-linux -I/home/asdp/.rvm/rubies/ruby-2.1.2/include/ruby-2.1.0/ruby/backward -I/home/asdp/.rvm/rubies/ruby-2.1.2/include/ruby-2.1.0 -I. -I/home/asdp/projects/DiscoveryProject/discovery/vendor/ruby/2.1.0/gems/nokogiri-1.6.1/ports/i486-linux-gnu/libxml2/2.8.0/include/libxml2 -I/home/asdp/projects/DiscoveryProject/discovery/vendor/ruby/2.1.0/gems/nokogiri-1.6.1/ports/i486-linux-gnu/libxml2/2.8.0/include -I/home/asdp/projects/DiscoveryProject/discovery/vendor/ruby/2.1.0/gems/nokogiri-1.6.1/ports/i486-linux-gnu/libxslt/1.1.26/include  -D_FILE_OFFSET_BITS=64   -O3 -fno-fast-math -ggdb3 -Wall -Wextra -Wno-unused-parameter -Wno-parentheses -Wno-long-long -Wno-missing-field-initializers -Wunused-variable -Wpointer-arith -Wwrite-strings -Wdeclaration-after-statement -Wimplicit-function-declaration  -fPIC  -g -DXP_UNIX -O3 -Wall -Wcast-qual -Wwrite-strings -Wconversion -Wmissing-noreturn -Winline -DNOKOGIRI_USE_PACKAGED_LIBRARIES -DNOKOGIRI_LIBXML2_PATH='"/home/asdp/projects/DiscoveryProject/discovery/vendor/ruby/2.1.0/gems/nokogiri-1.6.1/ports/i486-linux-gnu/libxml2/2.8.0"' -DNOKOGIRI_LIBXSLT_PATH='"/home/asdp/projects/DiscoveryProject/discovery/vendor/ruby/2.1.0/gems/nokogiri-1.6.1/ports/i486-linux-gnu/libxslt/1.1.26"' -I/usr/include/libxml2 conftest.c  -L. -L/home/asdp/.rvm/rubies/ruby-2.1.2/lib -Wl,-R/home/asdp/.rvm/rubies/ruby-2.1.2/lib -L/home/asdp/projects/DiscoveryProject/discovery/vendor/ruby/2.1.0/gems/nokogiri-1.6.1/ports/i486-linux-gnu/libxml2/2.8.0/lib -Wl,-R/home/asdp/projects/DiscoveryProject/discovery/vendor/ruby/2.1.0/gems/nokogiri-1.6.1/ports/i486-linux-gnu/libxml2/2.8.0/lib -L/home/asdp/projects/DiscoveryProject/discovery/vendor/ruby/2.1.0/gems/nokogiri-1.6.1/ports/i486-linux-gnu/libxslt/1.1.26/lib -Wl,-R/home/asdp/projects/DiscoveryProject/discovery/vendor/ruby/2.1.0/gems/nokogiri-1.6.1/ports/i486-linux-gnu/libxslt/1.1.26/lib -lxml2     -lxslt -lxml2 -Wl,-R -Wl,/home/asdp/.rvm/rubies/ruby-2.1.2/lib -L/home/asdp/.rvm/rubies/ruby-2.1.2/lib -lruby  -lpthread -ldl -lcrypt -lm   -lc "
checked program was:
/* begin */
1: #include "ruby.h"
2: 
3: int main() {return 0;}
/* end */

package configuration for libxml-2.0
cflags: -I/usr/include/libxml2
ldflags: 
libs: -lxml2

package configuration for libiconv is not found
find_header: checking for libxml/parser.h... -------------------- yes

"gcc -E -I/home/asdp/.rvm/rubies/ruby-2.1.2/include/ruby-2.1.0/i686-linux -I/home/asdp/.rvm/rubies/ruby-2.1.2/include/ruby-2.1.0/ruby/backward -I/home/asdp/.rvm/rubies/ruby-2.1.2/include/ruby-2.1.0 -I. -I/home/asdp/projects/DiscoveryProject/discovery/vendor/ruby/2.1.0/gems/nokogiri-1.6.1/ports/i486-linux-gnu/libxml2/2.8.0/include/libxml2 -I/home/asdp/projects/DiscoveryProject/discovery/vendor/ruby/2.1.0/gems/nokogiri-1.6.1/ports/i486-linux-gnu/libxml2/2.8.0/include -I/home/asdp/projects/DiscoveryProject/discovery/vendor/ruby/2.1.0/gems/nokogiri-1.6.1/ports/i486-linux-gnu/libxslt/1.1.26/include  -D_FILE_OFFSET_BITS=64   -O3 -fno-fast-math -ggdb3 -Wall -Wextra -Wno-unused-parameter -Wno-parentheses -Wno-long-long -Wno-missing-field-initializers -Wunused-variable -Wpointer-arith -Wwrite-strings -Wdeclaration-after-statement -Wimplicit-function-declaration  -fPIC  -g -DXP_UNIX -O3 -Wall -Wcast-qual -Wwrite-strings -Wconversion -Wmissing-noreturn -Winline -DNOKOGIRI_USE_PACKAGED_LIBRARIES -DNOKOGIRI_LIBXML2_PATH='"/home/asdp/projects/DiscoveryProject/discovery/vendor/ruby/2.1.0/gems/nokogiri-1.6.1/ports/i486-linux-gnu/libxml2/2.8.0"' -DNOKOGIRI_LIBXSLT_PATH='"/home/asdp/projects/DiscoveryProject/discovery/vendor/ruby/2.1.0/gems/nokogiri-1.6.1/ports/i486-linux-gnu/libxslt/1.1.26"' -I/usr/include/libxml2 -I/usr/include/libxml2  conftest.c -o conftest.i"
checked program was:
/* begin */
1: #include "ruby.h"
2: 
3: #include <libxml/parser.h>
/* end */

--------------------

find_header: checking for libxslt/xslt.h... -------------------- yes

"gcc -E -I/home/asdp/.rvm/rubies/ruby-2.1.2/include/ruby-2.1.0/i686-linux -I/home/asdp/.rvm/rubies/ruby-2.1.2/include/ruby-2.1.0/ruby/backward -I/home/asdp/.rvm/rubies/ruby-2.1.2/include/ruby-2.1.0 -I. -I/home/asdp/projects/DiscoveryProject/discovery/vendor/ruby/2.1.0/gems/nokogiri-1.6.1/ports/i486-linux-gnu/libxml2/2.8.0/include/libxml2 -I/home/asdp/projects/DiscoveryProject/discovery/vendor/ruby/2.1.0/gems/nokogiri-1.6.1/ports/i486-linux-gnu/libxml2/2.8.0/include -I/home/asdp/projects/DiscoveryProject/discovery/vendor/ruby/2.1.0/gems/nokogiri-1.6.1/ports/i486-linux-gnu/libxslt/1.1.26/include  -D_FILE_OFFSET_BITS=64   -O3 -fno-fast-math -ggdb3 -Wall -Wextra -Wno-unused-parameter -Wno-parentheses -Wno-long-long -Wno-missing-field-initializers -Wunused-variable -Wpointer-arith -Wwrite-strings -Wdeclaration-after-statement -Wimplicit-function-declaration  -fPIC  -g -DXP_UNIX -O3 -Wall -Wcast-qual -Wwrite-strings -Wconversion -Wmissing-noreturn -Winline -DNOKOGIRI_USE_PACKAGED_LIBRARIES -DNOKOGIRI_LIBXML2_PATH='"/home/asdp/projects/DiscoveryProject/discovery/vendor/ruby/2.1.0/gems/nokogiri-1.6.1/ports/i486-linux-gnu/libxml2/2.8.0"' -DNOKOGIRI_LIBXSLT_PATH='"/home/asdp/projects/DiscoveryProject/discovery/vendor/ruby/2.1.0/gems/nokogiri-1.6.1/ports/i486-linux-gnu/libxslt/1.1.26"' -I/usr/include/libxml2 -I/usr/include/libxml2  conftest.c -o conftest.i"
checked program was:
/* begin */
1: #include "ruby.h"
2: 
3: #include <libxslt/xslt.h>
/* end */

--------------------

find_header: checking for libexslt/exslt.h... -------------------- yes

"gcc -E -I/home/asdp/.rvm/rubies/ruby-2.1.2/include/ruby-2.1.0/i686-linux -I/home/asdp/.rvm/rubies/ruby-2.1.2/include/ruby-2.1.0/ruby/backward -I/home/asdp/.rvm/rubies/ruby-2.1.2/include/ruby-2.1.0 -I. -I/home/asdp/projects/DiscoveryProject/discovery/vendor/ruby/2.1.0/gems/nokogiri-1.6.1/ports/i486-linux-gnu/libxml2/2.8.0/include/libxml2 -I/home/asdp/projects/DiscoveryProject/discovery/vendor/ruby/2.1.0/gems/nokogiri-1.6.1/ports/i486-linux-gnu/libxml2/2.8.0/include -I/home/asdp/projects/DiscoveryProject/discovery/vendor/ruby/2.1.0/gems/nokogiri-1.6.1/ports/i486-linux-gnu/libxslt/1.1.26/include  -D_FILE_OFFSET_BITS=64   -O3 -fno-fast-math -ggdb3 -Wall -Wextra -Wno-unused-parameter -Wno-parentheses -Wno-long-long -Wno-missing-field-initializers -Wunused-variable -Wpointer-arith -Wwrite-strings -Wdeclaration-after-statement -Wimplicit-function-declaration  -fPIC  -g -DXP_UNIX -O3 -Wall -Wcast-qual -Wwrite-strings -Wconversion -Wmissing-noreturn -Winline -DNOKOGIRI_USE_PACKAGED_LIBRARIES -DNOKOGIRI_LIBXML2_PATH='"/home/asdp/projects/DiscoveryProject/discovery/vendor/ruby/2.1.0/gems/nokogiri-1.6.1/ports/i486-linux-gnu/libxml2/2.8.0"' -DNOKOGIRI_LIBXSLT_PATH='"/home/asdp/projects/DiscoveryProject/discovery/vendor/ruby/2.1.0/gems/nokogiri-1.6.1/ports/i486-linux-gnu/libxslt/1.1.26"' -I/usr/include/libxml2 -I/usr/include/libxml2  conftest.c -o conftest.i"
checked program was:
/* begin */
1: #include "ruby.h"
2: 
3: #include <libexslt/exslt.h>
/* end */

--------------------

have_func: checking for iconv_open() in iconv.h... -------------------- yes

"gcc -o conftest -I/home/asdp/.rvm/rubies/ruby-2.1.2/include/ruby-2.1.0/i686-linux -I/home/asdp/.rvm/rubies/ruby-2.1.2/include/ruby-2.1.0/ruby/backward -I/home/asdp/.rvm/rubies/ruby-2.1.2/include/ruby-2.1.0 -I. -I/home/asdp/projects/DiscoveryProject/discovery/vendor/ruby/2.1.0/gems/nokogiri-1.6.1/ports/i486-linux-gnu/libxml2/2.8.0/include/libxml2 -I/home/asdp/projects/DiscoveryProject/discovery/vendor/ruby/2.1.0/gems/nokogiri-1.6.1/ports/i486-linux-gnu/libxml2/2.8.0/include -I/home/asdp/projects/DiscoveryProject/discovery/vendor/ruby/2.1.0/gems/nokogiri-1.6.1/ports/i486-linux-gnu/libxslt/1.1.26/include  -D_FILE_OFFSET_BITS=64   -O3 -fno-fast-math -ggdb3 -Wall -Wextra -Wno-unused-parameter -Wno-parentheses -Wno-long-long -Wno-missing-field-initializers -Wunused-variable -Wpointer-arith -Wwrite-strings -Wdeclaration-after-statement -Wimplicit-function-declaration  -fPIC  -g -DXP_UNIX -O3 -Wall -Wcast-qual -Wwrite-strings -Wconversion -Wmissing-noreturn -Winline -DNOKOGIRI_USE_PACKAGED_LIBRARIES -DNOKOGIRI_LIBXML2_PATH='"/home/asdp/projects/DiscoveryProject/discovery/vendor/ruby/2.1.0/gems/nokogiri-1.6.1/ports/i486-linux-gnu/libxml2/2.8.0"' -DNOKOGIRI_LIBXSLT_PATH='"/home/asdp/projects/DiscoveryProject/discovery/vendor/ruby/2.1.0/gems/nokogiri-1.6.1/ports/i486-linux-gnu/libxslt/1.1.26"' -I/usr/include/libxml2 -I/usr/include/libxml2 conftest.c  -L. -L/home/asdp/.rvm/rubies/ruby-2.1.2/lib -Wl,-R/home/asdp/.rvm/rubies/ruby-2.1.2/lib -L/home/asdp/projects/DiscoveryProject/discovery/vendor/ruby/2.1.0/gems/nokogiri-1.6.1/ports/i486-linux-gnu/libxml2/2.8.0/lib -Wl,-R/home/asdp/projects/DiscoveryProject/discovery/vendor/ruby/2.1.0/gems/nokogiri-1.6.1/ports/i486-linux-gnu/libxml2/2.8.0/lib -L/home/asdp/projects/DiscoveryProject/discovery/vendor/ruby/2.1.0/gems/nokogiri-1.6.1/ports/i486-linux-gnu/libxslt/1.1.26/lib -Wl,-R/home/asdp/projects/DiscoveryProject/discovery/vendor/ruby/2.1.0/gems/nokogiri-1.6.1/ports/i486-linux-gnu/libxslt/1.1.26/lib -L. -fstack-protector -rdynamic -Wl,-export-dynamic -Wl,-rpath,/home/asdp/projects/DiscoveryProject/discovery/vendor/ruby/2.1.0/gems/nokogiri-1.6.1/ports/i486-linux-gnu/libxml2/2.8.0/lib -Wl,-rpath,/home/asdp/projects/DiscoveryProject/discovery/vendor/ruby/2.1.0/gems/nokogiri-1.6.1/ports/i486-linux-gnu/libxslt/1.1.26/lib       -lxslt -lxml2 -lxml2 -Wl,-R -Wl,/home/asdp/.rvm/rubies/ruby-2.1.2/lib -L/home/asdp/.rvm/rubies/ruby-2.1.2/lib -lruby  -lxslt -lxml2 -lxml2 -lpthread -ldl -lcrypt -lm   -lc "
conftest.c: In function ‘t’:
conftest.c:15:32: warning: variable ‘p’ set but not used [-Wunused-but-set-variable]
 int t(void) { void ((*volatile p)()); p = (void ((*)()))iconv_open; return 0; }
                                ^
checked program was:
/* begin */
 1: #include "ruby.h"
 2: 
 3: #include <iconv.h>
 4: 
 5: /*top*/
 6: extern int t(void);
 7: int main(int argc, char **argv)
 8: {
 9:   if (argc > 1000000) {
10:     printf("%p", &t);
11:   }
12: 
13:   return 0;
14: }
15: int t(void) { void ((*volatile p)()); p = (void ((*)()))iconv_open; return 0; }
/* end */

--------------------

find_library: checking for xmlParseDoc() in -lxml2... -------------------- yes

"gcc -o conftest -I/home/asdp/.rvm/rubies/ruby-2.1.2/include/ruby-2.1.0/i686-linux -I/home/asdp/.rvm/rubies/ruby-2.1.2/include/ruby-2.1.0/ruby/backward -I/home/asdp/.rvm/rubies/ruby-2.1.2/include/ruby-2.1.0 -I. -I/home/asdp/projects/DiscoveryProject/discovery/vendor/ruby/2.1.0/gems/nokogiri-1.6.1/ports/i486-linux-gnu/libxml2/2.8.0/include/libxml2 -I/home/asdp/projects/DiscoveryProject/discovery/vendor/ruby/2.1.0/gems/nokogiri-1.6.1/ports/i486-linux-gnu/libxml2/2.8.0/include -I/home/asdp/projects/DiscoveryProject/discovery/vendor/ruby/2.1.0/gems/nokogiri-1.6.1/ports/i486-linux-gnu/libxslt/1.1.26/include  -D_FILE_OFFSET_BITS=64   -O3 -fno-fast-math -ggdb3 -Wall -Wextra -Wno-unused-parameter -Wno-parentheses -Wno-long-long -Wno-missing-field-initializers -Wunused-variable -Wpointer-arith -Wwrite-strings -Wdeclaration-after-statement -Wimplicit-function-declaration  -fPIC  -g -DXP_UNIX -O3 -Wall -Wcast-qual -Wwrite-strings -Wconversion -Wmissing-noreturn -Winline -DNOKOGIRI_USE_PACKAGED_LIBRARIES -DNOKOGIRI_LIBXML2_PATH='"/home/asdp/projects/DiscoveryProject/discovery/vendor/ruby/2.1.0/gems/nokogiri-1.6.1/ports/i486-linux-gnu/libxml2/2.8.0"' -DNOKOGIRI_LIBXSLT_PATH='"/home/asdp/projects/DiscoveryProject/discovery/vendor/ruby/2.1.0/gems/nokogiri-1.6.1/ports/i486-linux-gnu/libxslt/1.1.26"' -I/usr/include/libxml2 -I/usr/include/libxml2 conftest.c  -L. -L/home/asdp/.rvm/rubies/ruby-2.1.2/lib -Wl,-R/home/asdp/.rvm/rubies/ruby-2.1.2/lib -L/home/asdp/projects/DiscoveryProject/discovery/vendor/ruby/2.1.0/gems/nokogiri-1.6.1/ports/i486-linux-gnu/libxml2/2.8.0/lib -Wl,-R/home/asdp/projects/DiscoveryProject/discovery/vendor/ruby/2.1.0/gems/nokogiri-1.6.1/ports/i486-linux-gnu/libxml2/2.8.0/lib -L/home/asdp/projects/DiscoveryProject/discovery/vendor/ruby/2.1.0/gems/nokogiri-1.6.1/ports/i486-linux-gnu/libxslt/1.1.26/lib -Wl,-R/home/asdp/projects/DiscoveryProject/discovery/vendor/ruby/2.1.0/gems/nokogiri-1.6.1/ports/i486-linux-gnu/libxslt/1.1.26/lib -L. -fstack-protector -rdynamic -Wl,-export-dynamic -Wl,-rpath,/home/asdp/projects/DiscoveryProject/discovery/vendor/ruby/2.1.0/gems/nokogiri-1.6.1/ports/i486-linux-gnu/libxml2/2.8.0/lib -Wl,-rpath,/home/asdp/projects/DiscoveryProject/discovery/vendor/ruby/2.1.0/gems/nokogiri-1.6.1/ports/i486-linux-gnu/libxslt/1.1.26/lib       -lxslt -lxml2 -lxml2 -Wl,-R -Wl,/home/asdp/.rvm/rubies/ruby-2.1.2/lib -L/home/asdp/.rvm/rubies/ruby-2.1.2/lib -lruby -lxml2  -lxslt -lxml2 -lxml2 -lpthread -ldl -lcrypt -lm   -lc "
conftest.c: In function ‘t’:
conftest.c:13:57: error: ‘xmlParseDoc’ undeclared (first use in this function)
 int t(void) { void ((*volatile p)()); p = (void ((*)()))xmlParseDoc; return 0; }
                                                         ^
conftest.c:13:57: note: each undeclared identifier is reported only once for each function it appears in
conftest.c:13:32: warning: variable ‘p’ set but not used [-Wunused-but-set-variable]
 int t(void) { void ((*volatile p)()); p = (void ((*)()))xmlParseDoc; return 0; }
                                ^
checked program was:
/* begin */
 1: #include "ruby.h"
 2: 
 3: /*top*/
 4: extern int t(void);
 5: int main(int argc, char **argv)
 6: {
 7:   if (argc > 1000000) {
 8:     printf("%p", &t);
 9:   }
10: 
11:   return 0;
12: }
13: int t(void) { void ((*volatile p)()); p = (void ((*)()))xmlParseDoc; return 0; }
/* end */

"gcc -o conftest -I/home/asdp/.rvm/rubies/ruby-2.1.2/include/ruby-2.1.0/i686-linux -I/home/asdp/.rvm/rubies/ruby-2.1.2/include/ruby-2.1.0/ruby/backward -I/home/asdp/.rvm/rubies/ruby-2.1.2/include/ruby-2.1.0 -I. -I/home/asdp/projects/DiscoveryProject/discovery/vendor/ruby/2.1.0/gems/nokogiri-1.6.1/ports/i486-linux-gnu/libxml2/2.8.0/include/libxml2 -I/home/asdp/projects/DiscoveryProject/discovery/vendor/ruby/2.1.0/gems/nokogiri-1.6.1/ports/i486-linux-gnu/libxml2/2.8.0/include -I/home/asdp/projects/DiscoveryProject/discovery/vendor/ruby/2.1.0/gems/nokogiri-1.6.1/ports/i486-linux-gnu/libxslt/1.1.26/include  -D_FILE_OFFSET_BITS=64   -O3 -fno-fast-math -ggdb3 -Wall -Wextra -Wno-unused-parameter -Wno-parentheses -Wno-long-long -Wno-missing-field-initializers -Wunused-variable -Wpointer-arith -Wwrite-strings -Wdeclaration-after-statement -Wimplicit-function-declaration  -fPIC  -g -DXP_UNIX -O3 -Wall -Wcast-qual -Wwrite-strings -Wconversion -Wmissing-noreturn -Winline -DNOKOGIRI_USE_PACKAGED_LIBRARIES -DNOKOGIRI_LIBXML2_PATH='"/home/asdp/projects/DiscoveryProject/discovery/vendor/ruby/2.1.0/gems/nokogiri-1.6.1/ports/i486-linux-gnu/libxml2/2.8.0"' -DNOKOGIRI_LIBXSLT_PATH='"/home/asdp/projects/DiscoveryProject/discovery/vendor/ruby/2.1.0/gems/nokogiri-1.6.1/ports/i486-linux-gnu/libxslt/1.1.26"' -I/usr/include/libxml2 -I/usr/include/libxml2 conftest.c  -L. -L/home/asdp/.rvm/rubies/ruby-2.1.2/lib -Wl,-R/home/asdp/.rvm/rubies/ruby-2.1.2/lib -L/home/asdp/projects/DiscoveryProject/discovery/vendor/ruby/2.1.0/gems/nokogiri-1.6.1/ports/i486-linux-gnu/libxml2/2.8.0/lib -Wl,-R/home/asdp/projects/DiscoveryProject/discovery/vendor/ruby/2.1.0/gems/nokogiri-1.6.1/ports/i486-linux-gnu/libxml2/2.8.0/lib -L/home/asdp/projects/DiscoveryProject/discovery/vendor/ruby/2.1.0/gems/nokogiri-1.6.1/ports/i486-linux-gnu/libxslt/1.1.26/lib -Wl,-R/home/asdp/projects/DiscoveryProject/discovery/vendor/ruby/2.1.0/gems/nokogiri-1.6.1/ports/i486-linux-gnu/libxslt/1.1.26/lib -L. -fstack-protector -rdynamic -Wl,-export-dynamic -Wl,-rpath,/home/asdp/projects/DiscoveryProject/discovery/vendor/ruby/2.1.0/gems/nokogiri-1.6.1/ports/i486-linux-gnu/libxml2/2.8.0/lib -Wl,-rpath,/home/asdp/projects/DiscoveryProject/discovery/vendor/ruby/2.1.0/gems/nokogiri-1.6.1/ports/i486-linux-gnu/libxslt/1.1.26/lib       -lxslt -lxml2 -lxml2 -Wl,-R -Wl,/home/asdp/.rvm/rubies/ruby-2.1.2/lib -L/home/asdp/.rvm/rubies/ruby-2.1.2/lib -lruby -lxml2  -lxslt -lxml2 -lxml2 -lpthread -ldl -lcrypt -lm   -lc "
conftest.c: In function ‘t’:
conftest.c:13:1: warning: implicit declaration of function ‘xmlParseDoc’ [-Wimplicit-function-declaration]
 int t(void) { xmlParseDoc(); return 0; }
 ^
checked program was:
/* begin */
 1: #include "ruby.h"
 2: 
 3: /*top*/
 4: extern int t(void);
 5: int main(int argc, char **argv)
 6: {
 7:   if (argc > 1000000) {
 8:     printf("%p", &t);
 9:   }
10: 
11:   return 0;
12: }
13: int t(void) { xmlParseDoc(); return 0; }
/* end */

--------------------

find_library: checking for xsltParseStylesheetDoc() in -lxslt... -------------------- yes

"gcc -o conftest -I/home/asdp/.rvm/rubies/ruby-2.1.2/include/ruby-2.1.0/i686-linux -I/home/asdp/.rvm/rubies/ruby-2.1.2/include/ruby-2.1.0/ruby/backward -I/home/asdp/.rvm/rubies/ruby-2.1.2/include/ruby-2.1.0 -I. -I/home/asdp/projects/DiscoveryProject/discovery/vendor/ruby/2.1.0/gems/nokogiri-1.6.1/ports/i486-linux-gnu/libxml2/2.8.0/include/libxml2 -I/home/asdp/projects/DiscoveryProject/discovery/vendor/ruby/2.1.0/gems/nokogiri-1.6.1/ports/i486-linux-gnu/libxml2/2.8.0/include -I/home/asdp/projects/DiscoveryProject/discovery/vendor/ruby/2.1.0/gems/nokogiri-1.6.1/ports/i486-linux-gnu/libxslt/1.1.26/include  -D_FILE_OFFSET_BITS=64   -O3 -fno-fast-math -ggdb3 -Wall -Wextra -Wno-unused-parameter -Wno-parentheses -Wno-long-long -Wno-missing-field-initializers -Wunused-variable -Wpointer-arith -Wwrite-strings -Wdeclaration-after-statement -Wimplicit-function-declaration  -fPIC  -g -DXP_UNIX -O3 -Wall -Wcast-qual -Wwrite-strings -Wconversion -Wmissing-noreturn -Winline -DNOKOGIRI_USE_PACKAGED_LIBRARIES -DNOKOGIRI_LIBXML2_PATH='"/home/asdp/projects/DiscoveryProject/discovery/vendor/ruby/2.1.0/gems/nokogiri-1.6.1/ports/i486-linux-gnu/libxml2/2.8.0"' -DNOKOGIRI_LIBXSLT_PATH='"/home/asdp/projects/DiscoveryProject/discovery/vendor/ruby/2.1.0/gems/nokogiri-1.6.1/ports/i486-linux-gnu/libxslt/1.1.26"' -I/usr/include/libxml2 -I/usr/include/libxml2 conftest.c  -L. -L/home/asdp/.rvm/rubies/ruby-2.1.2/lib -Wl,-R/home/asdp/.rvm/rubies/ruby-2.1.2/lib -L/home/asdp/projects/DiscoveryProject/discovery/vendor/ruby/2.1.0/gems/nokogiri-1.6.1/ports/i486-linux-gnu/libxml2/2.8.0/lib -Wl,-R/home/asdp/projects/DiscoveryProject/discovery/vendor/ruby/2.1.0/gems/nokogiri-1.6.1/ports/i486-linux-gnu/libxml2/2.8.0/lib -L/home/asdp/projects/DiscoveryProject/discovery/vendor/ruby/2.1.0/gems/nokogiri-1.6.1/ports/i486-linux-gnu/libxslt/1.1.26/lib -Wl,-R/home/asdp/projects/DiscoveryProject/discovery/vendor/ruby/2.1.0/gems/nokogiri-1.6.1/ports/i486-linux-gnu/libxslt/1.1.26/lib -L. -fstack-protector -rdynamic -Wl,-export-dynamic -Wl,-rpath,/home/asdp/projects/DiscoveryProject/discovery/vendor/ruby/2.1.0/gems/nokogiri-1.6.1/ports/i486-linux-gnu/libxml2/2.8.0/lib -Wl,-rpath,/home/asdp/projects/DiscoveryProject/discovery/vendor/ruby/2.1.0/gems/nokogiri-1.6.1/ports/i486-linux-gnu/libxslt/1.1.26/lib      -lxml2  -lxslt -lxml2 -lxml2 -Wl,-R -Wl,/home/asdp/.rvm/rubies/ruby-2.1.2/lib -L/home/asdp/.rvm/rubies/ruby-2.1.2/lib -lruby -lxslt -lxml2  -lxslt -lxml2 -lxml2 -lpthread -ldl -lcrypt -lm   -lc "
conftest.c: In function ‘t’:
conftest.c:13:57: error: ‘xsltParseStylesheetDoc’ undeclared (first use in this function)
 int t(void) { void ((*volatile p)()); p = (void ((*)()))xsltParseStylesheetDoc; return 0; }
                                                         ^
conftest.c:13:57: note: each undeclared identifier is reported only once for each function it appears in
conftest.c:13:32: warning: variable ‘p’ set but not used [-Wunused-but-set-variable]
 int t(void) { void ((*volatile p)()); p = (void ((*)()))xsltParseStylesheetDoc; return 0; }
                                ^
checked program was:
/* begin */
 1: #include "ruby.h"
 2: 
 3: /*top*/
 4: extern int t(void);
 5: int main(int argc, char **argv)
 6: {
 7:   if (argc > 1000000) {
 8:     printf("%p", &t);
 9:   }
10: 
11:   return 0;
12: }
13: int t(void) { void ((*volatile p)()); p = (void ((*)()))xsltParseStylesheetDoc; return 0; }
/* end */

"gcc -o conftest -I/home/asdp/.rvm/rubies/ruby-2.1.2/include/ruby-2.1.0/i686-linux -I/home/asdp/.rvm/rubies/ruby-2.1.2/include/ruby-2.1.0/ruby/backward -I/home/asdp/.rvm/rubies/ruby-2.1.2/include/ruby-2.1.0 -I. -I/home/asdp/projects/DiscoveryProject/discovery/vendor/ruby/2.1.0/gems/nokogiri-1.6.1/ports/i486-linux-gnu/libxml2/2.8.0/include/libxml2 -I/home/asdp/projects/DiscoveryProject/discovery/vendor/ruby/2.1.0/gems/nokogiri-1.6.1/ports/i486-linux-gnu/libxml2/2.8.0/include -I/home/asdp/projects/DiscoveryProject/discovery/vendor/ruby/2.1.0/gems/nokogiri-1.6.1/ports/i486-linux-gnu/libxslt/1.1.26/include  -D_FILE_OFFSET_BITS=64   -O3 -fno-fast-math -ggdb3 -Wall -Wextra -Wno-unused-parameter -Wno-parentheses -Wno-long-long -Wno-missing-field-initializers -Wunused-variable -Wpointer-arith -Wwrite-strings -Wdeclaration-after-statement -Wimplicit-function-declaration  -fPIC  -g -DXP_UNIX -O3 -Wall -Wcast-qual -Wwrite-strings -Wconversion -Wmissing-noreturn -Winline -DNOKOGIRI_USE_PACKAGED_LIBRARIES -DNOKOGIRI_LIBXML2_PATH='"/home/asdp/projects/DiscoveryProject/discovery/vendor/ruby/2.1.0/gems/nokogiri-1.6.1/ports/i486-linux-gnu/libxml2/2.8.0"' -DNOKOGIRI_LIBXSLT_PATH='"/home/asdp/projects/DiscoveryProject/discovery/vendor/ruby/2.1.0/gems/nokogiri-1.6.1/ports/i486-linux-gnu/libxslt/1.1.26"' -I/usr/include/libxml2 -I/usr/include/libxml2 conftest.c  -L. -L/home/asdp/.rvm/rubies/ruby-2.1.2/lib -Wl,-R/home/asdp/.rvm/rubies/ruby-2.1.2/lib -L/home/asdp/projects/DiscoveryProject/discovery/vendor/ruby/2.1.0/gems/nokogiri-1.6.1/ports/i486-linux-gnu/libxml2/2.8.0/lib -Wl,-R/home/asdp/projects/DiscoveryProject/discovery/vendor/ruby/2.1.0/gems/nokogiri-1.6.1/ports/i486-linux-gnu/libxml2/2.8.0/lib -L/home/asdp/projects/DiscoveryProject/discovery/vendor/ruby/2.1.0/gems/nokogiri-1.6.1/ports/i486-linux-gnu/libxslt/1.1.26/lib -Wl,-R/home/asdp/projects/DiscoveryProject/discovery/vendor/ruby/2.1.0/gems/nokogiri-1.6.1/ports/i486-linux-gnu/libxslt/1.1.26/lib -L. -fstack-protector -rdynamic -Wl,-export-dynamic -Wl,-rpath,/home/asdp/projects/DiscoveryProject/discovery/vendor/ruby/2.1.0/gems/nokogiri-1.6.1/ports/i486-linux-gnu/libxml2/2.8.0/lib -Wl,-rpath,/home/asdp/projects/DiscoveryProject/discovery/vendor/ruby/2.1.0/gems/nokogiri-1.6.1/ports/i486-linux-gnu/libxslt/1.1.26/lib      -lxml2  -lxslt -lxml2 -lxml2 -Wl,-R -Wl,/home/asdp/.rvm/rubies/ruby-2.1.2/lib -L/home/asdp/.rvm/rubies/ruby-2.1.2/lib -lruby -lxslt -lxml2  -lxslt -lxml2 -lxml2 -lpthread -ldl -lcrypt -lm   -lc "
conftest.c: In function ‘t’:
conftest.c:13:1: warning: implicit declaration of function ‘xsltParseStylesheetDoc’ [-Wimplicit-function-declaration]
 int t(void) { xsltParseStylesheetDoc(); return 0; }
 ^
checked program was:
/* begin */
 1: #include "ruby.h"
 2: 
 3: /*top*/
 4: extern int t(void);
 5: int main(int argc, char **argv)
 6: {
 7:   if (argc > 1000000) {
 8:     printf("%p", &t);
 9:   }
10: 
11:   return 0;
12: }
13: int t(void) { xsltParseStylesheetDoc(); return 0; }
/* end */

--------------------

find_library: checking for exsltFuncRegister() in -lexslt... -------------------- yes

"gcc -o conftest -I/home/asdp/.rvm/rubies/ruby-2.1.2/include/ruby-2.1.0/i686-linux -I/home/asdp/.rvm/rubies/ruby-2.1.2/include/ruby-2.1.0/ruby/backward -I/home/asdp/.rvm/rubies/ruby-2.1.2/include/ruby-2.1.0 -I. -I/home/asdp/projects/DiscoveryProject/discovery/vendor/ruby/2.1.0/gems/nokogiri-1.6.1/ports/i486-linux-gnu/libxml2/2.8.0/include/libxml2 -I/home/asdp/projects/DiscoveryProject/discovery/vendor/ruby/2.1.0/gems/nokogiri-1.6.1/ports/i486-linux-gnu/libxml2/2.8.0/include -I/home/asdp/projects/DiscoveryProject/discovery/vendor/ruby/2.1.0/gems/nokogiri-1.6.1/ports/i486-linux-gnu/libxslt/1.1.26/include  -D_FILE_OFFSET_BITS=64   -O3 -fno-fast-math -ggdb3 -Wall -Wextra -Wno-unused-parameter -Wno-parentheses -Wno-long-long -Wno-missing-field-initializers -Wunused-variable -Wpointer-arith -Wwrite-strings -Wdeclaration-after-statement -Wimplicit-function-declaration  -fPIC  -g -DXP_UNIX -O3 -Wall -Wcast-qual -Wwrite-strings -Wconversion -Wmissing-noreturn -Winline -DNOKOGIRI_USE_PACKAGED_LIBRARIES -DNOKOGIRI_LIBXML2_PATH='"/home/asdp/projects/DiscoveryProject/discovery/vendor/ruby/2.1.0/gems/nokogiri-1.6.1/ports/i486-linux-gnu/libxml2/2.8.0"' -DNOKOGIRI_LIBXSLT_PATH='"/home/asdp/projects/DiscoveryProject/discovery/vendor/ruby/2.1.0/gems/nokogiri-1.6.1/ports/i486-linux-gnu/libxslt/1.1.26"' -I/usr/include/libxml2 -I/usr/include/libxml2 conftest.c  -L. -L/home/asdp/.rvm/rubies/ruby-2.1.2/lib -Wl,-R/home/asdp/.rvm/rubies/ruby-2.1.2/lib -L/home/asdp/projects/DiscoveryProject/discovery/vendor/ruby/2.1.0/gems/nokogiri-1.6.1/ports/i486-linux-gnu/libxml2/2.8.0/lib -Wl,-R/home/asdp/projects/DiscoveryProject/discovery/vendor/ruby/2.1.0/gems/nokogiri-1.6.1/ports/i486-linux-gnu/libxml2/2.8.0/lib -L/home/asdp/projects/DiscoveryProject/discovery/vendor/ruby/2.1.0/gems/nokogiri-1.6.1/ports/i486-linux-gnu/libxslt/1.1.26/lib -Wl,-R/home/asdp/projects/DiscoveryProject/discovery/vendor/ruby/2.1.0/gems/nokogiri-1.6.1/ports/i486-linux-gnu/libxslt/1.1.26/lib -L. -fstack-protector -rdynamic -Wl,-export-dynamic -Wl,-rpath,/home/asdp/projects/DiscoveryProject/discovery/vendor/ruby/2.1.0/gems/nokogiri-1.6.1/ports/i486-linux-gnu/libxml2/2.8.0/lib -Wl,-rpath,/home/asdp/projects/DiscoveryProject/discovery/vendor/ruby/2.1.0/gems/nokogiri-1.6.1/ports/i486-linux-gnu/libxslt/1.1.26/lib      -lxslt -lxml2  -lxslt -lxml2 -lxml2 -Wl,-R -Wl,/home/asdp/.rvm/rubies/ruby-2.1.2/lib -L/home/asdp/.rvm/rubies/ruby-2.1.2/lib -lruby -lexslt -lxslt -lxml2  -lxslt -lxml2 -lxml2 -lpthread -ldl -lcrypt -lm   -lc "
conftest.c: In function ‘t’:
conftest.c:13:57: error: ‘exsltFuncRegister’ undeclared (first use in this function)
 int t(void) { void ((*volatile p)()); p = (void ((*)()))exsltFuncRegister; return 0; }
                                                         ^
conftest.c:13:57: note: each undeclared identifier is reported only once for each function it appears in
conftest.c:13:32: warning: variable ‘p’ set but not used [-Wunused-but-set-variable]
 int t(void) { void ((*volatile p)()); p = (void ((*)()))exsltFuncRegister; return 0; }
                                ^
checked program was:
/* begin */
 1: #include "ruby.h"
 2: 
 3: /*top*/
 4: extern int t(void);
 5: int main(int argc, char **argv)
 6: {
 7:   if (argc > 1000000) {
 8:     printf("%p", &t);
 9:   }
10: 
11:   return 0;
12: }
13: int t(void) { void ((*volatile p)()); p = (void ((*)()))exsltFuncRegister; return 0; }
/* end */

"gcc -o conftest -I/home/asdp/.rvm/rubies/ruby-2.1.2/include/ruby-2.1.0/i686-linux -I/home/asdp/.rvm/rubies/ruby-2.1.2/include/ruby-2.1.0/ruby/backward -I/home/asdp/.rvm/rubies/ruby-2.1.2/include/ruby-2.1.0 -I. -I/home/asdp/projects/DiscoveryProject/discovery/vendor/ruby/2.1.0/gems/nokogiri-1.6.1/ports/i486-linux-gnu/libxml2/2.8.0/include/libxml2 -I/home/asdp/projects/DiscoveryProject/discovery/vendor/ruby/2.1.0/gems/nokogiri-1.6.1/ports/i486-linux-gnu/libxml2/2.8.0/include -I/home/asdp/projects/DiscoveryProject/discovery/vendor/ruby/2.1.0/gems/nokogiri-1.6.1/ports/i486-linux-gnu/libxslt/1.1.26/include  -D_FILE_OFFSET_BITS=64   -O3 -fno-fast-math -ggdb3 -Wall -Wextra -Wno-unused-parameter -Wno-parentheses -Wno-long-long -Wno-missing-field-initializers -Wunused-variable -Wpointer-arith -Wwrite-strings -Wdeclaration-after-statement -Wimplicit-function-declaration  -fPIC  -g -DXP_UNIX -O3 -Wall -Wcast-qual -Wwrite-strings -Wconversion -Wmissing-noreturn -Winline -DNOKOGIRI_USE_PACKAGED_LIBRARIES -DNOKOGIRI_LIBXML2_PATH='"/home/asdp/projects/DiscoveryProject/discovery/vendor/ruby/2.1.0/gems/nokogiri-1.6.1/ports/i486-linux-gnu/libxml2/2.8.0"' -DNOKOGIRI_LIBXSLT_PATH='"/home/asdp/projects/DiscoveryProject/discovery/vendor/ruby/2.1.0/gems/nokogiri-1.6.1/ports/i486-linux-gnu/libxslt/1.1.26"' -I/usr/include/libxml2 -I/usr/include/libxml2 conftest.c  -L. -L/home/asdp/.rvm/rubies/ruby-2.1.2/lib -Wl,-R/home/asdp/.rvm/rubies/ruby-2.1.2/lib -L/home/asdp/projects/DiscoveryProject/discovery/vendor/ruby/2.1.0/gems/nokogiri-1.6.1/ports/i486-linux-gnu/libxml2/2.8.0/lib -Wl,-R/home/asdp/projects/DiscoveryProject/discovery/vendor/ruby/2.1.0/gems/nokogiri-1.6.1/ports/i486-linux-gnu/libxml2/2.8.0/lib -L/home/asdp/projects/DiscoveryProject/discovery/vendor/ruby/2.1.0/gems/nokogiri-1.6.1/ports/i486-linux-gnu/libxslt/1.1.26/lib -Wl,-R/home/asdp/projects/DiscoveryProject/discovery/vendor/ruby/2.1.0/gems/nokogiri-1.6.1/ports/i486-linux-gnu/libxslt/1.1.26/lib -L. -fstack-protector -rdynamic -Wl,-export-dynamic -Wl,-rpath,/home/asdp/projects/DiscoveryProject/discovery/vendor/ruby/2.1.0/gems/nokogiri-1.6.1/ports/i486-linux-gnu/libxml2/2.8.0/lib -Wl,-rpath,/home/asdp/projects/DiscoveryProject/discovery/vendor/ruby/2.1.0/gems/nokogiri-1.6.1/ports/i486-linux-gnu/libxslt/1.1.26/lib      -lxslt -lxml2  -lxslt -lxml2 -lxml2 -Wl,-R -Wl,/home/asdp/.rvm/rubies/ruby-2.1.2/lib -L/home/asdp/.rvm/rubies/ruby-2.1.2/lib -lruby -lexslt -lxslt -lxml2  -lxslt -lxml2 -lxml2 -lpthread -ldl -lcrypt -lm   -lc "
conftest.c: In function ‘t’:
conftest.c:13:1: warning: implicit declaration of function ‘exsltFuncRegister’ [-Wimplicit-function-declaration]
 int t(void) { exsltFuncRegister(); return 0; }
 ^
checked program was:
/* begin */
 1: #include "ruby.h"
 2: 
 3: /*top*/
 4: extern int t(void);
 5: int main(int argc, char **argv)
 6: {
 7:   if (argc > 1000000) {
 8:     printf("%p", &t);
 9:   }
10: 
11:   return 0;
12: }
13: int t(void) { exsltFuncRegister(); return 0; }
/* end */

--------------------

have_func: checking for xmlHasFeature()... -------------------- yes

"gcc -o conftest -I/home/asdp/.rvm/rubies/ruby-2.1.2/include/ruby-2.1.0/i686-linux -I/home/asdp/.rvm/rubies/ruby-2.1.2/include/ruby-2.1.0/ruby/backward -I/home/asdp/.rvm/rubies/ruby-2.1.2/include/ruby-2.1.0 -I. -I/home/asdp/projects/DiscoveryProject/discovery/vendor/ruby/2.1.0/gems/nokogiri-1.6.1/ports/i486-linux-gnu/libxml2/2.8.0/include/libxml2 -I/home/asdp/projects/DiscoveryProject/discovery/vendor/ruby/2.1.0/gems/nokogiri-1.6.1/ports/i486-linux-gnu/libxml2/2.8.0/include -I/home/asdp/projects/DiscoveryProject/discovery/vendor/ruby/2.1.0/gems/nokogiri-1.6.1/ports/i486-linux-gnu/libxslt/1.1.26/include  -D_FILE_OFFSET_BITS=64   -O3 -fno-fast-math -ggdb3 -Wall -Wextra -Wno-unused-parameter -Wno-parentheses -Wno-long-long -Wno-missing-field-initializers -Wunused-variable -Wpointer-arith -Wwrite-strings -Wdeclaration-after-statement -Wimplicit-function-declaration  -fPIC  -g -DXP_UNIX -O3 -Wall -Wcast-qual -Wwrite-strings -Wconversion -Wmissing-noreturn -Winline -DNOKOGIRI_USE_PACKAGED_LIBRARIES -DNOKOGIRI_LIBXML2_PATH='"/home/asdp/projects/DiscoveryProject/discovery/vendor/ruby/2.1.0/gems/nokogiri-1.6.1/ports/i486-linux-gnu/libxml2/2.8.0"' -DNOKOGIRI_LIBXSLT_PATH='"/home/asdp/projects/DiscoveryProject/discovery/vendor/ruby/2.1.0/gems/nokogiri-1.6.1/ports/i486-linux-gnu/libxslt/1.1.26"' -I/usr/include/libxml2 -I/usr/include/libxml2 conftest.c  -L. -L/home/asdp/.rvm/rubies/ruby-2.1.2/lib -Wl,-R/home/asdp/.rvm/rubies/ruby-2.1.2/lib -L/home/asdp/projects/DiscoveryProject/discovery/vendor/ruby/2.1.0/gems/nokogiri-1.6.1/ports/i486-linux-gnu/libxml2/2.8.0/lib -Wl,-R/home/asdp/projects/DiscoveryProject/discovery/vendor/ruby/2.1.0/gems/nokogiri-1.6.1/ports/i486-linux-gnu/libxml2/2.8.0/lib -L/home/asdp/projects/DiscoveryProject/discovery/vendor/ruby/2.1.0/gems/nokogiri-1.6.1/ports/i486-linux-gnu/libxslt/1.1.26/lib -Wl,-R/home/asdp/projects/DiscoveryProject/discovery/vendor/ruby/2.1.0/gems/nokogiri-1.6.1/ports/i486-linux-gnu/libxslt/1.1.26/lib -L. -fstack-protector -rdynamic -Wl,-export-dynamic -Wl,-rpath,/home/asdp/projects/DiscoveryProject/discovery/vendor/ruby/2.1.0/gems/nokogiri-1.6.1/ports/i486-linux-gnu/libxml2/2.8.0/lib -Wl,-rpath,/home/asdp/projects/DiscoveryProject/discovery/vendor/ruby/2.1.0/gems/nokogiri-1.6.1/ports/i486-linux-gnu/libxslt/1.1.26/lib      -lexslt -lxslt -lxml2  -lxslt -lxml2 -lxml2 -Wl,-R -Wl,/home/asdp/.rvm/rubies/ruby-2.1.2/lib -L/home/asdp/.rvm/rubies/ruby-2.1.2/lib -lruby -lexslt -lxslt -lxml2  -lxslt -lxml2 -lxml2 -lpthread -ldl -lcrypt -lm   -lc "
conftest.c: In function ‘t’:
conftest.c:13:57: error: ‘xmlHasFeature’ undeclared (first use in this function)
 int t(void) { void ((*volatile p)()); p = (void ((*)()))xmlHasFeature; return 0; }
                                                         ^
conftest.c:13:57: note: each undeclared identifier is reported only once for each function it appears in
conftest.c:13:32: warning: variable ‘p’ set but not used [-Wunused-but-set-variable]
 int t(void) { void ((*volatile p)()); p = (void ((*)()))xmlHasFeature; return 0; }
                                ^
checked program was:
/* begin */
 1: #include "ruby.h"
 2: 
 3: /*top*/
 4: extern int t(void);
 5: int main(int argc, char **argv)
 6: {
 7:   if (argc > 1000000) {
 8:     printf("%p", &t);
 9:   }
10: 
11:   return 0;
12: }
13: int t(void) { void ((*volatile p)()); p = (void ((*)()))xmlHasFeature; return 0; }
/* end */

"gcc -o conftest -I/home/asdp/.rvm/rubies/ruby-2.1.2/include/ruby-2.1.0/i686-linux -I/home/asdp/.rvm/rubies/ruby-2.1.2/include/ruby-2.1.0/ruby/backward -I/home/asdp/.rvm/rubies/ruby-2.1.2/include/ruby-2.1.0 -I. -I/home/asdp/projects/DiscoveryProject/discovery/vendor/ruby/2.1.0/gems/nokogiri-1.6.1/ports/i486-linux-gnu/libxml2/2.8.0/include/libxml2 -I/home/asdp/projects/DiscoveryProject/discovery/vendor/ruby/2.1.0/gems/nokogiri-1.6.1/ports/i486-linux-gnu/libxml2/2.8.0/include -I/home/asdp/projects/DiscoveryProject/discovery/vendor/ruby/2.1.0/gems/nokogiri-1.6.1/ports/i486-linux-gnu/libxslt/1.1.26/include  -D_FILE_OFFSET_BITS=64   -O3 -fno-fast-math -ggdb3 -Wall -Wextra -Wno-unused-parameter -Wno-parentheses -Wno-long-long -Wno-missing-field-initializers -Wunused-variable -Wpointer-arith -Wwrite-strings -Wdeclaration-after-statement -Wimplicit-function-declaration  -fPIC  -g -DXP_UNIX -O3 -Wall -Wcast-qual -Wwrite-strings -Wconversion -Wmissing-noreturn -Winline -DNOKOGIRI_USE_PACKAGED_LIBRARIES -DNOKOGIRI_LIBXML2_PATH='"/home/asdp/projects/DiscoveryProject/discovery/vendor/ruby/2.1.0/gems/nokogiri-1.6.1/ports/i486-linux-gnu/libxml2/2.8.0"' -DNOKOGIRI_LIBXSLT_PATH='"/home/asdp/projects/DiscoveryProject/discovery/vendor/ruby/2.1.0/gems/nokogiri-1.6.1/ports/i486-linux-gnu/libxslt/1.1.26"' -I/usr/include/libxml2 -I/usr/include/libxml2 conftest.c  -L. -L/home/asdp/.rvm/rubies/ruby-2.1.2/lib -Wl,-R/home/asdp/.rvm/rubies/ruby-2.1.2/lib -L/home/asdp/projects/DiscoveryProject/discovery/vendor/ruby/2.1.0/gems/nokogiri-1.6.1/ports/i486-linux-gnu/libxml2/2.8.0/lib -Wl,-R/home/asdp/projects/DiscoveryProject/discovery/vendor/ruby/2.1.0/gems/nokogiri-1.6.1/ports/i486-linux-gnu/libxml2/2.8.0/lib -L/home/asdp/projects/DiscoveryProject/discovery/vendor/ruby/2.1.0/gems/nokogiri-1.6.1/ports/i486-linux-gnu/libxslt/1.1.26/lib -Wl,-R/home/asdp/projects/DiscoveryProject/discovery/vendor/ruby/2.1.0/gems/nokogiri-1.6.1/ports/i486-linux-gnu/libxslt/1.1.26/lib -L. -fstack-protector -rdynamic -Wl,-export-dynamic -Wl,-rpath,/home/asdp/projects/DiscoveryProject/discovery/vendor/ruby/2.1.0/gems/nokogiri-1.6.1/ports/i486-linux-gnu/libxml2/2.8.0/lib -Wl,-rpath,/home/asdp/projects/DiscoveryProject/discovery/vendor/ruby/2.1.0/gems/nokogiri-1.6.1/ports/i486-linux-gnu/libxslt/1.1.26/lib      -lexslt -lxslt -lxml2  -lxslt -lxml2 -lxml2 -Wl,-R -Wl,/home/asdp/.rvm/rubies/ruby-2.1.2/lib -L/home/asdp/.rvm/rubies/ruby-2.1.2/lib -lruby -lexslt -lxslt -lxml2  -lxslt -lxml2 -lxml2 -lpthread -ldl -lcrypt -lm   -lc "
conftest.c: In function ‘t’:
conftest.c:13:1: warning: implicit declaration of function ‘xmlHasFeature’ [-Wimplicit-function-declaration]
 int t(void) { xmlHasFeature(); return 0; }
 ^
checked program was:
/* begin */
 1: #include "ruby.h"
 2: 
 3: /*top*/
 4: extern int t(void);
 5: int main(int argc, char **argv)
 6: {
 7:   if (argc > 1000000) {
 8:     printf("%p", &t);
 9:   }
10: 
11:   return 0;
12: }
13: int t(void) { xmlHasFeature(); return 0; }
/* end */

--------------------

have_func: checking for xmlFirstElementChild()... -------------------- yes

"gcc -o conftest -I/home/asdp/.rvm/rubies/ruby-2.1.2/include/ruby-2.1.0/i686-linux -I/home/asdp/.rvm/rubies/ruby-2.1.2/include/ruby-2.1.0/ruby/backward -I/home/asdp/.rvm/rubies/ruby-2.1.2/include/ruby-2.1.0 -I. -I/home/asdp/projects/DiscoveryProject/discovery/vendor/ruby/2.1.0/gems/nokogiri-1.6.1/ports/i486-linux-gnu/libxml2/2.8.0/include/libxml2 -I/home/asdp/projects/DiscoveryProject/discovery/vendor/ruby/2.1.0/gems/nokogiri-1.6.1/ports/i486-linux-gnu/libxml2/2.8.0/include -I/home/asdp/projects/DiscoveryProject/discovery/vendor/ruby/2.1.0/gems/nokogiri-1.6.1/ports/i486-linux-gnu/libxslt/1.1.26/include  -D_FILE_OFFSET_BITS=64   -O3 -fno-fast-math -ggdb3 -Wall -Wextra -Wno-unused-parameter -Wno-parentheses -Wno-long-long -Wno-missing-field-initializers -Wunused-variable -Wpointer-arith -Wwrite-strings -Wdeclaration-after-statement -Wimplicit-function-declaration  -fPIC  -g -DXP_UNIX -O3 -Wall -Wcast-qual -Wwrite-strings -Wconversion -Wmissing-noreturn -Winline -DNOKOGIRI_USE_PACKAGED_LIBRARIES -DNOKOGIRI_LIBXML2_PATH='"/home/asdp/projects/DiscoveryProject/discovery/vendor/ruby/2.1.0/gems/nokogiri-1.6.1/ports/i486-linux-gnu/libxml2/2.8.0"' -DNOKOGIRI_LIBXSLT_PATH='"/home/asdp/projects/DiscoveryProject/discovery/vendor/ruby/2.1.0/gems/nokogiri-1.6.1/ports/i486-linux-gnu/libxslt/1.1.26"' -I/usr/include/libxml2 -I/usr/include/libxml2 conftest.c  -L. -L/home/asdp/.rvm/rubies/ruby-2.1.2/lib -Wl,-R/home/asdp/.rvm/rubies/ruby-2.1.2/lib -L/home/asdp/projects/DiscoveryProject/discovery/vendor/ruby/2.1.0/gems/nokogiri-1.6.1/ports/i486-linux-gnu/libxml2/2.8.0/lib -Wl,-R/home/asdp/projects/DiscoveryProject/discovery/vendor/ruby/2.1.0/gems/nokogiri-1.6.1/ports/i486-linux-gnu/libxml2/2.8.0/lib -L/home/asdp/projects/DiscoveryProject/discovery/vendor/ruby/2.1.0/gems/nokogiri-1.6.1/ports/i486-linux-gnu/libxslt/1.1.26/lib -Wl,-R/home/asdp/projects/DiscoveryProject/discovery/vendor/ruby/2.1.0/gems/nokogiri-1.6.1/ports/i486-linux-gnu/libxslt/1.1.26/lib -L. -fstack-protector -rdynamic -Wl,-export-dynamic -Wl,-rpath,/home/asdp/projects/DiscoveryProject/discovery/vendor/ruby/2.1.0/gems/nokogiri-1.6.1/ports/i486-linux-gnu/libxml2/2.8.0/lib -Wl,-rpath,/home/asdp/projects/DiscoveryProject/discovery/vendor/ruby/2.1.0/gems/nokogiri-1.6.1/ports/i486-linux-gnu/libxslt/1.1.26/lib      -lexslt -lxslt -lxml2  -lxslt -lxml2 -lxml2 -Wl,-R -Wl,/home/asdp/.rvm/rubies/ruby-2.1.2/lib -L/home/asdp/.rvm/rubies/ruby-2.1.2/lib -lruby -lexslt -lxslt -lxml2  -lxslt -lxml2 -lxml2 -lpthread -ldl -lcrypt -lm   -lc "
conftest.c: In function ‘t’:
conftest.c:13:57: error: ‘xmlFirstElementChild’ undeclared (first use in this function)
 int t(void) { void ((*volatile p)()); p = (void ((*)()))xmlFirstElementChild; return 0; }
                                                         ^
conftest.c:13:57: note: each undeclared identifier is reported only once for each function it appears in
conftest.c:13:32: warning: variable ‘p’ set but not used [-Wunused-but-set-variable]
 int t(void) { void ((*volatile p)()); p = (void ((*)()))xmlFirstElementChild; return 0; }
                                ^
checked program was:
/* begin */
 1: #include "ruby.h"
 2: 
 3: /*top*/
 4: extern int t(void);
 5: int main(int argc, char **argv)
 6: {
 7:   if (argc > 1000000) {
 8:     printf("%p", &t);
 9:   }
10: 
11:   return 0;
12: }
13: int t(void) { void ((*volatile p)()); p = (void ((*)()))xmlFirstElementChild; return 0; }
/* end */

"gcc -o conftest -I/home/asdp/.rvm/rubies/ruby-2.1.2/include/ruby-2.1.0/i686-linux -I/home/asdp/.rvm/rubies/ruby-2.1.2/include/ruby-2.1.0/ruby/backward -I/home/asdp/.rvm/rubies/ruby-2.1.2/include/ruby-2.1.0 -I. -I/home/asdp/projects/DiscoveryProject/discovery/vendor/ruby/2.1.0/gems/nokogiri-1.6.1/ports/i486-linux-gnu/libxml2/2.8.0/include/libxml2 -I/home/asdp/projects/DiscoveryProject/discovery/vendor/ruby/2.1.0/gems/nokogiri-1.6.1/ports/i486-linux-gnu/libxml2/2.8.0/include -I/home/asdp/projects/DiscoveryProject/discovery/vendor/ruby/2.1.0/gems/nokogiri-1.6.1/ports/i486-linux-gnu/libxslt/1.1.26/include  -D_FILE_OFFSET_BITS=64   -O3 -fno-fast-math -ggdb3 -Wall -Wextra -Wno-unused-parameter -Wno-parentheses -Wno-long-long -Wno-missing-field-initializers -Wunused-variable -Wpointer-arith -Wwrite-strings -Wdeclaration-after-statement -Wimplicit-function-declaration  -fPIC  -g -DXP_UNIX -O3 -Wall -Wcast-qual -Wwrite-strings -Wconversion -Wmissing-noreturn -Winline -DNOKOGIRI_USE_PACKAGED_LIBRARIES -DNOKOGIRI_LIBXML2_PATH='"/home/asdp/projects/DiscoveryProject/discovery/vendor/ruby/2.1.0/gems/nokogiri-1.6.1/ports/i486-linux-gnu/libxml2/2.8.0"' -DNOKOGIRI_LIBXSLT_PATH='"/home/asdp/projects/DiscoveryProject/discovery/vendor/ruby/2.1.0/gems/nokogiri-1.6.1/ports/i486-linux-gnu/libxslt/1.1.26"' -I/usr/include/libxml2 -I/usr/include/libxml2 conftest.c  -L. -L/home/asdp/.rvm/rubies/ruby-2.1.2/lib -Wl,-R/home/asdp/.rvm/rubies/ruby-2.1.2/lib -L/home/asdp/projects/DiscoveryProject/discovery/vendor/ruby/2.1.0/gems/nokogiri-1.6.1/ports/i486-linux-gnu/libxml2/2.8.0/lib -Wl,-R/home/asdp/projects/DiscoveryProject/discovery/vendor/ruby/2.1.0/gems/nokogiri-1.6.1/ports/i486-linux-gnu/libxml2/2.8.0/lib -L/home/asdp/projects/DiscoveryProject/discovery/vendor/ruby/2.1.0/gems/nokogiri-1.6.1/ports/i486-linux-gnu/libxslt/1.1.26/lib -Wl,-R/home/asdp/projects/DiscoveryProject/discovery/vendor/ruby/2.1.0/gems/nokogiri-1.6.1/ports/i486-linux-gnu/libxslt/1.1.26/lib -L. -fstack-protector -rdynamic -Wl,-export-dynamic -Wl,-rpath,/home/asdp/projects/DiscoveryProject/discovery/vendor/ruby/2.1.0/gems/nokogiri-1.6.1/ports/i486-linux-gnu/libxml2/2.8.0/lib -Wl,-rpath,/home/asdp/projects/DiscoveryProject/discovery/vendor/ruby/2.1.0/gems/nokogiri-1.6.1/ports/i486-linux-gnu/libxslt/1.1.26/lib      -lexslt -lxslt -lxml2  -lxslt -lxml2 -lxml2 -Wl,-R -Wl,/home/asdp/.rvm/rubies/ruby-2.1.2/lib -L/home/asdp/.rvm/rubies/ruby-2.1.2/lib -lruby -lexslt -lxslt -lxml2  -lxslt -lxml2 -lxml2 -lpthread -ldl -lcrypt -lm   -lc "
conftest.c: In function ‘t’:
conftest.c:13:1: warning: implicit declaration of function ‘xmlFirstElementChild’ [-Wimplicit-function-declaration]
 int t(void) { xmlFirstElementChild(); return 0; }
 ^
checked program was:
/* begin */
 1: #include "ruby.h"
 2: 
 3: /*top*/
 4: extern int t(void);
 5: int main(int argc, char **argv)
 6: {
 7:   if (argc > 1000000) {
 8:     printf("%p", &t);
 9:   }
10: 
11:   return 0;
12: }
13: int t(void) { xmlFirstElementChild(); return 0; }
/* end */

--------------------

have_func: checking for xmlRelaxNGSetParserStructuredErrors()... -------------------- yes

"gcc -o conftest -I/home/asdp/.rvm/rubies/ruby-2.1.2/include/ruby-2.1.0/i686-linux -I/home/asdp/.rvm/rubies/ruby-2.1.2/include/ruby-2.1.0/ruby/backward -I/home/asdp/.rvm/rubies/ruby-2.1.2/include/ruby-2.1.0 -I. -I/home/asdp/projects/DiscoveryProject/discovery/vendor/ruby/2.1.0/gems/nokogiri-1.6.1/ports/i486-linux-gnu/libxml2/2.8.0/include/libxml2 -I/home/asdp/projects/DiscoveryProject/discovery/vendor/ruby/2.1.0/gems/nokogiri-1.6.1/ports/i486-linux-gnu/libxml2/2.8.0/include -I/home/asdp/projects/DiscoveryProject/discovery/vendor/ruby/2.1.0/gems/nokogiri-1.6.1/ports/i486-linux-gnu/libxslt/1.1.26/include  -D_FILE_OFFSET_BITS=64   -O3 -fno-fast-math -ggdb3 -Wall -Wextra -Wno-unused-parameter -Wno-parentheses -Wno-long-long -Wno-missing-field-initializers -Wunused-variable -Wpointer-arith -Wwrite-strings -Wdeclaration-after-statement -Wimplicit-function-declaration  -fPIC  -g -DXP_UNIX -O3 -Wall -Wcast-qual -Wwrite-strings -Wconversion -Wmissing-noreturn -Winline -DNOKOGIRI_USE_PACKAGED_LIBRARIES -DNOKOGIRI_LIBXML2_PATH='"/home/asdp/projects/DiscoveryProject/discovery/vendor/ruby/2.1.0/gems/nokogiri-1.6.1/ports/i486-linux-gnu/libxml2/2.8.0"' -DNOKOGIRI_LIBXSLT_PATH='"/home/asdp/projects/DiscoveryProject/discovery/vendor/ruby/2.1.0/gems/nokogiri-1.6.1/ports/i486-linux-gnu/libxslt/1.1.26"' -I/usr/include/libxml2 -I/usr/include/libxml2 conftest.c  -L. -L/home/asdp/.rvm/rubies/ruby-2.1.2/lib -Wl,-R/home/asdp/.rvm/rubies/ruby-2.1.2/lib -L/home/asdp/projects/DiscoveryProject/discovery/vendor/ruby/2.1.0/gems/nokogiri-1.6.1/ports/i486-linux-gnu/libxml2/2.8.0/lib -Wl,-R/home/asdp/projects/DiscoveryProject/discovery/vendor/ruby/2.1.0/gems/nokogiri-1.6.1/ports/i486-linux-gnu/libxml2/2.8.0/lib -L/home/asdp/projects/DiscoveryProject/discovery/vendor/ruby/2.1.0/gems/nokogiri-1.6.1/ports/i486-linux-gnu/libxslt/1.1.26/lib -Wl,-R/home/asdp/projects/DiscoveryProject/discovery/vendor/ruby/2.1.0/gems/nokogiri-1.6.1/ports/i486-linux-gnu/libxslt/1.1.26/lib -L. -fstack-protector -rdynamic -Wl,-export-dynamic -Wl,-rpath,/home/asdp/projects/DiscoveryProject/discovery/vendor/ruby/2.1.0/gems/nokogiri-1.6.1/ports/i486-linux-gnu/libxml2/2.8.0/lib -Wl,-rpath,/home/asdp/projects/DiscoveryProject/discovery/vendor/ruby/2.1.0/gems/nokogiri-1.6.1/ports/i486-linux-gnu/libxslt/1.1.26/lib      -lexslt -lxslt -lxml2  -lxslt -lxml2 -lxml2 -Wl,-R -Wl,/home/asdp/.rvm/rubies/ruby-2.1.2/lib -L/home/asdp/.rvm/rubies/ruby-2.1.2/lib -lruby -lexslt -lxslt -lxml2  -lxslt -lxml2 -lxml2 -lpthread -ldl -lcrypt -lm   -lc "
conftest.c: In function ‘t’:
conftest.c:13:57: error: ‘xmlRelaxNGSetParserStructuredErrors’ undeclared (first use in this function)
 int t(void) { void ((*volatile p)()); p = (void ((*)()))xmlRelaxNGSetParserStructuredErrors; return 0; }
                                                         ^
conftest.c:13:57: note: each undeclared identifier is reported only once for each function it appears in
conftest.c:13:32: warning: variable ‘p’ set but not used [-Wunused-but-set-variable]
 int t(void) { void ((*volatile p)()); p = (void ((*)()))xmlRelaxNGSetParserStructuredErrors; return 0; }
                                ^
checked program was:
/* begin */
 1: #include "ruby.h"
 2: 
 3: /*top*/
 4: extern int t(void);
 5: int main(int argc, char **argv)
 6: {
 7:   if (argc > 1000000) {
 8:     printf("%p", &t);
 9:   }
10: 
11:   return 0;
12: }
13: int t(void) { void ((*volatile p)()); p = (void ((*)()))xmlRelaxNGSetParserStructuredErrors; return 0; }
/* end */

"gcc -o conftest -I/home/asdp/.rvm/rubies/ruby-2.1.2/include/ruby-2.1.0/i686-linux -I/home/asdp/.rvm/rubies/ruby-2.1.2/include/ruby-2.1.0/ruby/backward -I/home/asdp/.rvm/rubies/ruby-2.1.2/include/ruby-2.1.0 -I. -I/home/asdp/projects/DiscoveryProject/discovery/vendor/ruby/2.1.0/gems/nokogiri-1.6.1/ports/i486-linux-gnu/libxml2/2.8.0/include/libxml2 -I/home/asdp/projects/DiscoveryProject/discovery/vendor/ruby/2.1.0/gems/nokogiri-1.6.1/ports/i486-linux-gnu/libxml2/2.8.0/include -I/home/asdp/projects/DiscoveryProject/discovery/vendor/ruby/2.1.0/gems/nokogiri-1.6.1/ports/i486-linux-gnu/libxslt/1.1.26/include  -D_FILE_OFFSET_BITS=64   -O3 -fno-fast-math -ggdb3 -Wall -Wextra -Wno-unused-parameter -Wno-parentheses -Wno-long-long -Wno-missing-field-initializers -Wunused-variable -Wpointer-arith -Wwrite-strings -Wdeclaration-after-statement -Wimplicit-function-declaration  -fPIC  -g -DXP_UNIX -O3 -Wall -Wcast-qual -Wwrite-strings -Wconversion -Wmissing-noreturn -Winline -DNOKOGIRI_USE_PACKAGED_LIBRARIES -DNOKOGIRI_LIBXML2_PATH='"/home/asdp/projects/DiscoveryProject/discovery/vendor/ruby/2.1.0/gems/nokogiri-1.6.1/ports/i486-linux-gnu/libxml2/2.8.0"' -DNOKOGIRI_LIBXSLT_PATH='"/home/asdp/projects/DiscoveryProject/discovery/vendor/ruby/2.1.0/gems/nokogiri-1.6.1/ports/i486-linux-gnu/libxslt/1.1.26"' -I/usr/include/libxml2 -I/usr/include/libxml2 conftest.c  -L. -L/home/asdp/.rvm/rubies/ruby-2.1.2/lib -Wl,-R/home/asdp/.rvm/rubies/ruby-2.1.2/lib -L/home/asdp/projects/DiscoveryProject/discovery/vendor/ruby/2.1.0/gems/nokogiri-1.6.1/ports/i486-linux-gnu/libxml2/2.8.0/lib -Wl,-R/home/asdp/projects/DiscoveryProject/discovery/vendor/ruby/2.1.0/gems/nokogiri-1.6.1/ports/i486-linux-gnu/libxml2/2.8.0/lib -L/home/asdp/projects/DiscoveryProject/discovery/vendor/ruby/2.1.0/gems/nokogiri-1.6.1/ports/i486-linux-gnu/libxslt/1.1.26/lib -Wl,-R/home/asdp/projects/DiscoveryProject/discovery/vendor/ruby/2.1.0/gems/nokogiri-1.6.1/ports/i486-linux-gnu/libxslt/1.1.26/lib -L. -fstack-protector -rdynamic -Wl,-export-dynamic -Wl,-rpath,/home/asdp/projects/DiscoveryProject/discovery/vendor/ruby/2.1.0/gems/nokogiri-1.6.1/ports/i486-linux-gnu/libxml2/2.8.0/lib -Wl,-rpath,/home/asdp/projects/DiscoveryProject/discovery/vendor/ruby/2.1.0/gems/nokogiri-1.6.1/ports/i486-linux-gnu/libxslt/1.1.26/lib      -lexslt -lxslt -lxml2  -lxslt -lxml2 -lxml2 -Wl,-R -Wl,/home/asdp/.rvm/rubies/ruby-2.1.2/lib -L/home/asdp/.rvm/rubies/ruby-2.1.2/lib -lruby -lexslt -lxslt -lxml2  -lxslt -lxml2 -lxml2 -lpthread -ldl -lcrypt -lm   -lc "
conftest.c: In function ‘t’:
conftest.c:13:1: warning: implicit declaration of function ‘xmlRelaxNGSetParserStructuredErrors’ [-Wimplicit-function-declaration]
 int t(void) { xmlRelaxNGSetParserStructuredErrors(); return 0; }
 ^
checked program was:
/* begin */
 1: #include "ruby.h"
 2: 
 3: /*top*/
 4: extern int t(void);
 5: int main(int argc, char **argv)
 6: {
 7:   if (argc > 1000000) {
 8:     printf("%p", &t);
 9:   }
10: 
11:   return 0;
12: }
13: int t(void) { xmlRelaxNGSetParserStructuredErrors(); return 0; }
/* end */

--------------------

have_func: checking for xmlRelaxNGSetParserStructuredErrors()... -------------------- yes

"gcc -o conftest -I/home/asdp/.rvm/rubies/ruby-2.1.2/include/ruby-2.1.0/i686-linux -I/home/asdp/.rvm/rubies/ruby-2.1.2/include/ruby-2.1.0/ruby/backward -I/home/asdp/.rvm/rubies/ruby-2.1.2/include/ruby-2.1.0 -I. -I/home/asdp/projects/DiscoveryProject/discovery/vendor/ruby/2.1.0/gems/nokogiri-1.6.1/ports/i486-linux-gnu/libxml2/2.8.0/include/libxml2 -I/home/asdp/projects/DiscoveryProject/discovery/vendor/ruby/2.1.0/gems/nokogiri-1.6.1/ports/i486-linux-gnu/libxml2/2.8.0/include -I/home/asdp/projects/DiscoveryProject/discovery/vendor/ruby/2.1.0/gems/nokogiri-1.6.1/ports/i486-linux-gnu/libxslt/1.1.26/include  -D_FILE_OFFSET_BITS=64   -O3 -fno-fast-math -ggdb3 -Wall -Wextra -Wno-unused-parameter -Wno-parentheses -Wno-long-long -Wno-missing-field-initializers -Wunused-variable -Wpointer-arith -Wwrite-strings -Wdeclaration-after-statement -Wimplicit-function-declaration  -fPIC  -g -DXP_UNIX -O3 -Wall -Wcast-qual -Wwrite-strings -Wconversion -Wmissing-noreturn -Winline -DNOKOGIRI_USE_PACKAGED_LIBRARIES -DNOKOGIRI_LIBXML2_PATH='"/home/asdp/projects/DiscoveryProject/discovery/vendor/ruby/2.1.0/gems/nokogiri-1.6.1/ports/i486-linux-gnu/libxml2/2.8.0"' -DNOKOGIRI_LIBXSLT_PATH='"/home/asdp/projects/DiscoveryProject/discovery/vendor/ruby/2.1.0/gems/nokogiri-1.6.1/ports/i486-linux-gnu/libxslt/1.1.26"' -I/usr/include/libxml2 -I/usr/include/libxml2 conftest.c  -L. -L/home/asdp/.rvm/rubies/ruby-2.1.2/lib -Wl,-R/home/asdp/.rvm/rubies/ruby-2.1.2/lib -L/home/asdp/projects/DiscoveryProject/discovery/vendor/ruby/2.1.0/gems/nokogiri-1.6.1/ports/i486-linux-gnu/libxml2/2.8.0/lib -Wl,-R/home/asdp/projects/DiscoveryProject/discovery/vendor/ruby/2.1.0/gems/nokogiri-1.6.1/ports/i486-linux-gnu/libxml2/2.8.0/lib -L/home/asdp/projects/DiscoveryProject/discovery/vendor/ruby/2.1.0/gems/nokogiri-1.6.1/ports/i486-linux-gnu/libxslt/1.1.26/lib -Wl,-R/home/asdp/projects/DiscoveryProject/discovery/vendor/ruby/2.1.0/gems/nokogiri-1.6.1/ports/i486-linux-gnu/libxslt/1.1.26/lib -L. -fstack-protector -rdynamic -Wl,-export-dynamic -Wl,-rpath,/home/asdp/projects/DiscoveryProject/discovery/vendor/ruby/2.1.0/gems/nokogiri-1.6.1/ports/i486-linux-gnu/libxml2/2.8.0/lib -Wl,-rpath,/home/asdp/projects/DiscoveryProject/discovery/vendor/ruby/2.1.0/gems/nokogiri-1.6.1/ports/i486-linux-gnu/libxslt/1.1.26/lib      -lexslt -lxslt -lxml2  -lxslt -lxml2 -lxml2 -Wl,-R -Wl,/home/asdp/.rvm/rubies/ruby-2.1.2/lib -L/home/asdp/.rvm/rubies/ruby-2.1.2/lib -lruby -lexslt -lxslt -lxml2  -lxslt -lxml2 -lxml2 -lpthread -ldl -lcrypt -lm   -lc "
conftest.c: In function ‘t’:
conftest.c:13:57: error: ‘xmlRelaxNGSetParserStructuredErrors’ undeclared (first use in this function)
 int t(void) { void ((*volatile p)()); p = (void ((*)()))xmlRelaxNGSetParserStructuredErrors; return 0; }
                                                         ^
conftest.c:13:57: note: each undeclared identifier is reported only once for each function it appears in
conftest.c:13:32: warning: variable ‘p’ set but not used [-Wunused-but-set-variable]
 int t(void) { void ((*volatile p)()); p = (void ((*)()))xmlRelaxNGSetParserStructuredErrors; return 0; }
                                ^
checked program was:
/* begin */
 1: #include "ruby.h"
 2: 
 3: /*top*/
 4: extern int t(void);
 5: int main(int argc, char **argv)
 6: {
 7:   if (argc > 1000000) {
 8:     printf("%p", &t);
 9:   }
10: 
11:   return 0;
12: }
13: int t(void) { void ((*volatile p)()); p = (void ((*)()))xmlRelaxNGSetParserStructuredErrors; return 0; }
/* end */

"gcc -o conftest -I/home/asdp/.rvm/rubies/ruby-2.1.2/include/ruby-2.1.0/i686-linux -I/home/asdp/.rvm/rubies/ruby-2.1.2/include/ruby-2.1.0/ruby/backward -I/home/asdp/.rvm/rubies/ruby-2.1.2/include/ruby-2.1.0 -I. -I/home/asdp/projects/DiscoveryProject/discovery/vendor/ruby/2.1.0/gems/nokogiri-1.6.1/ports/i486-linux-gnu/libxml2/2.8.0/include/libxml2 -I/home/asdp/projects/DiscoveryProject/discovery/vendor/ruby/2.1.0/gems/nokogiri-1.6.1/ports/i486-linux-gnu/libxml2/2.8.0/include -I/home/asdp/projects/DiscoveryProject/discovery/vendor/ruby/2.1.0/gems/nokogiri-1.6.1/ports/i486-linux-gnu/libxslt/1.1.26/include  -D_FILE_OFFSET_BITS=64   -O3 -fno-fast-math -ggdb3 -Wall -Wextra -Wno-unused-parameter -Wno-parentheses -Wno-long-long -Wno-missing-field-initializers -Wunused-variable -Wpointer-arith -Wwrite-strings -Wdeclaration-after-statement -Wimplicit-function-declaration  -fPIC  -g -DXP_UNIX -O3 -Wall -Wcast-qual -Wwrite-strings -Wconversion -Wmissing-noreturn -Winline -DNOKOGIRI_USE_PACKAGED_LIBRARIES -DNOKOGIRI_LIBXML2_PATH='"/home/asdp/projects/DiscoveryProject/discovery/vendor/ruby/2.1.0/gems/nokogiri-1.6.1/ports/i486-linux-gnu/libxml2/2.8.0"' -DNOKOGIRI_LIBXSLT_PATH='"/home/asdp/projects/DiscoveryProject/discovery/vendor/ruby/2.1.0/gems/nokogiri-1.6.1/ports/i486-linux-gnu/libxslt/1.1.26"' -I/usr/include/libxml2 -I/usr/include/libxml2 conftest.c  -L. -L/home/asdp/.rvm/rubies/ruby-2.1.2/lib -Wl,-R/home/asdp/.rvm/rubies/ruby-2.1.2/lib -L/home/asdp/projects/DiscoveryProject/discovery/vendor/ruby/2.1.0/gems/nokogiri-1.6.1/ports/i486-linux-gnu/libxml2/2.8.0/lib -Wl,-R/home/asdp/projects/DiscoveryProject/discovery/vendor/ruby/2.1.0/gems/nokogiri-1.6.1/ports/i486-linux-gnu/libxml2/2.8.0/lib -L/home/asdp/projects/DiscoveryProject/discovery/vendor/ruby/2.1.0/gems/nokogiri-1.6.1/ports/i486-linux-gnu/libxslt/1.1.26/lib -Wl,-R/home/asdp/projects/DiscoveryProject/discovery/vendor/ruby/2.1.0/gems/nokogiri-1.6.1/ports/i486-linux-gnu/libxslt/1.1.26/lib -L. -fstack-protector -rdynamic -Wl,-export-dynamic -Wl,-rpath,/home/asdp/projects/DiscoveryProject/discovery/vendor/ruby/2.1.0/gems/nokogiri-1.6.1/ports/i486-linux-gnu/libxml2/2.8.0/lib -Wl,-rpath,/home/asdp/projects/DiscoveryProject/discovery/vendor/ruby/2.1.0/gems/nokogiri-1.6.1/ports/i486-linux-gnu/libxslt/1.1.26/lib      -lexslt -lxslt -lxml2  -lxslt -lxml2 -lxml2 -Wl,-R -Wl,/home/asdp/.rvm/rubies/ruby-2.1.2/lib -L/home/asdp/.rvm/rubies/ruby-2.1.2/lib -lruby -lexslt -lxslt -lxml2  -lxslt -lxml2 -lxml2 -lpthread -ldl -lcrypt -lm   -lc "
conftest.c: In function ‘t’:
conftest.c:13:1: warning: implicit declaration of function ‘xmlRelaxNGSetParserStructuredErrors’ [-Wimplicit-function-declaration]
 int t(void) { xmlRelaxNGSetParserStructuredErrors(); return 0; }
 ^
checked program was:
/* begin */
 1: #include "ruby.h"
 2: 
 3: /*top*/
 4: extern int t(void);
 5: int main(int argc, char **argv)
 6: {
 7:   if (argc > 1000000) {
 8:     printf("%p", &t);
 9:   }
10: 
11:   return 0;
12: }
13: int t(void) { xmlRelaxNGSetParserStructuredErrors(); return 0; }
/* end */

--------------------

have_func: checking for xmlRelaxNGSetValidStructuredErrors()... -------------------- yes

"gcc -o conftest -I/home/asdp/.rvm/rubies/ruby-2.1.2/include/ruby-2.1.0/i686-linux -I/home/asdp/.rvm/rubies/ruby-2.1.2/include/ruby-2.1.0/ruby/backward -I/home/asdp/.rvm/rubies/ruby-2.1.2/include/ruby-2.1.0 -I. -I/home/asdp/projects/DiscoveryProject/discovery/vendor/ruby/2.1.0/gems/nokogiri-1.6.1/ports/i486-linux-gnu/libxml2/2.8.0/include/libxml2 -I/home/asdp/projects/DiscoveryProject/discovery/vendor/ruby/2.1.0/gems/nokogiri-1.6.1/ports/i486-linux-gnu/libxml2/2.8.0/include -I/home/asdp/projects/DiscoveryProject/discovery/vendor/ruby/2.1.0/gems/nokogiri-1.6.1/ports/i486-linux-gnu/libxslt/1.1.26/include  -D_FILE_OFFSET_BITS=64   -O3 -fno-fast-math -ggdb3 -Wall -Wextra -Wno-unused-parameter -Wno-parentheses -Wno-long-long -Wno-missing-field-initializers -Wunused-variable -Wpointer-arith -Wwrite-strings -Wdeclaration-after-statement -Wimplicit-function-declaration  -fPIC  -g -DXP_UNIX -O3 -Wall -Wcast-qual -Wwrite-strings -Wconversion -Wmissing-noreturn -Winline -DNOKOGIRI_USE_PACKAGED_LIBRARIES -DNOKOGIRI_LIBXML2_PATH='"/home/asdp/projects/DiscoveryProject/discovery/vendor/ruby/2.1.0/gems/nokogiri-1.6.1/ports/i486-linux-gnu/libxml2/2.8.0"' -DNOKOGIRI_LIBXSLT_PATH='"/home/asdp/projects/DiscoveryProject/discovery/vendor/ruby/2.1.0/gems/nokogiri-1.6.1/ports/i486-linux-gnu/libxslt/1.1.26"' -I/usr/include/libxml2 -I/usr/include/libxml2 conftest.c  -L. -L/home/asdp/.rvm/rubies/ruby-2.1.2/lib -Wl,-R/home/asdp/.rvm/rubies/ruby-2.1.2/lib -L/home/asdp/projects/DiscoveryProject/discovery/vendor/ruby/2.1.0/gems/nokogiri-1.6.1/ports/i486-linux-gnu/libxml2/2.8.0/lib -Wl,-R/home/asdp/projects/DiscoveryProject/discovery/vendor/ruby/2.1.0/gems/nokogiri-1.6.1/ports/i486-linux-gnu/libxml2/2.8.0/lib -L/home/asdp/projects/DiscoveryProject/discovery/vendor/ruby/2.1.0/gems/nokogiri-1.6.1/ports/i486-linux-gnu/libxslt/1.1.26/lib -Wl,-R/home/asdp/projects/DiscoveryProject/discovery/vendor/ruby/2.1.0/gems/nokogiri-1.6.1/ports/i486-linux-gnu/libxslt/1.1.26/lib -L. -fstack-protector -rdynamic -Wl,-export-dynamic -Wl,-rpath,/home/asdp/projects/DiscoveryProject/discovery/vendor/ruby/2.1.0/gems/nokogiri-1.6.1/ports/i486-linux-gnu/libxml2/2.8.0/lib -Wl,-rpath,/home/asdp/projects/DiscoveryProject/discovery/vendor/ruby/2.1.0/gems/nokogiri-1.6.1/ports/i486-linux-gnu/libxslt/1.1.26/lib      -lexslt -lxslt -lxml2  -lxslt -lxml2 -lxml2 -Wl,-R -Wl,/home/asdp/.rvm/rubies/ruby-2.1.2/lib -L/home/asdp/.rvm/rubies/ruby-2.1.2/lib -lruby -lexslt -lxslt -lxml2  -lxslt -lxml2 -lxml2 -lpthread -ldl -lcrypt -lm   -lc "
conftest.c: In function ‘t’:
conftest.c:13:57: error: ‘xmlRelaxNGSetValidStructuredErrors’ undeclared (first use in this function)
 int t(void) { void ((*volatile p)()); p = (void ((*)()))xmlRelaxNGSetValidStructuredErrors; return 0; }
                                                         ^
conftest.c:13:57: note: each undeclared identifier is reported only once for each function it appears in
conftest.c:13:32: warning: variable ‘p’ set but not used [-Wunused-but-set-variable]
 int t(void) { void ((*volatile p)()); p = (void ((*)()))xmlRelaxNGSetValidStructuredErrors; return 0; }
                                ^
checked program was:
/* begin */
 1: #include "ruby.h"
 2: 
 3: /*top*/
 4: extern int t(void);
 5: int main(int argc, char **argv)
 6: {
 7:   if (argc > 1000000) {
 8:     printf("%p", &t);
 9:   }
10: 
11:   return 0;
12: }
13: int t(void) { void ((*volatile p)()); p = (void ((*)()))xmlRelaxNGSetValidStructuredErrors; return 0; }
/* end */

"gcc -o conftest -I/home/asdp/.rvm/rubies/ruby-2.1.2/include/ruby-2.1.0/i686-linux -I/home/asdp/.rvm/rubies/ruby-2.1.2/include/ruby-2.1.0/ruby/backward -I/home/asdp/.rvm/rubies/ruby-2.1.2/include/ruby-2.1.0 -I. -I/home/asdp/projects/DiscoveryProject/discovery/vendor/ruby/2.1.0/gems/nokogiri-1.6.1/ports/i486-linux-gnu/libxml2/2.8.0/include/libxml2 -I/home/asdp/projects/DiscoveryProject/discovery/vendor/ruby/2.1.0/gems/nokogiri-1.6.1/ports/i486-linux-gnu/libxml2/2.8.0/include -I/home/asdp/projects/DiscoveryProject/discovery/vendor/ruby/2.1.0/gems/nokogiri-1.6.1/ports/i486-linux-gnu/libxslt/1.1.26/include  -D_FILE_OFFSET_BITS=64   -O3 -fno-fast-math -ggdb3 -Wall -Wextra -Wno-unused-parameter -Wno-parentheses -Wno-long-long -Wno-missing-field-initializers -Wunused-variable -Wpointer-arith -Wwrite-strings -Wdeclaration-after-statement -Wimplicit-function-declaration  -fPIC  -g -DXP_UNIX -O3 -Wall -Wcast-qual -Wwrite-strings -Wconversion -Wmissing-noreturn -Winline -DNOKOGIRI_USE_PACKAGED_LIBRARIES -DNOKOGIRI_LIBXML2_PATH='"/home/asdp/projects/DiscoveryProject/discovery/vendor/ruby/2.1.0/gems/nokogiri-1.6.1/ports/i486-linux-gnu/libxml2/2.8.0"' -DNOKOGIRI_LIBXSLT_PATH='"/home/asdp/projects/DiscoveryProject/discovery/vendor/ruby/2.1.0/gems/nokogiri-1.6.1/ports/i486-linux-gnu/libxslt/1.1.26"' -I/usr/include/libxml2 -I/usr/include/libxml2 conftest.c  -L. -L/home/asdp/.rvm/rubies/ruby-2.1.2/lib -Wl,-R/home/asdp/.rvm/rubies/ruby-2.1.2/lib -L/home/asdp/projects/DiscoveryProject/discovery/vendor/ruby/2.1.0/gems/nokogiri-1.6.1/ports/i486-linux-gnu/libxml2/2.8.0/lib -Wl,-R/home/asdp/projects/DiscoveryProject/discovery/vendor/ruby/2.1.0/gems/nokogiri-1.6.1/ports/i486-linux-gnu/libxml2/2.8.0/lib -L/home/asdp/projects/DiscoveryProject/discovery/vendor/ruby/2.1.0/gems/nokogiri-1.6.1/ports/i486-linux-gnu/libxslt/1.1.26/lib -Wl,-R/home/asdp/projects/DiscoveryProject/discovery/vendor/ruby/2.1.0/gems/nokogiri-1.6.1/ports/i486-linux-gnu/libxslt/1.1.26/lib -L. -fstack-protector -rdynamic -Wl,-export-dynamic -Wl,-rpath,/home/asdp/projects/DiscoveryProject/discovery/vendor/ruby/2.1.0/gems/nokogiri-1.6.1/ports/i486-linux-gnu/libxml2/2.8.0/lib -Wl,-rpath,/home/asdp/projects/DiscoveryProject/discovery/vendor/ruby/2.1.0/gems/nokogiri-1.6.1/ports/i486-linux-gnu/libxslt/1.1.26/lib      -lexslt -lxslt -lxml2  -lxslt -lxml2 -lxml2 -Wl,-R -Wl,/home/asdp/.rvm/rubies/ruby-2.1.2/lib -L/home/asdp/.rvm/rubies/ruby-2.1.2/lib -lruby -lexslt -lxslt -lxml2  -lxslt -lxml2 -lxml2 -lpthread -ldl -lcrypt -lm   -lc "
conftest.c: In function ‘t’:
conftest.c:13:1: warning: implicit declaration of function ‘xmlRelaxNGSetValidStructuredErrors’ [-Wimplicit-function-declaration]
 int t(void) { xmlRelaxNGSetValidStructuredErrors(); return 0; }
 ^
checked program was:
/* begin */
 1: #include "ruby.h"
 2: 
 3: /*top*/
 4: extern int t(void);
 5: int main(int argc, char **argv)
 6: {
 7:   if (argc > 1000000) {
 8:     printf("%p", &t);
 9:   }
10: 
11:   return 0;
12: }
13: int t(void) { xmlRelaxNGSetValidStructuredErrors(); return 0; }
/* end */

--------------------

have_func: checking for xmlSchemaSetValidStructuredErrors()... -------------------- yes

"gcc -o conftest -I/home/asdp/.rvm/rubies/ruby-2.1.2/include/ruby-2.1.0/i686-linux -I/home/asdp/.rvm/rubies/ruby-2.1.2/include/ruby-2.1.0/ruby/backward -I/home/asdp/.rvm/rubies/ruby-2.1.2/include/ruby-2.1.0 -I. -I/home/asdp/projects/DiscoveryProject/discovery/vendor/ruby/2.1.0/gems/nokogiri-1.6.1/ports/i486-linux-gnu/libxml2/2.8.0/include/libxml2 -I/home/asdp/projects/DiscoveryProject/discovery/vendor/ruby/2.1.0/gems/nokogiri-1.6.1/ports/i486-linux-gnu/libxml2/2.8.0/include -I/home/asdp/projects/DiscoveryProject/discovery/vendor/ruby/2.1.0/gems/nokogiri-1.6.1/ports/i486-linux-gnu/libxslt/1.1.26/include  -D_FILE_OFFSET_BITS=64   -O3 -fno-fast-math -ggdb3 -Wall -Wextra -Wno-unused-parameter -Wno-parentheses -Wno-long-long -Wno-missing-field-initializers -Wunused-variable -Wpointer-arith -Wwrite-strings -Wdeclaration-after-statement -Wimplicit-function-declaration  -fPIC  -g -DXP_UNIX -O3 -Wall -Wcast-qual -Wwrite-strings -Wconversion -Wmissing-noreturn -Winline -DNOKOGIRI_USE_PACKAGED_LIBRARIES -DNOKOGIRI_LIBXML2_PATH='"/home/asdp/projects/DiscoveryProject/discovery/vendor/ruby/2.1.0/gems/nokogiri-1.6.1/ports/i486-linux-gnu/libxml2/2.8.0"' -DNOKOGIRI_LIBXSLT_PATH='"/home/asdp/projects/DiscoveryProject/discovery/vendor/ruby/2.1.0/gems/nokogiri-1.6.1/ports/i486-linux-gnu/libxslt/1.1.26"' -I/usr/include/libxml2 -I/usr/include/libxml2 conftest.c  -L. -L/home/asdp/.rvm/rubies/ruby-2.1.2/lib -Wl,-R/home/asdp/.rvm/rubies/ruby-2.1.2/lib -L/home/asdp/projects/DiscoveryProject/discovery/vendor/ruby/2.1.0/gems/nokogiri-1.6.1/ports/i486-linux-gnu/libxml2/2.8.0/lib -Wl,-R/home/asdp/projects/DiscoveryProject/discovery/vendor/ruby/2.1.0/gems/nokogiri-1.6.1/ports/i486-linux-gnu/libxml2/2.8.0/lib -L/home/asdp/projects/DiscoveryProject/discovery/vendor/ruby/2.1.0/gems/nokogiri-1.6.1/ports/i486-linux-gnu/libxslt/1.1.26/lib -Wl,-R/home/asdp/projects/DiscoveryProject/discovery/vendor/ruby/2.1.0/gems/nokogiri-1.6.1/ports/i486-linux-gnu/libxslt/1.1.26/lib -L. -fstack-protector -rdynamic -Wl,-export-dynamic -Wl,-rpath,/home/asdp/projects/DiscoveryProject/discovery/vendor/ruby/2.1.0/gems/nokogiri-1.6.1/ports/i486-linux-gnu/libxml2/2.8.0/lib -Wl,-rpath,/home/asdp/projects/DiscoveryProject/discovery/vendor/ruby/2.1.0/gems/nokogiri-1.6.1/ports/i486-linux-gnu/libxslt/1.1.26/lib      -lexslt -lxslt -lxml2  -lxslt -lxml2 -lxml2 -Wl,-R -Wl,/home/asdp/.rvm/rubies/ruby-2.1.2/lib -L/home/asdp/.rvm/rubies/ruby-2.1.2/lib -lruby -lexslt -lxslt -lxml2  -lxslt -lxml2 -lxml2 -lpthread -ldl -lcrypt -lm   -lc "
conftest.c: In function ‘t’:
conftest.c:13:57: error: ‘xmlSchemaSetValidStructuredErrors’ undeclared (first use in this function)
 int t(void) { void ((*volatile p)()); p = (void ((*)()))xmlSchemaSetValidStructuredErrors; return 0; }
                                                         ^
conftest.c:13:57: note: each undeclared identifier is reported only once for each function it appears in
conftest.c:13:32: warning: variable ‘p’ set but not used [-Wunused-but-set-variable]
 int t(void) { void ((*volatile p)()); p = (void ((*)()))xmlSchemaSetValidStructuredErrors; return 0; }
                                ^
checked program was:
/* begin */
 1: #include "ruby.h"
 2: 
 3: /*top*/
 4: extern int t(void);
 5: int main(int argc, char **argv)
 6: {
 7:   if (argc > 1000000) {
 8:     printf("%p", &t);
 9:   }
10: 
11:   return 0;
12: }
13: int t(void) { void ((*volatile p)()); p = (void ((*)()))xmlSchemaSetValidStructuredErrors; return 0; }
/* end */

"gcc -o conftest -I/home/asdp/.rvm/rubies/ruby-2.1.2/include/ruby-2.1.0/i686-linux -I/home/asdp/.rvm/rubies/ruby-2.1.2/include/ruby-2.1.0/ruby/backward -I/home/asdp/.rvm/rubies/ruby-2.1.2/include/ruby-2.1.0 -I. -I/home/asdp/projects/DiscoveryProject/discovery/vendor/ruby/2.1.0/gems/nokogiri-1.6.1/ports/i486-linux-gnu/libxml2/2.8.0/include/libxml2 -I/home/asdp/projects/DiscoveryProject/discovery/vendor/ruby/2.1.0/gems/nokogiri-1.6.1/ports/i486-linux-gnu/libxml2/2.8.0/include -I/home/asdp/projects/DiscoveryProject/discovery/vendor/ruby/2.1.0/gems/nokogiri-1.6.1/ports/i486-linux-gnu/libxslt/1.1.26/include  -D_FILE_OFFSET_BITS=64   -O3 -fno-fast-math -ggdb3 -Wall -Wextra -Wno-unused-parameter -Wno-parentheses -Wno-long-long -Wno-missing-field-initializers -Wunused-variable -Wpointer-arith -Wwrite-strings -Wdeclaration-after-statement -Wimplicit-function-declaration  -fPIC  -g -DXP_UNIX -O3 -Wall -Wcast-qual -Wwrite-strings -Wconversion -Wmissing-noreturn -Winline -DNOKOGIRI_USE_PACKAGED_LIBRARIES -DNOKOGIRI_LIBXML2_PATH='"/home/asdp/projects/DiscoveryProject/discovery/vendor/ruby/2.1.0/gems/nokogiri-1.6.1/ports/i486-linux-gnu/libxml2/2.8.0"' -DNOKOGIRI_LIBXSLT_PATH='"/home/asdp/projects/DiscoveryProject/discovery/vendor/ruby/2.1.0/gems/nokogiri-1.6.1/ports/i486-linux-gnu/libxslt/1.1.26"' -I/usr/include/libxml2 -I/usr/include/libxml2 conftest.c  -L. -L/home/asdp/.rvm/rubies/ruby-2.1.2/lib -Wl,-R/home/asdp/.rvm/rubies/ruby-2.1.2/lib -L/home/asdp/projects/DiscoveryProject/discovery/vendor/ruby/2.1.0/gems/nokogiri-1.6.1/ports/i486-linux-gnu/libxml2/2.8.0/lib -Wl,-R/home/asdp/projects/DiscoveryProject/discovery/vendor/ruby/2.1.0/gems/nokogiri-1.6.1/ports/i486-linux-gnu/libxml2/2.8.0/lib -L/home/asdp/projects/DiscoveryProject/discovery/vendor/ruby/2.1.0/gems/nokogiri-1.6.1/ports/i486-linux-gnu/libxslt/1.1.26/lib -Wl,-R/home/asdp/projects/DiscoveryProject/discovery/vendor/ruby/2.1.0/gems/nokogiri-1.6.1/ports/i486-linux-gnu/libxslt/1.1.26/lib -L. -fstack-protector -rdynamic -Wl,-export-dynamic -Wl,-rpath,/home/asdp/projects/DiscoveryProject/discovery/vendor/ruby/2.1.0/gems/nokogiri-1.6.1/ports/i486-linux-gnu/libxml2/2.8.0/lib -Wl,-rpath,/home/asdp/projects/DiscoveryProject/discovery/vendor/ruby/2.1.0/gems/nokogiri-1.6.1/ports/i486-linux-gnu/libxslt/1.1.26/lib      -lexslt -lxslt -lxml2  -lxslt -lxml2 -lxml2 -Wl,-R -Wl,/home/asdp/.rvm/rubies/ruby-2.1.2/lib -L/home/asdp/.rvm/rubies/ruby-2.1.2/lib -lruby -lexslt -lxslt -lxml2  -lxslt -lxml2 -lxml2 -lpthread -ldl -lcrypt -lm   -lc "
conftest.c: In function ‘t’:
conftest.c:13:1: warning: implicit declaration of function ‘xmlSchemaSetValidStructuredErrors’ [-Wimplicit-function-declaration]
 int t(void) { xmlSchemaSetValidStructuredErrors(); return 0; }
 ^
checked program was:
/* begin */
 1: #include "ruby.h"
 2: 
 3: /*top*/
 4: extern int t(void);
 5: int main(int argc, char **argv)
 6: {
 7:   if (argc > 1000000) {
 8:     printf("%p", &t);
 9:   }
10: 
11:   return 0;
12: }
13: int t(void) { xmlSchemaSetValidStructuredErrors(); return 0; }
/* end */

--------------------

have_func: checking for xmlSchemaSetParserStructuredErrors()... -------------------- yes

"gcc -o conftest -I/home/asdp/.rvm/rubies/ruby-2.1.2/include/ruby-2.1.0/i686-linux -I/home/asdp/.rvm/rubies/ruby-2.1.2/include/ruby-2.1.0/ruby/backward -I/home/asdp/.rvm/rubies/ruby-2.1.2/include/ruby-2.1.0 -I. -I/home/asdp/projects/DiscoveryProject/discovery/vendor/ruby/2.1.0/gems/nokogiri-1.6.1/ports/i486-linux-gnu/libxml2/2.8.0/include/libxml2 -I/home/asdp/projects/DiscoveryProject/discovery/vendor/ruby/2.1.0/gems/nokogiri-1.6.1/ports/i486-linux-gnu/libxml2/2.8.0/include -I/home/asdp/projects/DiscoveryProject/discovery/vendor/ruby/2.1.0/gems/nokogiri-1.6.1/ports/i486-linux-gnu/libxslt/1.1.26/include  -D_FILE_OFFSET_BITS=64   -O3 -fno-fast-math -ggdb3 -Wall -Wextra -Wno-unused-parameter -Wno-parentheses -Wno-long-long -Wno-missing-field-initializers -Wunused-variable -Wpointer-arith -Wwrite-strings -Wdeclaration-after-statement -Wimplicit-function-declaration  -fPIC  -g -DXP_UNIX -O3 -Wall -Wcast-qual -Wwrite-strings -Wconversion -Wmissing-noreturn -Winline -DNOKOGIRI_USE_PACKAGED_LIBRARIES -DNOKOGIRI_LIBXML2_PATH='"/home/asdp/projects/DiscoveryProject/discovery/vendor/ruby/2.1.0/gems/nokogiri-1.6.1/ports/i486-linux-gnu/libxml2/2.8.0"' -DNOKOGIRI_LIBXSLT_PATH='"/home/asdp/projects/DiscoveryProject/discovery/vendor/ruby/2.1.0/gems/nokogiri-1.6.1/ports/i486-linux-gnu/libxslt/1.1.26"' -I/usr/include/libxml2 -I/usr/include/libxml2 conftest.c  -L. -L/home/asdp/.rvm/rubies/ruby-2.1.2/lib -Wl,-R/home/asdp/.rvm/rubies/ruby-2.1.2/lib -L/home/asdp/projects/DiscoveryProject/discovery/vendor/ruby/2.1.0/gems/nokogiri-1.6.1/ports/i486-linux-gnu/libxml2/2.8.0/lib -Wl,-R/home/asdp/projects/DiscoveryProject/discovery/vendor/ruby/2.1.0/gems/nokogiri-1.6.1/ports/i486-linux-gnu/libxml2/2.8.0/lib -L/home/asdp/projects/DiscoveryProject/discovery/vendor/ruby/2.1.0/gems/nokogiri-1.6.1/ports/i486-linux-gnu/libxslt/1.1.26/lib -Wl,-R/home/asdp/projects/DiscoveryProject/discovery/vendor/ruby/2.1.0/gems/nokogiri-1.6.1/ports/i486-linux-gnu/libxslt/1.1.26/lib -L. -fstack-protector -rdynamic -Wl,-export-dynamic -Wl,-rpath,/home/asdp/projects/DiscoveryProject/discovery/vendor/ruby/2.1.0/gems/nokogiri-1.6.1/ports/i486-linux-gnu/libxml2/2.8.0/lib -Wl,-rpath,/home/asdp/projects/DiscoveryProject/discovery/vendor/ruby/2.1.0/gems/nokogiri-1.6.1/ports/i486-linux-gnu/libxslt/1.1.26/lib      -lexslt -lxslt -lxml2  -lxslt -lxml2 -lxml2 -Wl,-R -Wl,/home/asdp/.rvm/rubies/ruby-2.1.2/lib -L/home/asdp/.rvm/rubies/ruby-2.1.2/lib -lruby -lexslt -lxslt -lxml2  -lxslt -lxml2 -lxml2 -lpthread -ldl -lcrypt -lm   -lc "
conftest.c: In function ‘t’:
conftest.c:13:57: error: ‘xmlSchemaSetParserStructuredErrors’ undeclared (first use in this function)
 int t(void) { void ((*volatile p)()); p = (void ((*)()))xmlSchemaSetParserStructuredErrors; return 0; }
                                                         ^
conftest.c:13:57: note: each undeclared identifier is reported only once for each function it appears in
conftest.c:13:32: warning: variable ‘p’ set but not used [-Wunused-but-set-variable]
 int t(void) { void ((*volatile p)()); p = (void ((*)()))xmlSchemaSetParserStructuredErrors; return 0; }
                                ^
checked program was:
/* begin */
 1: #include "ruby.h"
 2: 
 3: /*top*/
 4: extern int t(void);
 5: int main(int argc, char **argv)
 6: {
 7:   if (argc > 1000000) {
 8:     printf("%p", &t);
 9:   }
10: 
11:   return 0;
12: }
13: int t(void) { void ((*volatile p)()); p = (void ((*)()))xmlSchemaSetParserStructuredErrors; return 0; }
/* end */

"gcc -o conftest -I/home/asdp/.rvm/rubies/ruby-2.1.2/include/ruby-2.1.0/i686-linux -I/home/asdp/.rvm/rubies/ruby-2.1.2/include/ruby-2.1.0/ruby/backward -I/home/asdp/.rvm/rubies/ruby-2.1.2/include/ruby-2.1.0 -I. -I/home/asdp/projects/DiscoveryProject/discovery/vendor/ruby/2.1.0/gems/nokogiri-1.6.1/ports/i486-linux-gnu/libxml2/2.8.0/include/libxml2 -I/home/asdp/projects/DiscoveryProject/discovery/vendor/ruby/2.1.0/gems/nokogiri-1.6.1/ports/i486-linux-gnu/libxml2/2.8.0/include -I/home/asdp/projects/DiscoveryProject/discovery/vendor/ruby/2.1.0/gems/nokogiri-1.6.1/ports/i486-linux-gnu/libxslt/1.1.26/include  -D_FILE_OFFSET_BITS=64   -O3 -fno-fast-math -ggdb3 -Wall -Wextra -Wno-unused-parameter -Wno-parentheses -Wno-long-long -Wno-missing-field-initializers -Wunused-variable -Wpointer-arith -Wwrite-strings -Wdeclaration-after-statement -Wimplicit-function-declaration  -fPIC  -g -DXP_UNIX -O3 -Wall -Wcast-qual -Wwrite-strings -Wconversion -Wmissing-noreturn -Winline -DNOKOGIRI_USE_PACKAGED_LIBRARIES -DNOKOGIRI_LIBXML2_PATH='"/home/asdp/projects/DiscoveryProject/discovery/vendor/ruby/2.1.0/gems/nokogiri-1.6.1/ports/i486-linux-gnu/libxml2/2.8.0"' -DNOKOGIRI_LIBXSLT_PATH='"/home/asdp/projects/DiscoveryProject/discovery/vendor/ruby/2.1.0/gems/nokogiri-1.6.1/ports/i486-linux-gnu/libxslt/1.1.26"' -I/usr/include/libxml2 -I/usr/include/libxml2 conftest.c  -L. -L/home/asdp/.rvm/rubies/ruby-2.1.2/lib -Wl,-R/home/asdp/.rvm/rubies/ruby-2.1.2/lib -L/home/asdp/projects/DiscoveryProject/discovery/vendor/ruby/2.1.0/gems/nokogiri-1.6.1/ports/i486-linux-gnu/libxml2/2.8.0/lib -Wl,-R/home/asdp/projects/DiscoveryProject/discovery/vendor/ruby/2.1.0/gems/nokogiri-1.6.1/ports/i486-linux-gnu/libxml2/2.8.0/lib -L/home/asdp/projects/DiscoveryProject/discovery/vendor/ruby/2.1.0/gems/nokogiri-1.6.1/ports/i486-linux-gnu/libxslt/1.1.26/lib -Wl,-R/home/asdp/projects/DiscoveryProject/discovery/vendor/ruby/2.1.0/gems/nokogiri-1.6.1/ports/i486-linux-gnu/libxslt/1.1.26/lib -L. -fstack-protector -rdynamic -Wl,-export-dynamic -Wl,-rpath,/home/asdp/projects/DiscoveryProject/discovery/vendor/ruby/2.1.0/gems/nokogiri-1.6.1/ports/i486-linux-gnu/libxml2/2.8.0/lib -Wl,-rpath,/home/asdp/projects/DiscoveryProject/discovery/vendor/ruby/2.1.0/gems/nokogiri-1.6.1/ports/i486-linux-gnu/libxslt/1.1.26/lib      -lexslt -lxslt -lxml2  -lxslt -lxml2 -lxml2 -Wl,-R -Wl,/home/asdp/.rvm/rubies/ruby-2.1.2/lib -L/home/asdp/.rvm/rubies/ruby-2.1.2/lib -lruby -lexslt -lxslt -lxml2  -lxslt -lxml2 -lxml2 -lpthread -ldl -lcrypt -lm   -lc "
conftest.c: In function ‘t’:
conftest.c:13:1: warning: implicit declaration of function ‘xmlSchemaSetParserStructuredErrors’ [-Wimplicit-function-declaration]
 int t(void) { xmlSchemaSetParserStructuredErrors(); return 0; }
 ^
checked program was:
/* begin */
 1: #include "ruby.h"
 2: 
 3: /*top*/
 4: extern int t(void);
 5: int main(int argc, char **argv)
 6: {
 7:   if (argc > 1000000) {
 8:     printf("%p", &t);
 9:   }
10: 
11:   return 0;
12: }
13: int t(void) { xmlSchemaSetParserStructuredErrors(); return 0; }
/* end */

--------------------

