This file contains any messages produced by compilers while
running configure, to aid debugging if configure makes a mistake.

It was created by configure, which was
generated by GNU Autoconf 2.63.  Invocation command line was

  $ configure --enable-shared --disable-static --without-python --without-crypto --with-debug --with-libxml-prefix=/home/asdp/projects/DiscoveryProject/discovery/vendor/ruby/2.1.0/gems/nokogiri-1.6.1/ports/i486-linux-gnu/libxml2/2.8.0 --prefix=/home/asdp/projects/DiscoveryProject/discovery/vendor/ruby/2.1.0/gems/nokogiri-1.6.1/ports/i486-linux-gnu/libxslt/1.1.26

## --------- ##
## Platform. ##
## --------- ##

hostname = helsinki
uname -m = i686
uname -r = 3.11-2-486
uname -s = Linux
uname -v = #1 Debian 3.11.8-1 (2013-11-13)

/usr/bin/uname -p = unknown
/bin/uname -X     = unknown

/bin/arch              = unknown
/usr/bin/arch -k       = unknown
/usr/convex/getsysinfo = unknown
/usr/bin/hostinfo      = unknown
/bin/machine           = unknown
/usr/bin/oslevel       = unknown
/bin/universe          = unknown

PATH: /home/asdp/projects/DiscoveryProject/discovery/vendor/ruby/2.1.0/gems/nokogiri-1.6.1/ports/i486-linux-gnu/libxml2/2.8.0/bin
PATH: /home/asdp/.rvm/gems/ruby-2.1.2/bin
PATH: /home/asdp/.rvm/gems/ruby-2.1.2@global/bin
PATH: /home/asdp/.rvm/rubies/ruby-2.1.2/bin
PATH: /usr/local/bin
PATH: /usr/bin
PATH: /bin
PATH: /usr/local/games
PATH: /usr/games
PATH: /home/asdp/.rvm/bin
PATH: /home/asdp/.rvm/bin


## ----------- ##
## Core tests. ##
## ----------- ##

configure:2143: checking build system type
configure:2161: result: i686-pc-linux-gnu
configure:2183: checking host system type
configure:2198: result: i686-pc-linux-gnu
configure:2268: checking for gcc
configure:2284: found /usr/bin/gcc
configure:2295: result: gcc
configure:2527: checking for C compiler version
configure:2535: gcc --version >&5
gcc (Debian 4.8.2-1) 4.8.2
Copyright (C) 2013 Free Software Foundation, Inc.
This is free software; see the source for copying conditions.  There is NO
warranty; not even for MERCHANTABILITY or FITNESS FOR A PARTICULAR PURPOSE.

configure:2539: $? = 0
configure:2546: gcc -v >&5
Using built-in specs.
COLLECT_GCC=gcc
COLLECT_LTO_WRAPPER=/usr/lib/gcc/i486-linux-gnu/4.8/lto-wrapper
Target: i486-linux-gnu
Configured with: ../src/configure -v --with-pkgversion='Debian 4.8.2-1' --with-bugurl=file:///usr/share/doc/gcc-4.8/README.Bugs --enable-languages=c,c++,java,go,d,fortran,objc,obj-c++ --prefix=/usr --program-suffix=-4.8 --enable-shared --enable-linker-build-id --libexecdir=/usr/lib --without-included-gettext --enable-threads=posix --with-gxx-include-dir=/usr/include/c++/4.8 --libdir=/usr/lib --enable-nls --with-sysroot=/ --enable-clocale=gnu --enable-libstdcxx-debug --enable-libstdcxx-time=yes --enable-gnu-unique-object --enable-plugin --with-system-zlib --disable-browser-plugin --enable-java-awt=gtk --enable-gtk-cairo --with-java-home=/usr/lib/jvm/java-1.5.0-gcj-4.8-i386/jre --enable-java-home --with-jvm-root-dir=/usr/lib/jvm/java-1.5.0-gcj-4.8-i386 --with-jvm-jar-dir=/usr/lib/jvm-exports/java-1.5.0-gcj-4.8-i386 --with-arch-directory=i386 --with-ecj-jar=/usr/share/java/eclipse-ecj.jar --enable-objc-gc --enable-targets=all --enable-multiarch --with-arch-32=i586 --with-multilib-list=m32,m64,mx32 --with-tune=generic --enable-checking=release --build=i486-linux-gnu --host=i486-linux-gnu --target=i486-linux-gnu
Thread model: posix
gcc version 4.8.2 (Debian 4.8.2-1) 
configure:2550: $? = 0
configure:2557: gcc -V >&5
gcc: error: unrecognized command line option '-V'
gcc: fatal error: no input files
compilation terminated.
configure:2561: $? = 4
configure:2584: checking for C compiler default output file name
configure:2606: gcc    conftest.c  >&5
configure:2610: $? = 0
configure:2648: result: a.out
configure:2667: checking whether the C compiler works
configure:2677: ./a.out
configure:2681: $? = 0
configure:2700: result: yes
configure:2707: checking whether we are cross compiling
configure:2709: result: no
configure:2712: checking for suffix of executables
configure:2719: gcc -o conftest    conftest.c  >&5
configure:2723: $? = 0
configure:2749: result: 
configure:2755: checking for suffix of object files
configure:2781: gcc -c   conftest.c >&5
configure:2785: $? = 0
configure:2810: result: o
configure:2814: checking whether we are using the GNU C compiler
configure:2843: gcc -c   conftest.c >&5
configure:2850: $? = 0
configure:2867: result: yes
configure:2876: checking whether gcc accepts -g
configure:2906: gcc -c -g  conftest.c >&5
configure:2913: $? = 0
configure:3014: result: yes
configure:3031: checking for gcc option to accept ISO C89
configure:3105: gcc  -c -g -O2  conftest.c >&5
configure:3112: $? = 0
configure:3135: result: none needed
configure:3159: checking how to run the C preprocessor
configure:3199: gcc -E  conftest.c
configure:3206: $? = 0
configure:3237: gcc -E  conftest.c
conftest.c:8:28: fatal error: ac_nonexistent.h: No such file or directory
 #include <ac_nonexistent.h>
                            ^
compilation terminated.
configure:3244: $? = 1
configure: failed program was:
| /* confdefs.h.  */
| #define PACKAGE_NAME ""
| #define PACKAGE_TARNAME ""
| #define PACKAGE_VERSION ""
| #define PACKAGE_STRING ""
| #define PACKAGE_BUGREPORT ""
| /* end confdefs.h.  */
| #include <ac_nonexistent.h>
configure:3277: result: gcc -E
configure:3306: gcc -E  conftest.c
configure:3313: $? = 0
configure:3344: gcc -E  conftest.c
conftest.c:8:28: fatal error: ac_nonexistent.h: No such file or directory
 #include <ac_nonexistent.h>
                            ^
compilation terminated.
configure:3351: $? = 1
configure: failed program was:
| /* confdefs.h.  */
| #define PACKAGE_NAME ""
| #define PACKAGE_TARNAME ""
| #define PACKAGE_VERSION ""
| #define PACKAGE_STRING ""
| #define PACKAGE_BUGREPORT ""
| /* end confdefs.h.  */
| #include <ac_nonexistent.h>
configure:3391: checking for grep that handles long lines and -e
configure:3451: result: /bin/grep
configure:3456: checking for egrep
configure:3520: result: /bin/grep -E
configure:3525: checking for ANSI C header files
configure:3555: gcc -c -g -O2  conftest.c >&5
configure:3562: $? = 0
configure:3661: gcc -o conftest -g -O2   conftest.c  >&5
configure:3665: $? = 0
configure:3671: ./conftest
configure:3675: $? = 0
configure:3693: result: yes
configure:3717: checking for sys/types.h
configure:3738: gcc -c -g -O2  conftest.c >&5
configure:3745: $? = 0
configure:3762: result: yes
configure:3717: checking for sys/stat.h
configure:3738: gcc -c -g -O2  conftest.c >&5
configure:3745: $? = 0
configure:3762: result: yes
configure:3717: checking for stdlib.h
configure:3738: gcc -c -g -O2  conftest.c >&5
configure:3745: $? = 0
configure:3762: result: yes
configure:3717: checking for string.h
configure:3738: gcc -c -g -O2  conftest.c >&5
configure:3745: $? = 0
configure:3762: result: yes
configure:3717: checking for memory.h
configure:3738: gcc -c -g -O2  conftest.c >&5
configure:3745: $? = 0
configure:3762: result: yes
configure:3717: checking for strings.h
configure:3738: gcc -c -g -O2  conftest.c >&5
configure:3745: $? = 0
configure:3762: result: yes
configure:3717: checking for inttypes.h
configure:3738: gcc -c -g -O2  conftest.c >&5
configure:3745: $? = 0
configure:3762: result: yes
configure:3717: checking for stdint.h
configure:3738: gcc -c -g -O2  conftest.c >&5
configure:3745: $? = 0
configure:3762: result: yes
configure:3717: checking for unistd.h
configure:3738: gcc -c -g -O2  conftest.c >&5
configure:3745: $? = 0
configure:3762: result: yes
configure:3787: checking minix/config.h usability
configure:3804: gcc -c -g -O2  conftest.c >&5
conftest.c:51:26: fatal error: minix/config.h: No such file or directory
 #include <minix/config.h>
                          ^
compilation terminated.
configure:3811: $? = 1
configure: failed program was:
| /* confdefs.h.  */
| #define PACKAGE_NAME ""
| #define PACKAGE_TARNAME ""
| #define PACKAGE_VERSION ""
| #define PACKAGE_STRING ""
| #define PACKAGE_BUGREPORT ""
| #define STDC_HEADERS 1
| #define HAVE_SYS_TYPES_H 1
| #define HAVE_SYS_STAT_H 1
| #define HAVE_STDLIB_H 1
| #define HAVE_STRING_H 1
| #define HAVE_MEMORY_H 1
| #define HAVE_STRINGS_H 1
| #define HAVE_INTTYPES_H 1
| #define HAVE_STDINT_H 1
| #define HAVE_UNISTD_H 1
| /* end confdefs.h.  */
| #include <stdio.h>
| #ifdef HAVE_SYS_TYPES_H
| # include <sys/types.h>
| #endif
| #ifdef HAVE_SYS_STAT_H
| # include <sys/stat.h>
| #endif
| #ifdef STDC_HEADERS
| # include <stdlib.h>
| # include <stddef.h>
| #else
| # ifdef HAVE_STDLIB_H
| #  include <stdlib.h>
| # endif
| #endif
| #ifdef HAVE_STRING_H
| # if !defined STDC_HEADERS && defined HAVE_MEMORY_H
| #  include <memory.h>
| # endif
| # include <string.h>
| #endif
| #ifdef HAVE_STRINGS_H
| # include <strings.h>
| #endif
| #ifdef HAVE_INTTYPES_H
| # include <inttypes.h>
| #endif
| #ifdef HAVE_STDINT_H
| # include <stdint.h>
| #endif
| #ifdef HAVE_UNISTD_H
| # include <unistd.h>
| #endif
| #include <minix/config.h>
configure:3825: result: no
configure:3829: checking minix/config.h presence
configure:3844: gcc -E  conftest.c
conftest.c:18:26: fatal error: minix/config.h: No such file or directory
 #include <minix/config.h>
                          ^
compilation terminated.
configure:3851: $? = 1
configure: failed program was:
| /* confdefs.h.  */
| #define PACKAGE_NAME ""
| #define PACKAGE_TARNAME ""
| #define PACKAGE_VERSION ""
| #define PACKAGE_STRING ""
| #define PACKAGE_BUGREPORT ""
| #define STDC_HEADERS 1
| #define HAVE_SYS_TYPES_H 1
| #define HAVE_SYS_STAT_H 1
| #define HAVE_STDLIB_H 1
| #define HAVE_STRING_H 1
| #define HAVE_MEMORY_H 1
| #define HAVE_STRINGS_H 1
| #define HAVE_INTTYPES_H 1
| #define HAVE_STDINT_H 1
| #define HAVE_UNISTD_H 1
| /* end confdefs.h.  */
| #include <minix/config.h>
configure:3865: result: no
configure:3893: checking for minix/config.h
configure:3900: result: no
configure:3931: checking whether it is safe to define __EXTENSIONS__
configure:3959: gcc -c -g -O2  conftest.c >&5
configure:3966: $? = 0
configure:3981: result: yes
configure:4092: checking for a BSD-compatible install
configure:4160: result: /usr/bin/install -c
configure:4171: checking whether build environment is sane
configure:4231: result: yes
configure:4372: checking for a thread-safe mkdir -p
configure:4411: result: /bin/mkdir -p
configure:4424: checking for gawk
configure:4440: found /usr/bin/gawk
configure:4451: result: gawk
configure:4462: checking whether make sets $(MAKE)
configure:4484: result: yes
configure:4514: checking for style of include used by make
configure:4542: result: GNU
configure:4629: checking dependency style of gcc
configure:4739: result: gcc3
configure:4780: checking for library containing strerror
configure:4821: gcc -o conftest -g -O2   conftest.c  >&5
configure:4828: $? = 0
configure:4859: result: none required
configure:4915: checking for gcc
configure:4942: result: gcc
configure:5174: checking for C compiler version
configure:5182: gcc --version >&5
gcc (Debian 4.8.2-1) 4.8.2
Copyright (C) 2013 Free Software Foundation, Inc.
This is free software; see the source for copying conditions.  There is NO
warranty; not even for MERCHANTABILITY or FITNESS FOR A PARTICULAR PURPOSE.

configure:5186: $? = 0
configure:5193: gcc -v >&5
Using built-in specs.
COLLECT_GCC=gcc
COLLECT_LTO_WRAPPER=/usr/lib/gcc/i486-linux-gnu/4.8/lto-wrapper
Target: i486-linux-gnu
Configured with: ../src/configure -v --with-pkgversion='Debian 4.8.2-1' --with-bugurl=file:///usr/share/doc/gcc-4.8/README.Bugs --enable-languages=c,c++,java,go,d,fortran,objc,obj-c++ --prefix=/usr --program-suffix=-4.8 --enable-shared --enable-linker-build-id --libexecdir=/usr/lib --without-included-gettext --enable-threads=posix --with-gxx-include-dir=/usr/include/c++/4.8 --libdir=/usr/lib --enable-nls --with-sysroot=/ --enable-clocale=gnu --enable-libstdcxx-debug --enable-libstdcxx-time=yes --enable-gnu-unique-object --enable-plugin --with-system-zlib --disable-browser-plugin --enable-java-awt=gtk --enable-gtk-cairo --with-java-home=/usr/lib/jvm/java-1.5.0-gcj-4.8-i386/jre --enable-java-home --with-jvm-root-dir=/usr/lib/jvm/java-1.5.0-gcj-4.8-i386 --with-jvm-jar-dir=/usr/lib/jvm-exports/java-1.5.0-gcj-4.8-i386 --with-arch-directory=i386 --with-ecj-jar=/usr/share/java/eclipse-ecj.jar --enable-objc-gc --enable-targets=all --enable-multiarch --with-arch-32=i586 --with-multilib-list=m32,m64,mx32 --with-tune=generic --enable-checking=release --build=i486-linux-gnu --host=i486-linux-gnu --target=i486-linux-gnu
Thread model: posix
gcc version 4.8.2 (Debian 4.8.2-1) 
configure:5197: $? = 0
configure:5204: gcc -V >&5
gcc: error: unrecognized command line option '-V'
gcc: fatal error: no input files
compilation terminated.
configure:5208: $? = 4
configure:5211: checking whether we are using the GNU C compiler
configure:5264: result: yes
configure:5273: checking whether gcc accepts -g
configure:5411: result: yes
configure:5428: checking for gcc option to accept ISO C89
configure:5532: result: none needed
configure:5564: checking for a BSD-compatible install
configure:5632: result: /usr/bin/install -c
configure:5648: checking how to run the C preprocessor
configure:5766: result: gcc -E
configure:5795: gcc -E  conftest.c
configure:5802: $? = 0
configure:5833: gcc -E  conftest.c
conftest.c:25:28: fatal error: ac_nonexistent.h: No such file or directory
 #include <ac_nonexistent.h>
                            ^
compilation terminated.
configure:5840: $? = 1
configure: failed program was:
| /* confdefs.h.  */
| #define PACKAGE_NAME ""
| #define PACKAGE_TARNAME ""
| #define PACKAGE_VERSION ""
| #define PACKAGE_STRING ""
| #define PACKAGE_BUGREPORT ""
| #define STDC_HEADERS 1
| #define HAVE_SYS_TYPES_H 1
| #define HAVE_SYS_STAT_H 1
| #define HAVE_STDLIB_H 1
| #define HAVE_STRING_H 1
| #define HAVE_MEMORY_H 1
| #define HAVE_STRINGS_H 1
| #define HAVE_INTTYPES_H 1
| #define HAVE_STDINT_H 1
| #define HAVE_UNISTD_H 1
| #define __EXTENSIONS__ 1
| #define _ALL_SOURCE 1
| #define _GNU_SOURCE 1
| #define _POSIX_PTHREAD_SEMANTICS 1
| #define _TANDEM_SOURCE 1
| #define PACKAGE "libxslt"
| #define VERSION "1.1.26"
| /* end confdefs.h.  */
| #include <ac_nonexistent.h>
configure:5881: checking for rm
configure:5899: found /bin/rm
configure:5912: result: /bin/rm
configure:5922: checking for mv
configure:5940: found /bin/mv
configure:5953: result: /bin/mv
configure:5963: checking for tar
configure:5981: found /bin/tar
configure:5994: result: /bin/tar
configure:6004: checking for xmllint
configure:6022: found /home/asdp/projects/DiscoveryProject/discovery/vendor/ruby/2.1.0/gems/nokogiri-1.6.1/ports/i486-linux-gnu/libxml2/2.8.0/bin/xmllint
configure:6035: result: /home/asdp/projects/DiscoveryProject/discovery/vendor/ruby/2.1.0/gems/nokogiri-1.6.1/ports/i486-linux-gnu/libxml2/2.8.0/bin/xmllint
configure:6045: checking for xsltproc
configure:6063: found /usr/bin/xsltproc
configure:6076: result: /usr/bin/xsltproc
configure:6085: checking for ANSI C header files
configure:6253: result: yes
configure:6592: checking for a sed that does not truncate output
configure:6658: result: /bin/sed
configure:6676: checking for fgrep
configure:6740: result: /bin/grep -F
configure:6775: checking for ld used by gcc
configure:6842: result: /usr/bin/ld
configure:6851: checking if the linker (/usr/bin/ld) is GNU ld
configure:6866: result: yes
configure:6878: checking for BSD- or MS-compatible name lister (nm)
configure:6927: result: /usr/bin/nm -B
configure:7045: checking the name lister (/usr/bin/nm -B) interface
configure:7052: gcc -c -g -O2  conftest.c >&5
configure:7055: /usr/bin/nm -B "conftest.o"
configure:7058: output
00000000 B some_variable
configure:7065: result: BSD nm
configure:7068: checking whether ln -s works
configure:7072: result: yes
configure:7080: checking the maximum length of command line arguments
configure:7200: result: 1572864
configure:7217: checking whether the shell understands some XSI constructs
configure:7227: result: yes
configure:7231: checking whether the shell understands "+="
configure:7237: result: yes
configure:7272: checking for /usr/bin/ld option to reload object files
configure:7279: result: -r
configure:7348: checking for objdump
configure:7375: result: objdump
configure:7404: checking how to recognize dependent libraries
configure:7600: result: pass_all
configure:7660: checking for ar
configure:7676: found /usr/bin/ar
configure:7687: result: ar
configure:7765: checking for strip
configure:7781: found /usr/bin/strip
configure:7792: result: strip
configure:7864: checking for ranlib
configure:7880: found /usr/bin/ranlib
configure:7891: result: ranlib
configure:7981: checking command to parse /usr/bin/nm -B output from gcc object
configure:8099: gcc -c -g -O2  conftest.c >&5
configure:8102: $? = 0
configure:8106: /usr/bin/nm -B conftest.o \| sed -n -e 's/^.*[	 ]\([ABCDGIRSTW][ABCDGIRSTW]*\)[	 ][	 ]*\([_A-Za-z][_A-Za-z0-9]*\)$/\1 \2 \2/p' \> conftest.nm
configure:8109: $? = 0
configure:8163: gcc -o conftest -g -O2   conftest.c conftstm.o >&5
configure:8166: $? = 0
configure:8204: result: ok
configure:9069: checking for dlfcn.h
configure:9090: gcc -c -g -O2  conftest.c >&5
configure:9097: $? = 0
configure:9114: result: yes
configure:9298: checking for objdir
configure:9313: result: .libs
configure:9605: checking if gcc supports -fno-rtti -fno-exceptions
configure:9623: gcc -c -g -O2  -fno-rtti -fno-exceptions conftest.c >&5
cc1: warning: command line option '-fno-rtti' is valid for C++/ObjC++ but not for C [enabled by default]
configure:9627: $? = 0
configure:9640: result: no
configure:9660: checking for gcc option to produce PIC
configure:9932: result: -fPIC -DPIC
configure:9944: checking if gcc PIC flag -fPIC -DPIC works
configure:9962: gcc -c -g -O2  -fPIC -DPIC -DPIC conftest.c >&5
configure:9966: $? = 0
configure:9979: result: yes
configure:10003: checking if gcc static flag -static works
configure:10031: result: yes
configure:10046: checking if gcc supports -c -o file.o
configure:10067: gcc -c -g -O2  -o out/conftest2.o conftest.c >&5
configure:10071: $? = 0
configure:10093: result: yes
configure:10101: checking if gcc supports -c -o file.o
configure:10148: result: yes
configure:10181: checking whether the gcc linker (/usr/bin/ld) supports shared libraries
configure:11255: result: yes
configure:11292: checking whether -lc should be explicitly linked in
configure:11297: gcc -c -g -O2  conftest.c >&5
configure:11300: $? = 0
configure:11315: gcc -shared conftest.o  -v -Wl,-soname -Wl,conftest -o conftest 2\>\&1 \| /bin/grep  -lc  \>/dev/null 2\>\&1
configure:11318: $? = 0
configure:11330: result: no
configure:11494: checking dynamic linker characteristics
configure:11937: gcc -o conftest -g -O2   -Wl,-rpath -Wl,/foo conftest.c  >&5
configure:11944: $? = 0
configure:12180: result: GNU/Linux ld.so
configure:12282: checking how to hardcode library paths into programs
configure:12307: result: immediate
configure:13140: checking whether stripping libraries is possible
configure:13145: result: yes
configure:13180: checking if libtool supports shared libraries
configure:13182: result: yes
configure:13185: checking whether to build shared libraries
configure:13206: result: yes
configure:13209: checking whether to build static libraries
configure:13213: result: no
configure:13259: checking for sys/types.h
configure:13266: result: yes
configure:13270: checking sys/time.h usability
configure:13287: gcc -c -g -O2  conftest.c >&5
configure:13294: $? = 0
configure:13308: result: yes
configure:13312: checking sys/time.h presence
configure:13327: gcc -E  conftest.c
configure:13334: $? = 0
configure:13348: result: yes
configure:13376: checking for sys/time.h
configure:13385: result: yes
configure:13259: checking for stdlib.h
configure:13266: result: yes
configure:13259: checking for unistd.h
configure:13266: result: yes
configure:13259: checking for string.h
configure:13266: result: yes
configure:13427: checking pthread.h usability
configure:13444: gcc -c -g -O2  conftest.c >&5
configure:13451: $? = 0
configure:13465: result: yes
configure:13469: checking pthread.h presence
configure:13484: gcc -E  conftest.c
configure:13491: $? = 0
configure:13505: result: yes
configure:13533: checking for pthread.h
configure:13540: result: yes
configure:13545: checking for pthread_join in -lpthread
configure:13580: gcc -o conftest -g -O2   conftest.c -lpthread   >&5
configure:13587: $? = 0
configure:13608: result: yes
configure:13652: checking locale.h usability
configure:13669: gcc -c -g -O2  conftest.c >&5
configure:13676: $? = 0
configure:13690: result: yes
configure:13694: checking locale.h presence
configure:13709: gcc -E  conftest.c
configure:13716: $? = 0
configure:13730: result: yes
configure:13758: checking for locale.h
configure:13767: result: yes
configure:13652: checking xlocale.h usability
configure:13669: gcc -c -g -O2  conftest.c >&5
configure:13676: $? = 0
configure:13690: result: yes
configure:13694: checking xlocale.h presence
configure:13709: gcc -E  conftest.c
configure:13716: $? = 0
configure:13730: result: yes
configure:13758: checking for xlocale.h
configure:13767: result: yes
configure:13783: checking if xlocale program link
configure:13851: gcc -o conftest -g -O2   conftest.c  >&5
configure:13858: $? = 0
configure:13866: result: yes
configure:13914: checking ieeefp.h usability
configure:13931: gcc -c -g -O2  conftest.c >&5
conftest.c:70:20: fatal error: ieeefp.h: No such file or directory
 #include <ieeefp.h>
                    ^
compilation terminated.
configure:13938: $? = 1
configure: failed program was:
| /* confdefs.h.  */
| #define PACKAGE_NAME ""
| #define PACKAGE_TARNAME ""
| #define PACKAGE_VERSION ""
| #define PACKAGE_STRING ""
| #define PACKAGE_BUGREPORT ""
| #define STDC_HEADERS 1
| #define HAVE_SYS_TYPES_H 1
| #define HAVE_SYS_STAT_H 1
| #define HAVE_STDLIB_H 1
| #define HAVE_STRING_H 1
| #define HAVE_MEMORY_H 1
| #define HAVE_STRINGS_H 1
| #define HAVE_INTTYPES_H 1
| #define HAVE_STDINT_H 1
| #define HAVE_UNISTD_H 1
| #define __EXTENSIONS__ 1
| #define _ALL_SOURCE 1
| #define _GNU_SOURCE 1
| #define _POSIX_PTHREAD_SEMANTICS 1
| #define _TANDEM_SOURCE 1
| #define PACKAGE "libxslt"
| #define VERSION "1.1.26"
| #define STDC_HEADERS 1
| #define HAVE_DLFCN_H 1
| #define LT_OBJDIR ".libs/"
| #define HAVE_SYS_TYPES_H 1
| #define HAVE_SYS_TIME_H 1
| #define HAVE_STDLIB_H 1
| #define HAVE_UNISTD_H 1
| #define HAVE_STRING_H 1
| #define HAVE_LIBPTHREAD /**/
| #define HAVE_PTHREAD_H /**/
| #define HAVE_LOCALE_H 1
| #define HAVE_XLOCALE_H 1
| /* end confdefs.h.  */
| #include <stdio.h>
| #ifdef HAVE_SYS_TYPES_H
| # include <sys/types.h>
| #endif
| #ifdef HAVE_SYS_STAT_H
| # include <sys/stat.h>
| #endif
| #ifdef STDC_HEADERS
| # include <stdlib.h>
| # include <stddef.h>
| #else
| # ifdef HAVE_STDLIB_H
| #  include <stdlib.h>
| # endif
| #endif
| #ifdef HAVE_STRING_H
| # if !defined STDC_HEADERS && defined HAVE_MEMORY_H
| #  include <memory.h>
| # endif
| # include <string.h>
| #endif
| #ifdef HAVE_STRINGS_H
| # include <strings.h>
| #endif
| #ifdef HAVE_INTTYPES_H
| # include <inttypes.h>
| #endif
| #ifdef HAVE_STDINT_H
| # include <stdint.h>
| #endif
| #ifdef HAVE_UNISTD_H
| # include <unistd.h>
| #endif
| #include <ieeefp.h>
configure:13952: result: no
configure:13956: checking ieeefp.h presence
configure:13971: gcc -E  conftest.c
conftest.c:37:20: fatal error: ieeefp.h: No such file or directory
 #include <ieeefp.h>
                    ^
compilation terminated.
configure:13978: $? = 1
configure: failed program was:
| /* confdefs.h.  */
| #define PACKAGE_NAME ""
| #define PACKAGE_TARNAME ""
| #define PACKAGE_VERSION ""
| #define PACKAGE_STRING ""
| #define PACKAGE_BUGREPORT ""
| #define STDC_HEADERS 1
| #define HAVE_SYS_TYPES_H 1
| #define HAVE_SYS_STAT_H 1
| #define HAVE_STDLIB_H 1
| #define HAVE_STRING_H 1
| #define HAVE_MEMORY_H 1
| #define HAVE_STRINGS_H 1
| #define HAVE_INTTYPES_H 1
| #define HAVE_STDINT_H 1
| #define HAVE_UNISTD_H 1
| #define __EXTENSIONS__ 1
| #define _ALL_SOURCE 1
| #define _GNU_SOURCE 1
| #define _POSIX_PTHREAD_SEMANTICS 1
| #define _TANDEM_SOURCE 1
| #define PACKAGE "libxslt"
| #define VERSION "1.1.26"
| #define STDC_HEADERS 1
| #define HAVE_DLFCN_H 1
| #define LT_OBJDIR ".libs/"
| #define HAVE_SYS_TYPES_H 1
| #define HAVE_SYS_TIME_H 1
| #define HAVE_STDLIB_H 1
| #define HAVE_UNISTD_H 1
| #define HAVE_STRING_H 1
| #define HAVE_LIBPTHREAD /**/
| #define HAVE_PTHREAD_H /**/
| #define HAVE_LOCALE_H 1
| #define HAVE_XLOCALE_H 1
| /* end confdefs.h.  */
| #include <ieeefp.h>
configure:13992: result: no
configure:14020: checking for ieeefp.h
configure:14029: result: no
configure:13914: checking nan.h usability
configure:13931: gcc -c -g -O2  conftest.c >&5
conftest.c:70:17: fatal error: nan.h: No such file or directory
 #include <nan.h>
                 ^
compilation terminated.
configure:13938: $? = 1
configure: failed program was:
| /* confdefs.h.  */
| #define PACKAGE_NAME ""
| #define PACKAGE_TARNAME ""
| #define PACKAGE_VERSION ""
| #define PACKAGE_STRING ""
| #define PACKAGE_BUGREPORT ""
| #define STDC_HEADERS 1
| #define HAVE_SYS_TYPES_H 1
| #define HAVE_SYS_STAT_H 1
| #define HAVE_STDLIB_H 1
| #define HAVE_STRING_H 1
| #define HAVE_MEMORY_H 1
| #define HAVE_STRINGS_H 1
| #define HAVE_INTTYPES_H 1
| #define HAVE_STDINT_H 1
| #define HAVE_UNISTD_H 1
| #define __EXTENSIONS__ 1
| #define _ALL_SOURCE 1
| #define _GNU_SOURCE 1
| #define _POSIX_PTHREAD_SEMANTICS 1
| #define _TANDEM_SOURCE 1
| #define PACKAGE "libxslt"
| #define VERSION "1.1.26"
| #define STDC_HEADERS 1
| #define HAVE_DLFCN_H 1
| #define LT_OBJDIR ".libs/"
| #define HAVE_SYS_TYPES_H 1
| #define HAVE_SYS_TIME_H 1
| #define HAVE_STDLIB_H 1
| #define HAVE_UNISTD_H 1
| #define HAVE_STRING_H 1
| #define HAVE_LIBPTHREAD /**/
| #define HAVE_PTHREAD_H /**/
| #define HAVE_LOCALE_H 1
| #define HAVE_XLOCALE_H 1
| /* end confdefs.h.  */
| #include <stdio.h>
| #ifdef HAVE_SYS_TYPES_H
| # include <sys/types.h>
| #endif
| #ifdef HAVE_SYS_STAT_H
| # include <sys/stat.h>
| #endif
| #ifdef STDC_HEADERS
| # include <stdlib.h>
| # include <stddef.h>
| #else
| # ifdef HAVE_STDLIB_H
| #  include <stdlib.h>
| # endif
| #endif
| #ifdef HAVE_STRING_H
| # if !defined STDC_HEADERS && defined HAVE_MEMORY_H
| #  include <memory.h>
| # endif
| # include <string.h>
| #endif
| #ifdef HAVE_STRINGS_H
| # include <strings.h>
| #endif
| #ifdef HAVE_INTTYPES_H
| # include <inttypes.h>
| #endif
| #ifdef HAVE_STDINT_H
| # include <stdint.h>
| #endif
| #ifdef HAVE_UNISTD_H
| # include <unistd.h>
| #endif
| #include <nan.h>
configure:13952: result: no
configure:13956: checking nan.h presence
configure:13971: gcc -E  conftest.c
conftest.c:37:17: fatal error: nan.h: No such file or directory
 #include <nan.h>
                 ^
compilation terminated.
configure:13978: $? = 1
configure: failed program was:
| /* confdefs.h.  */
| #define PACKAGE_NAME ""
| #define PACKAGE_TARNAME ""
| #define PACKAGE_VERSION ""
| #define PACKAGE_STRING ""
| #define PACKAGE_BUGREPORT ""
| #define STDC_HEADERS 1
| #define HAVE_SYS_TYPES_H 1
| #define HAVE_SYS_STAT_H 1
| #define HAVE_STDLIB_H 1
| #define HAVE_STRING_H 1
| #define HAVE_MEMORY_H 1
| #define HAVE_STRINGS_H 1
| #define HAVE_INTTYPES_H 1
| #define HAVE_STDINT_H 1
| #define HAVE_UNISTD_H 1
| #define __EXTENSIONS__ 1
| #define _ALL_SOURCE 1
| #define _GNU_SOURCE 1
| #define _POSIX_PTHREAD_SEMANTICS 1
| #define _TANDEM_SOURCE 1
| #define PACKAGE "libxslt"
| #define VERSION "1.1.26"
| #define STDC_HEADERS 1
| #define HAVE_DLFCN_H 1
| #define LT_OBJDIR ".libs/"
| #define HAVE_SYS_TYPES_H 1
| #define HAVE_SYS_TIME_H 1
| #define HAVE_STDLIB_H 1
| #define HAVE_UNISTD_H 1
| #define HAVE_STRING_H 1
| #define HAVE_LIBPTHREAD /**/
| #define HAVE_PTHREAD_H /**/
| #define HAVE_LOCALE_H 1
| #define HAVE_XLOCALE_H 1
| /* end confdefs.h.  */
| #include <nan.h>
configure:13992: result: no
configure:14020: checking for nan.h
configure:14029: result: no
configure:13914: checking math.h usability
configure:13931: gcc -c -g -O2  conftest.c >&5
configure:13938: $? = 0
configure:13952: result: yes
configure:13956: checking math.h presence
configure:13971: gcc -E  conftest.c
configure:13978: $? = 0
configure:13992: result: yes
configure:14020: checking for math.h
configure:14029: result: yes
configure:13914: checking fp_class.h usability
configure:13931: gcc -c -g -O2  conftest.c >&5
conftest.c:71:22: fatal error: fp_class.h: No such file or directory
 #include <fp_class.h>
                      ^
compilation terminated.
configure:13938: $? = 1
configure: failed program was:
| /* confdefs.h.  */
| #define PACKAGE_NAME ""
| #define PACKAGE_TARNAME ""
| #define PACKAGE_VERSION ""
| #define PACKAGE_STRING ""
| #define PACKAGE_BUGREPORT ""
| #define STDC_HEADERS 1
| #define HAVE_SYS_TYPES_H 1
| #define HAVE_SYS_STAT_H 1
| #define HAVE_STDLIB_H 1
| #define HAVE_STRING_H 1
| #define HAVE_MEMORY_H 1
| #define HAVE_STRINGS_H 1
| #define HAVE_INTTYPES_H 1
| #define HAVE_STDINT_H 1
| #define HAVE_UNISTD_H 1
| #define __EXTENSIONS__ 1
| #define _ALL_SOURCE 1
| #define _GNU_SOURCE 1
| #define _POSIX_PTHREAD_SEMANTICS 1
| #define _TANDEM_SOURCE 1
| #define PACKAGE "libxslt"
| #define VERSION "1.1.26"
| #define STDC_HEADERS 1
| #define HAVE_DLFCN_H 1
| #define LT_OBJDIR ".libs/"
| #define HAVE_SYS_TYPES_H 1
| #define HAVE_SYS_TIME_H 1
| #define HAVE_STDLIB_H 1
| #define HAVE_UNISTD_H 1
| #define HAVE_STRING_H 1
| #define HAVE_LIBPTHREAD /**/
| #define HAVE_PTHREAD_H /**/
| #define HAVE_LOCALE_H 1
| #define HAVE_XLOCALE_H 1
| #define HAVE_MATH_H 1
| /* end confdefs.h.  */
| #include <stdio.h>
| #ifdef HAVE_SYS_TYPES_H
| # include <sys/types.h>
| #endif
| #ifdef HAVE_SYS_STAT_H
| # include <sys/stat.h>
| #endif
| #ifdef STDC_HEADERS
| # include <stdlib.h>
| # include <stddef.h>
| #else
| # ifdef HAVE_STDLIB_H
| #  include <stdlib.h>
| # endif
| #endif
| #ifdef HAVE_STRING_H
| # if !defined STDC_HEADERS && defined HAVE_MEMORY_H
| #  include <memory.h>
| # endif
| # include <string.h>
| #endif
| #ifdef HAVE_STRINGS_H
| # include <strings.h>
| #endif
| #ifdef HAVE_INTTYPES_H
| # include <inttypes.h>
| #endif
| #ifdef HAVE_STDINT_H
| # include <stdint.h>
| #endif
| #ifdef HAVE_UNISTD_H
| # include <unistd.h>
| #endif
| #include <fp_class.h>
configure:13952: result: no
configure:13956: checking fp_class.h presence
configure:13971: gcc -E  conftest.c
conftest.c:38:22: fatal error: fp_class.h: No such file or directory
 #include <fp_class.h>
                      ^
compilation terminated.
configure:13978: $? = 1
configure: failed program was:
| /* confdefs.h.  */
| #define PACKAGE_NAME ""
| #define PACKAGE_TARNAME ""
| #define PACKAGE_VERSION ""
| #define PACKAGE_STRING ""
| #define PACKAGE_BUGREPORT ""
| #define STDC_HEADERS 1
| #define HAVE_SYS_TYPES_H 1
| #define HAVE_SYS_STAT_H 1
| #define HAVE_STDLIB_H 1
| #define HAVE_STRING_H 1
| #define HAVE_MEMORY_H 1
| #define HAVE_STRINGS_H 1
| #define HAVE_INTTYPES_H 1
| #define HAVE_STDINT_H 1
| #define HAVE_UNISTD_H 1
| #define __EXTENSIONS__ 1
| #define _ALL_SOURCE 1
| #define _GNU_SOURCE 1
| #define _POSIX_PTHREAD_SEMANTICS 1
| #define _TANDEM_SOURCE 1
| #define PACKAGE "libxslt"
| #define VERSION "1.1.26"
| #define STDC_HEADERS 1
| #define HAVE_DLFCN_H 1
| #define LT_OBJDIR ".libs/"
| #define HAVE_SYS_TYPES_H 1
| #define HAVE_SYS_TIME_H 1
| #define HAVE_STDLIB_H 1
| #define HAVE_UNISTD_H 1
| #define HAVE_STRING_H 1
| #define HAVE_LIBPTHREAD /**/
| #define HAVE_PTHREAD_H /**/
| #define HAVE_LOCALE_H 1
| #define HAVE_XLOCALE_H 1
| #define HAVE_MATH_H 1
| /* end confdefs.h.  */
| #include <fp_class.h>
configure:13992: result: no
configure:14020: checking for fp_class.h
configure:14029: result: no
configure:13914: checking float.h usability
configure:13931: gcc -c -g -O2  conftest.c >&5
configure:13938: $? = 0
configure:13952: result: yes
configure:13956: checking float.h presence
configure:13971: gcc -E  conftest.c
configure:13978: $? = 0
configure:13992: result: yes
configure:14020: checking for float.h
configure:14029: result: yes
configure:13914: checking ansidecl.h usability
configure:13931: gcc -c -g -O2  conftest.c >&5
conftest.c:72:22: fatal error: ansidecl.h: No such file or directory
 #include <ansidecl.h>
                      ^
compilation terminated.
configure:13938: $? = 1
configure: failed program was:
| /* confdefs.h.  */
| #define PACKAGE_NAME ""
| #define PACKAGE_TARNAME ""
| #define PACKAGE_VERSION ""
| #define PACKAGE_STRING ""
| #define PACKAGE_BUGREPORT ""
| #define STDC_HEADERS 1
| #define HAVE_SYS_TYPES_H 1
| #define HAVE_SYS_STAT_H 1
| #define HAVE_STDLIB_H 1
| #define HAVE_STRING_H 1
| #define HAVE_MEMORY_H 1
| #define HAVE_STRINGS_H 1
| #define HAVE_INTTYPES_H 1
| #define HAVE_STDINT_H 1
| #define HAVE_UNISTD_H 1
| #define __EXTENSIONS__ 1
| #define _ALL_SOURCE 1
| #define _GNU_SOURCE 1
| #define _POSIX_PTHREAD_SEMANTICS 1
| #define _TANDEM_SOURCE 1
| #define PACKAGE "libxslt"
| #define VERSION "1.1.26"
| #define STDC_HEADERS 1
| #define HAVE_DLFCN_H 1
| #define LT_OBJDIR ".libs/"
| #define HAVE_SYS_TYPES_H 1
| #define HAVE_SYS_TIME_H 1
| #define HAVE_STDLIB_H 1
| #define HAVE_UNISTD_H 1
| #define HAVE_STRING_H 1
| #define HAVE_LIBPTHREAD /**/
| #define HAVE_PTHREAD_H /**/
| #define HAVE_LOCALE_H 1
| #define HAVE_XLOCALE_H 1
| #define HAVE_MATH_H 1
| #define HAVE_FLOAT_H 1
| /* end confdefs.h.  */
| #include <stdio.h>
| #ifdef HAVE_SYS_TYPES_H
| # include <sys/types.h>
| #endif
| #ifdef HAVE_SYS_STAT_H
| # include <sys/stat.h>
| #endif
| #ifdef STDC_HEADERS
| # include <stdlib.h>
| # include <stddef.h>
| #else
| # ifdef HAVE_STDLIB_H
| #  include <stdlib.h>
| # endif
| #endif
| #ifdef HAVE_STRING_H
| # if !defined STDC_HEADERS && defined HAVE_MEMORY_H
| #  include <memory.h>
| # endif
| # include <string.h>
| #endif
| #ifdef HAVE_STRINGS_H
| # include <strings.h>
| #endif
| #ifdef HAVE_INTTYPES_H
| # include <inttypes.h>
| #endif
| #ifdef HAVE_STDINT_H
| # include <stdint.h>
| #endif
| #ifdef HAVE_UNISTD_H
| # include <unistd.h>
| #endif
| #include <ansidecl.h>
configure:13952: result: no
configure:13956: checking ansidecl.h presence
configure:13971: gcc -E  conftest.c
conftest.c:39:22: fatal error: ansidecl.h: No such file or directory
 #include <ansidecl.h>
                      ^
compilation terminated.
configure:13978: $? = 1
configure: failed program was:
| /* confdefs.h.  */
| #define PACKAGE_NAME ""
| #define PACKAGE_TARNAME ""
| #define PACKAGE_VERSION ""
| #define PACKAGE_STRING ""
| #define PACKAGE_BUGREPORT ""
| #define STDC_HEADERS 1
| #define HAVE_SYS_TYPES_H 1
| #define HAVE_SYS_STAT_H 1
| #define HAVE_STDLIB_H 1
| #define HAVE_STRING_H 1
| #define HAVE_MEMORY_H 1
| #define HAVE_STRINGS_H 1
| #define HAVE_INTTYPES_H 1
| #define HAVE_STDINT_H 1
| #define HAVE_UNISTD_H 1
| #define __EXTENSIONS__ 1
| #define _ALL_SOURCE 1
| #define _GNU_SOURCE 1
| #define _POSIX_PTHREAD_SEMANTICS 1
| #define _TANDEM_SOURCE 1
| #define PACKAGE "libxslt"
| #define VERSION "1.1.26"
| #define STDC_HEADERS 1
| #define HAVE_DLFCN_H 1
| #define LT_OBJDIR ".libs/"
| #define HAVE_SYS_TYPES_H 1
| #define HAVE_SYS_TIME_H 1
| #define HAVE_STDLIB_H 1
| #define HAVE_UNISTD_H 1
| #define HAVE_STRING_H 1
| #define HAVE_LIBPTHREAD /**/
| #define HAVE_PTHREAD_H /**/
| #define HAVE_LOCALE_H 1
| #define HAVE_XLOCALE_H 1
| #define HAVE_MATH_H 1
| #define HAVE_FLOAT_H 1
| /* end confdefs.h.  */
| #include <ansidecl.h>
configure:13992: result: no
configure:14020: checking for ansidecl.h
configure:14029: result: no
configure:14064: checking sys/timeb.h usability
configure:14081: gcc -c -g -O2  conftest.c >&5
configure:14088: $? = 0
configure:14102: result: yes
configure:14106: checking sys/timeb.h presence
configure:14121: gcc -E  conftest.c
configure:14128: $? = 0
configure:14142: result: yes
configure:14170: checking for sys/timeb.h
configure:14179: result: yes
configure:14064: checking time.h usability
configure:14081: gcc -c -g -O2  conftest.c >&5
configure:14088: $? = 0
configure:14102: result: yes
configure:14106: checking time.h presence
configure:14121: gcc -E  conftest.c
configure:14128: $? = 0
configure:14142: result: yes
configure:14170: checking for time.h
configure:14179: result: yes
configure:14053: checking for sys/stat.h
configure:14060: result: yes
configure:14064: checking sys/select.h usability
configure:14081: gcc -c -g -O2  conftest.c >&5
configure:14088: $? = 0
configure:14102: result: yes
configure:14106: checking sys/select.h presence
configure:14121: gcc -E  conftest.c
configure:14128: $? = 0
configure:14142: result: yes
configure:14170: checking for sys/select.h
configure:14179: result: yes
configure:14064: checking stdarg.h usability
configure:14081: gcc -c -g -O2  conftest.c >&5
configure:14088: $? = 0
configure:14102: result: yes
configure:14106: checking stdarg.h presence
configure:14121: gcc -E  conftest.c
configure:14128: $? = 0
configure:14142: result: yes
configure:14170: checking for stdarg.h
configure:14179: result: yes
configure:14199: checking for stat
configure:14255: gcc -o conftest -g -O2   conftest.c  >&5
configure:14262: $? = 0
configure:14284: result: yes
configure:14199: checking for _stat
configure:14255: gcc -o conftest -g -O2   conftest.c  >&5
/tmp/cceQVgWh.o: In function `main':
/home/asdp/projects/DiscoveryProject/discovery/vendor/ruby/2.1.0/gems/nokogiri-1.6.1/ext/nokogiri/tmp/i486-linux-gnu/ports/libxslt/1.1.26/libxslt-1.1.26/conftest.c:79: undefined reference to `_stat'
collect2: error: ld returned 1 exit status
configure:14262: $? = 1
configure: failed program was:
| /* confdefs.h.  */
| #define PACKAGE_NAME ""
| #define PACKAGE_TARNAME ""
| #define PACKAGE_VERSION ""
| #define PACKAGE_STRING ""
| #define PACKAGE_BUGREPORT ""
| #define STDC_HEADERS 1
| #define HAVE_SYS_TYPES_H 1
| #define HAVE_SYS_STAT_H 1
| #define HAVE_STDLIB_H 1
| #define HAVE_STRING_H 1
| #define HAVE_MEMORY_H 1
| #define HAVE_STRINGS_H 1
| #define HAVE_INTTYPES_H 1
| #define HAVE_STDINT_H 1
| #define HAVE_UNISTD_H 1
| #define __EXTENSIONS__ 1
| #define _ALL_SOURCE 1
| #define _GNU_SOURCE 1
| #define _POSIX_PTHREAD_SEMANTICS 1
| #define _TANDEM_SOURCE 1
| #define PACKAGE "libxslt"
| #define VERSION "1.1.26"
| #define STDC_HEADERS 1
| #define HAVE_DLFCN_H 1
| #define LT_OBJDIR ".libs/"
| #define HAVE_SYS_TYPES_H 1
| #define HAVE_SYS_TIME_H 1
| #define HAVE_STDLIB_H 1
| #define HAVE_UNISTD_H 1
| #define HAVE_STRING_H 1
| #define HAVE_LIBPTHREAD /**/
| #define HAVE_PTHREAD_H /**/
| #define HAVE_LOCALE_H 1
| #define HAVE_XLOCALE_H 1
| #define HAVE_MATH_H 1
| #define HAVE_FLOAT_H 1
| #define HAVE_SYS_TIMEB_H 1
| #define HAVE_TIME_H 1
| #define HAVE_SYS_STAT_H 1
| #define HAVE_SYS_SELECT_H 1
| #define HAVE_STDARG_H 1
| #define HAVE_STAT 1
| /* end confdefs.h.  */
| /* Define _stat to an innocuous variant, in case <limits.h> declares _stat.
|    For example, HP-UX 11i <limits.h> declares gettimeofday.  */
| #define _stat innocuous__stat
| 
| /* System header to define __stub macros and hopefully few prototypes,
|     which can conflict with char _stat (); below.
|     Prefer <limits.h> to <assert.h> if __STDC__ is defined, since
|     <limits.h> exists even on freestanding compilers.  */
| 
| #ifdef __STDC__
| # include <limits.h>
| #else
| # include <assert.h>
| #endif
| 
| #undef _stat
| 
| /* Override any GCC internal prototype to avoid an error.
|    Use char because int might match the return type of a GCC
|    builtin and then its argument prototype would still apply.  */
| #ifdef __cplusplus
| extern "C"
| #endif
| char _stat ();
| /* The GNU C library defines this for functions which it implements
|     to always fail with ENOSYS.  Some functions are actually named
|     something starting with __ and the normal name is an alias.  */
| #if defined __stub__stat || defined __stub____stat
| choke me
| #endif
| 
| int
| main ()
| {
| return _stat ();
|   ;
|   return 0;
| }
configure:14284: result: no
configure:14296: checking for isnan
configure:14352: gcc -o conftest -g -O2   conftest.c  >&5
conftest.c:68:6: warning: conflicting types for built-in function 'isnan' [enabled by default]
 char isnan ();
      ^
configure:14359: $? = 0
configure:14379: result: yes
configure:14459: checking for isinf
configure:14515: gcc -o conftest -g -O2   conftest.c  >&5
conftest.c:68:6: warning: conflicting types for built-in function 'isinf' [enabled by default]
 char isinf ();
      ^
configure:14522: $? = 0
configure:14542: result: yes
configure:14622: checking for pow
configure:14678: gcc -o conftest -g -O2   conftest.c  >&5
conftest.c:68:6: warning: conflicting types for built-in function 'pow' [enabled by default]
 char pow ();
      ^
/tmp/ccsuv54p.o: In function `main':
/home/asdp/projects/DiscoveryProject/discovery/vendor/ruby/2.1.0/gems/nokogiri-1.6.1/ext/nokogiri/tmp/i486-linux-gnu/ports/libxslt/1.1.26/libxslt-1.1.26/conftest.c:79: undefined reference to `pow'
collect2: error: ld returned 1 exit status
configure:14685: $? = 1
configure: failed program was:
| /* confdefs.h.  */
| #define PACKAGE_NAME ""
| #define PACKAGE_TARNAME ""
| #define PACKAGE_VERSION ""
| #define PACKAGE_STRING ""
| #define PACKAGE_BUGREPORT ""
| #define STDC_HEADERS 1
| #define HAVE_SYS_TYPES_H 1
| #define HAVE_SYS_STAT_H 1
| #define HAVE_STDLIB_H 1
| #define HAVE_STRING_H 1
| #define HAVE_MEMORY_H 1
| #define HAVE_STRINGS_H 1
| #define HAVE_INTTYPES_H 1
| #define HAVE_STDINT_H 1
| #define HAVE_UNISTD_H 1
| #define __EXTENSIONS__ 1
| #define _ALL_SOURCE 1
| #define _GNU_SOURCE 1
| #define _POSIX_PTHREAD_SEMANTICS 1
| #define _TANDEM_SOURCE 1
| #define PACKAGE "libxslt"
| #define VERSION "1.1.26"
| #define STDC_HEADERS 1
| #define HAVE_DLFCN_H 1
| #define LT_OBJDIR ".libs/"
| #define HAVE_SYS_TYPES_H 1
| #define HAVE_SYS_TIME_H 1
| #define HAVE_STDLIB_H 1
| #define HAVE_UNISTD_H 1
| #define HAVE_STRING_H 1
| #define HAVE_LIBPTHREAD /**/
| #define HAVE_PTHREAD_H /**/
| #define HAVE_LOCALE_H 1
| #define HAVE_XLOCALE_H 1
| #define HAVE_MATH_H 1
| #define HAVE_FLOAT_H 1
| #define HAVE_SYS_TIMEB_H 1
| #define HAVE_TIME_H 1
| #define HAVE_SYS_STAT_H 1
| #define HAVE_SYS_SELECT_H 1
| #define HAVE_STDARG_H 1
| #define HAVE_STAT 1
| /* end confdefs.h.  */
| /* Define pow to an innocuous variant, in case <limits.h> declares pow.
|    For example, HP-UX 11i <limits.h> declares gettimeofday.  */
| #define pow innocuous_pow
| 
| /* System header to define __stub macros and hopefully few prototypes,
|     which can conflict with char pow (); below.
|     Prefer <limits.h> to <assert.h> if __STDC__ is defined, since
|     <limits.h> exists even on freestanding compilers.  */
| 
| #ifdef __STDC__
| # include <limits.h>
| #else
| # include <assert.h>
| #endif
| 
| #undef pow
| 
| /* Override any GCC internal prototype to avoid an error.
|    Use char because int might match the return type of a GCC
|    builtin and then its argument prototype would still apply.  */
| #ifdef __cplusplus
| extern "C"
| #endif
| char pow ();
| /* The GNU C library defines this for functions which it implements
|     to always fail with ENOSYS.  Some functions are actually named
|     something starting with __ and the normal name is an alias.  */
| #if defined __stub_pow || defined __stub___pow
| choke me
| #endif
| 
| int
| main ()
| {
| return pow ();
|   ;
|   return 0;
| }
configure:14705: result: no
configure:14710: checking for pow in -lm
configure:14745: gcc -o conftest -g -O2   conftest.c -lm   >&5
conftest.c:52:6: warning: conflicting types for built-in function 'pow' [enabled by default]
 char pow ();
      ^
configure:14752: $? = 0
configure:14773: result: yes
configure:14785: checking for floor
configure:14841: gcc -o conftest -g -O2   conftest.c  >&5
conftest.c:69:6: warning: conflicting types for built-in function 'floor' [enabled by default]
 char floor ();
      ^
/tmp/cc93mdMr.o: In function `main':
/home/asdp/projects/DiscoveryProject/discovery/vendor/ruby/2.1.0/gems/nokogiri-1.6.1/ext/nokogiri/tmp/i486-linux-gnu/ports/libxslt/1.1.26/libxslt-1.1.26/conftest.c:80: undefined reference to `floor'
collect2: error: ld returned 1 exit status
configure:14848: $? = 1
configure: failed program was:
| /* confdefs.h.  */
| #define PACKAGE_NAME ""
| #define PACKAGE_TARNAME ""
| #define PACKAGE_VERSION ""
| #define PACKAGE_STRING ""
| #define PACKAGE_BUGREPORT ""
| #define STDC_HEADERS 1
| #define HAVE_SYS_TYPES_H 1
| #define HAVE_SYS_STAT_H 1
| #define HAVE_STDLIB_H 1
| #define HAVE_STRING_H 1
| #define HAVE_MEMORY_H 1
| #define HAVE_STRINGS_H 1
| #define HAVE_INTTYPES_H 1
| #define HAVE_STDINT_H 1
| #define HAVE_UNISTD_H 1
| #define __EXTENSIONS__ 1
| #define _ALL_SOURCE 1
| #define _GNU_SOURCE 1
| #define _POSIX_PTHREAD_SEMANTICS 1
| #define _TANDEM_SOURCE 1
| #define PACKAGE "libxslt"
| #define VERSION "1.1.26"
| #define STDC_HEADERS 1
| #define HAVE_DLFCN_H 1
| #define LT_OBJDIR ".libs/"
| #define HAVE_SYS_TYPES_H 1
| #define HAVE_SYS_TIME_H 1
| #define HAVE_STDLIB_H 1
| #define HAVE_UNISTD_H 1
| #define HAVE_STRING_H 1
| #define HAVE_LIBPTHREAD /**/
| #define HAVE_PTHREAD_H /**/
| #define HAVE_LOCALE_H 1
| #define HAVE_XLOCALE_H 1
| #define HAVE_MATH_H 1
| #define HAVE_FLOAT_H 1
| #define HAVE_SYS_TIMEB_H 1
| #define HAVE_TIME_H 1
| #define HAVE_SYS_STAT_H 1
| #define HAVE_SYS_SELECT_H 1
| #define HAVE_STDARG_H 1
| #define HAVE_STAT 1
| #define HAVE_POW 1
| /* end confdefs.h.  */
| /* Define floor to an innocuous variant, in case <limits.h> declares floor.
|    For example, HP-UX 11i <limits.h> declares gettimeofday.  */
| #define floor innocuous_floor
| 
| /* System header to define __stub macros and hopefully few prototypes,
|     which can conflict with char floor (); below.
|     Prefer <limits.h> to <assert.h> if __STDC__ is defined, since
|     <limits.h> exists even on freestanding compilers.  */
| 
| #ifdef __STDC__
| # include <limits.h>
| #else
| # include <assert.h>
| #endif
| 
| #undef floor
| 
| /* Override any GCC internal prototype to avoid an error.
|    Use char because int might match the return type of a GCC
|    builtin and then its argument prototype would still apply.  */
| #ifdef __cplusplus
| extern "C"
| #endif
| char floor ();
| /* The GNU C library defines this for functions which it implements
|     to always fail with ENOSYS.  Some functions are actually named
|     something starting with __ and the normal name is an alias.  */
| #if defined __stub_floor || defined __stub___floor
| choke me
| #endif
| 
| int
| main ()
| {
| return floor ();
|   ;
|   return 0;
| }
configure:14868: result: no
configure:14873: checking for floor in -lm
configure:14908: gcc -o conftest -g -O2   conftest.c -lm   >&5
conftest.c:53:6: warning: conflicting types for built-in function 'floor' [enabled by default]
 char floor ();
      ^
configure:14915: $? = 0
configure:14936: result: yes
configure:14948: checking for fabs
configure:15004: gcc -o conftest -g -O2   conftest.c  >&5
conftest.c:70:6: warning: conflicting types for built-in function 'fabs' [enabled by default]
 char fabs ();
      ^
/tmp/cceJi5Dx.o: In function `main':
/home/asdp/projects/DiscoveryProject/discovery/vendor/ruby/2.1.0/gems/nokogiri-1.6.1/ext/nokogiri/tmp/i486-linux-gnu/ports/libxslt/1.1.26/libxslt-1.1.26/conftest.c:81: undefined reference to `fabs'
collect2: error: ld returned 1 exit status
configure:15011: $? = 1
configure: failed program was:
| /* confdefs.h.  */
| #define PACKAGE_NAME ""
| #define PACKAGE_TARNAME ""
| #define PACKAGE_VERSION ""
| #define PACKAGE_STRING ""
| #define PACKAGE_BUGREPORT ""
| #define STDC_HEADERS 1
| #define HAVE_SYS_TYPES_H 1
| #define HAVE_SYS_STAT_H 1
| #define HAVE_STDLIB_H 1
| #define HAVE_STRING_H 1
| #define HAVE_MEMORY_H 1
| #define HAVE_STRINGS_H 1
| #define HAVE_INTTYPES_H 1
| #define HAVE_STDINT_H 1
| #define HAVE_UNISTD_H 1
| #define __EXTENSIONS__ 1
| #define _ALL_SOURCE 1
| #define _GNU_SOURCE 1
| #define _POSIX_PTHREAD_SEMANTICS 1
| #define _TANDEM_SOURCE 1
| #define PACKAGE "libxslt"
| #define VERSION "1.1.26"
| #define STDC_HEADERS 1
| #define HAVE_DLFCN_H 1
| #define LT_OBJDIR ".libs/"
| #define HAVE_SYS_TYPES_H 1
| #define HAVE_SYS_TIME_H 1
| #define HAVE_STDLIB_H 1
| #define HAVE_UNISTD_H 1
| #define HAVE_STRING_H 1
| #define HAVE_LIBPTHREAD /**/
| #define HAVE_PTHREAD_H /**/
| #define HAVE_LOCALE_H 1
| #define HAVE_XLOCALE_H 1
| #define HAVE_MATH_H 1
| #define HAVE_FLOAT_H 1
| #define HAVE_SYS_TIMEB_H 1
| #define HAVE_TIME_H 1
| #define HAVE_SYS_STAT_H 1
| #define HAVE_SYS_SELECT_H 1
| #define HAVE_STDARG_H 1
| #define HAVE_STAT 1
| #define HAVE_POW 1
| #define HAVE_FLOOR 1
| /* end confdefs.h.  */
| /* Define fabs to an innocuous variant, in case <limits.h> declares fabs.
|    For example, HP-UX 11i <limits.h> declares gettimeofday.  */
| #define fabs innocuous_fabs
| 
| /* System header to define __stub macros and hopefully few prototypes,
|     which can conflict with char fabs (); below.
|     Prefer <limits.h> to <assert.h> if __STDC__ is defined, since
|     <limits.h> exists even on freestanding compilers.  */
| 
| #ifdef __STDC__
| # include <limits.h>
| #else
| # include <assert.h>
| #endif
| 
| #undef fabs
| 
| /* Override any GCC internal prototype to avoid an error.
|    Use char because int might match the return type of a GCC
|    builtin and then its argument prototype would still apply.  */
| #ifdef __cplusplus
| extern "C"
| #endif
| char fabs ();
| /* The GNU C library defines this for functions which it implements
|     to always fail with ENOSYS.  Some functions are actually named
|     something starting with __ and the normal name is an alias.  */
| #if defined __stub_fabs || defined __stub___fabs
| choke me
| #endif
| 
| int
| main ()
| {
| return fabs ();
|   ;
|   return 0;
| }
configure:15031: result: no
configure:15036: checking for fabs in -lm
configure:15071: gcc -o conftest -g -O2   conftest.c -lm   >&5
conftest.c:54:6: warning: conflicting types for built-in function 'fabs' [enabled by default]
 char fabs ();
      ^
configure:15078: $? = 0
configure:15099: result: yes
configure:15114: checking for gettimeofday
configure:15170: gcc -o conftest -g -O2   conftest.c  >&5
configure:15177: $? = 0
configure:15199: result: yes
configure:15221: checking for mktime
configure:15277: gcc -o conftest -g -O2   conftest.c  >&5
configure:15284: $? = 0
configure:15306: result: yes
configure:15221: checking for localtime
configure:15277: gcc -o conftest -g -O2   conftest.c  >&5
configure:15284: $? = 0
configure:15306: result: yes
configure:15221: checking for localtime_r
configure:15277: gcc -o conftest -g -O2   conftest.c  >&5
configure:15284: $? = 0
configure:15306: result: yes
configure:15221: checking for asctime
configure:15277: gcc -o conftest -g -O2   conftest.c  >&5
configure:15284: $? = 0
configure:15306: result: yes
configure:15221: checking for time
configure:15277: gcc -o conftest -g -O2   conftest.c  >&5
configure:15284: $? = 0
configure:15306: result: yes
configure:15221: checking for gmtime_r
configure:15277: gcc -o conftest -g -O2   conftest.c  >&5
configure:15284: $? = 0
configure:15306: result: yes
configure:15221: checking for ftime
configure:15277: gcc -o conftest -g -O2   conftest.c  >&5
configure:15284: $? = 0
configure:15306: result: yes
configure:15330: checking for printf
configure:15386: gcc -o conftest -g -O2   conftest.c  >&5
conftest.c:79:6: warning: conflicting types for built-in function 'printf' [enabled by default]
 char printf ();
      ^
configure:15393: $? = 0
configure:15415: result: yes
configure:15330: checking for sprintf
configure:15386: gcc -o conftest -g -O2   conftest.c  >&5
conftest.c:80:6: warning: conflicting types for built-in function 'sprintf' [enabled by default]
 char sprintf ();
      ^
configure:15393: $? = 0
configure:15415: result: yes
configure:15330: checking for fprintf
configure:15386: gcc -o conftest -g -O2   conftest.c  >&5
conftest.c:81:6: warning: conflicting types for built-in function 'fprintf' [enabled by default]
 char fprintf ();
      ^
configure:15393: $? = 0
configure:15415: result: yes
configure:15330: checking for snprintf
configure:15386: gcc -o conftest -g -O2   conftest.c  >&5
conftest.c:82:6: warning: conflicting types for built-in function 'snprintf' [enabled by default]
 char snprintf ();
      ^
configure:15393: $? = 0
configure:15415: result: yes
configure:15330: checking for vfprintf
configure:15386: gcc -o conftest -g -O2   conftest.c  >&5
conftest.c:83:6: warning: conflicting types for built-in function 'vfprintf' [enabled by default]
 char vfprintf ();
      ^
configure:15393: $? = 0
configure:15415: result: yes
configure:15330: checking for vsprintf
configure:15386: gcc -o conftest -g -O2   conftest.c  >&5
conftest.c:84:6: warning: conflicting types for built-in function 'vsprintf' [enabled by default]
 char vsprintf ();
      ^
configure:15393: $? = 0
configure:15415: result: yes
configure:15330: checking for vsnprintf
configure:15386: gcc -o conftest -g -O2   conftest.c  >&5
conftest.c:85:6: warning: conflicting types for built-in function 'vsnprintf' [enabled by default]
 char vsnprintf ();
      ^
configure:15393: $? = 0
configure:15415: result: yes
configure:15330: checking for sscanf
configure:15386: gcc -o conftest -g -O2   conftest.c  >&5
conftest.c:86:6: warning: conflicting types for built-in function 'sscanf' [enabled by default]
 char sscanf ();
      ^
configure:15393: $? = 0
configure:15415: result: yes
configure:15444: checking for perl
configure:15460: found /usr/bin/perl
configure:15472: result: perl
configure:15815: checking for libxml libraries >= 2.6.27
configure:15871: result: 2.8.0 found
configure:15900: checking whether shared libraries will be built (required for plugins)
configure:15911: result: yes
configure:15916: checking libxml2 module support
configure:15920: result: yes
configure:16179: creating ./config.status

## ---------------------- ##
## Running config.status. ##
## ---------------------- ##

This file was extended by config.status, which was
generated by GNU Autoconf 2.63.  Invocation command line was

  CONFIG_FILES    = 
  CONFIG_HEADERS  = 
  CONFIG_LINKS    = 
  CONFIG_COMMANDS = 
  $ ./config.status 

on helsinki

config.status:1147: creating Makefile
config.status:1147: creating libxslt.pc
config.status:1147: creating libexslt.pc
config.status:1147: creating libxslt/Makefile
config.status:1147: creating libxslt/xsltconfig.h
config.status:1147: creating libxslt/xsltwin32config.h
config.status:1147: creating libexslt/Makefile
config.status:1147: creating libexslt/exsltconfig.h
config.status:1147: creating xsltproc/Makefile
config.status:1147: creating python/Makefile
config.status:1147: creating python/tests/Makefile
config.status:1147: creating tests/Makefile
config.status:1147: creating tests/docs/Makefile
config.status:1147: creating tests/REC1/Makefile
config.status:1147: creating tests/REC2/Makefile
config.status:1147: creating tests/REC/Makefile
config.status:1147: creating tests/general/Makefile
config.status:1147: creating tests/reports/Makefile
config.status:1147: creating tests/extensions/Makefile
config.status:1147: creating tests/namespaces/Makefile
config.status:1147: creating tests/keys/Makefile
config.status:1147: creating tests/numbers/Makefile
config.status:1147: creating tests/documents/Makefile
config.status:1147: creating tests/xmlspec/Makefile
config.status:1147: creating tests/multiple/Makefile
config.status:1147: creating tests/xinclude/Makefile
config.status:1147: creating tests/XSLTMark/Makefile
config.status:1147: creating tests/docbook/Makefile
config.status:1147: creating tests/exslt/Makefile
config.status:1147: creating tests/exslt/common/Makefile
config.status:1147: creating tests/exslt/functions/Makefile
config.status:1147: creating tests/exslt/math/Makefile
config.status:1147: creating tests/exslt/sets/Makefile
config.status:1147: creating tests/exslt/strings/Makefile
config.status:1147: creating tests/exslt/date/Makefile
config.status:1147: creating tests/exslt/dynamic/Makefile
config.status:1147: creating tests/plugins/Makefile
config.status:1147: creating doc/Makefile
config.status:1147: creating xslt-config
config.status:1147: creating libxslt.spec
config.status:1147: creating config.h
config.status:1421: executing depfiles commands
config.status:1421: executing libtool commands

## ---------------- ##
## Cache variables. ##
## ---------------- ##

ac_cv_build=i686-pc-linux-gnu
ac_cv_c_compiler_gnu=yes
ac_cv_env_CC_set=
ac_cv_env_CC_value=
ac_cv_env_CFLAGS_set=
ac_cv_env_CFLAGS_value=
ac_cv_env_CPPFLAGS_set=
ac_cv_env_CPPFLAGS_value=
ac_cv_env_CPP_set=
ac_cv_env_CPP_value=
ac_cv_env_LDFLAGS_set=
ac_cv_env_LDFLAGS_value=
ac_cv_env_LIBS_set=
ac_cv_env_LIBS_value=
ac_cv_env_build_alias_set=
ac_cv_env_build_alias_value=
ac_cv_env_host_alias_set=
ac_cv_env_host_alias_value=
ac_cv_env_target_alias_set=
ac_cv_env_target_alias_value=
ac_cv_func__stat=no
ac_cv_func_asctime=yes
ac_cv_func_fabs=no
ac_cv_func_floor=no
ac_cv_func_fprintf=yes
ac_cv_func_ftime=yes
ac_cv_func_gettimeofday=yes
ac_cv_func_gmtime_r=yes
ac_cv_func_isinf=yes
ac_cv_func_isnan=yes
ac_cv_func_localtime=yes
ac_cv_func_localtime_r=yes
ac_cv_func_mktime=yes
ac_cv_func_pow=no
ac_cv_func_printf=yes
ac_cv_func_snprintf=yes
ac_cv_func_sprintf=yes
ac_cv_func_sscanf=yes
ac_cv_func_stat=yes
ac_cv_func_time=yes
ac_cv_func_vfprintf=yes
ac_cv_func_vsnprintf=yes
ac_cv_func_vsprintf=yes
ac_cv_header_ansidecl_h=no
ac_cv_header_dlfcn_h=yes
ac_cv_header_float_h=yes
ac_cv_header_fp_class_h=no
ac_cv_header_ieeefp_h=no
ac_cv_header_inttypes_h=yes
ac_cv_header_locale_h=yes
ac_cv_header_math_h=yes
ac_cv_header_memory_h=yes
ac_cv_header_minix_config_h=no
ac_cv_header_nan_h=no
ac_cv_header_pthread_h=yes
ac_cv_header_stdarg_h=yes
ac_cv_header_stdc=yes
ac_cv_header_stdint_h=yes
ac_cv_header_stdlib_h=yes
ac_cv_header_string_h=yes
ac_cv_header_strings_h=yes
ac_cv_header_sys_select_h=yes
ac_cv_header_sys_stat_h=yes
ac_cv_header_sys_time_h=yes
ac_cv_header_sys_timeb_h=yes
ac_cv_header_sys_types_h=yes
ac_cv_header_time_h=yes
ac_cv_header_unistd_h=yes
ac_cv_header_xlocale_h=yes
ac_cv_host=i686-pc-linux-gnu
ac_cv_lib_m_fabs=yes
ac_cv_lib_m_floor=yes
ac_cv_lib_m_pow=yes
ac_cv_lib_pthread_pthread_join=yes
ac_cv_objext=o
ac_cv_path_EGREP='/bin/grep -E'
ac_cv_path_FGREP='/bin/grep -F'
ac_cv_path_GREP=/bin/grep
ac_cv_path_MV=/bin/mv
ac_cv_path_RM=/bin/rm
ac_cv_path_SED=/bin/sed
ac_cv_path_TAR=/bin/tar
ac_cv_path_XMLLINT=/home/asdp/projects/DiscoveryProject/discovery/vendor/ruby/2.1.0/gems/nokogiri-1.6.1/ports/i486-linux-gnu/libxml2/2.8.0/bin/xmllint
ac_cv_path_XSLTPROC=/usr/bin/xsltproc
ac_cv_path_install='/usr/bin/install -c'
ac_cv_path_mkdir=/bin/mkdir
ac_cv_prog_AWK=gawk
ac_cv_prog_CPP='gcc -E'
ac_cv_prog_PERL=perl
ac_cv_prog_ac_ct_AR=ar
ac_cv_prog_ac_ct_CC=gcc
ac_cv_prog_ac_ct_OBJDUMP=objdump
ac_cv_prog_ac_ct_RANLIB=ranlib
ac_cv_prog_ac_ct_STRIP=strip
ac_cv_prog_cc_c89=
ac_cv_prog_cc_g=yes
ac_cv_prog_make_make_set=yes
ac_cv_safe_to_define___extensions__=yes
ac_cv_search_strerror='none required'
am_cv_CC_dependencies_compiler_type=gcc3
lt_cv_deplibs_check_method=pass_all
lt_cv_file_magic_cmd='$MAGIC_CMD'
lt_cv_file_magic_test_file=
lt_cv_ld_reload_flag=-r
lt_cv_nm_interface='BSD nm'
lt_cv_objdir=.libs
lt_cv_path_LD=/usr/bin/ld
lt_cv_path_NM='/usr/bin/nm -B'
lt_cv_prog_compiler_c_o=yes
lt_cv_prog_compiler_pic_works=yes
lt_cv_prog_compiler_rtti_exceptions=no
lt_cv_prog_compiler_static_works=yes
lt_cv_prog_gnu_ld=yes
lt_cv_sys_global_symbol_pipe='sed -n -e '\''s/^.*[	 ]\([ABCDGIRSTW][ABCDGIRSTW]*\)[	 ][	 ]*\([_A-Za-z][_A-Za-z0-9]*\)$/\1 \2 \2/p'\'''
lt_cv_sys_global_symbol_to_c_name_address='sed -n -e '\''s/^: \([^ ]*\) $/  {\"\1\", (void *) 0},/p'\'' -e '\''s/^[ABCDGIRSTW]* \([^ ]*\) \([^ ]*\)$/  {"\2", (void *) \&\2},/p'\'''
lt_cv_sys_global_symbol_to_c_name_address_lib_prefix='sed -n -e '\''s/^: \([^ ]*\) $/  {\"\1\", (void *) 0},/p'\'' -e '\''s/^[ABCDGIRSTW]* \([^ ]*\) \(lib[^ ]*\)$/  {"\2", (void *) \&\2},/p'\'' -e '\''s/^[ABCDGIRSTW]* \([^ ]*\) \([^ ]*\)$/  {"lib\2", (void *) \&\2},/p'\'''
lt_cv_sys_global_symbol_to_cdecl='sed -n -e '\''s/^T .* \(.*\)$/extern int \1();/p'\'' -e '\''s/^[ABCDGIRSTW]* .* \(.*\)$/extern char \1;/p'\'''
lt_cv_sys_max_cmd_len=1572864

## ----------------- ##
## Output variables. ##
## ----------------- ##

ACLOCAL='${SHELL} /home/asdp/projects/DiscoveryProject/discovery/vendor/ruby/2.1.0/gems/nokogiri-1.6.1/ext/nokogiri/tmp/i486-linux-gnu/ports/libxslt/1.1.26/libxslt-1.1.26/missing --run aclocal-1.11'
AMDEPBACKSLASH='\'
AMDEP_FALSE='#'
AMDEP_TRUE=''
AMTAR='${SHELL} /home/asdp/projects/DiscoveryProject/discovery/vendor/ruby/2.1.0/gems/nokogiri-1.6.1/ext/nokogiri/tmp/i486-linux-gnu/ports/libxslt/1.1.26/libxslt-1.1.26/missing --run tar'
AR='ar'
AS='as'
AUTOCONF='${SHELL} /home/asdp/projects/DiscoveryProject/discovery/vendor/ruby/2.1.0/gems/nokogiri-1.6.1/ext/nokogiri/tmp/i486-linux-gnu/ports/libxslt/1.1.26/libxslt-1.1.26/missing --run autoconf'
AUTOHEADER='${SHELL} /home/asdp/projects/DiscoveryProject/discovery/vendor/ruby/2.1.0/gems/nokogiri-1.6.1/ext/nokogiri/tmp/i486-linux-gnu/ports/libxslt/1.1.26/libxslt-1.1.26/missing --run autoheader'
AUTOMAKE='${SHELL} /home/asdp/projects/DiscoveryProject/discovery/vendor/ruby/2.1.0/gems/nokogiri-1.6.1/ext/nokogiri/tmp/i486-linux-gnu/ports/libxslt/1.1.26/libxslt-1.1.26/missing --run automake-1.11'
AWK='gawk'
CC='gcc'
CCDEPMODE='depmode=gcc3'
CFLAGS='-g -O2 -Wall'
CPP='gcc -E'
CPPFLAGS=''
CYGPATH_W='echo'
DEFS='-DHAVE_CONFIG_H'
DEPDIR='.deps'
DLLTOOL='dlltool'
DSYMUTIL=''
DUMPBIN=''
ECHO_C=''
ECHO_N='-n'
ECHO_T=''
EGREP='/bin/grep -E'
EXEEXT=''
EXSLT_INCLUDEDIR='-I${includedir}'
EXSLT_LIBDIR='-L${libdir}'
EXSLT_LIBS='-lexslt -lxslt  -L/home/asdp/projects/DiscoveryProject/discovery/vendor/ruby/2.1.0/gems/nokogiri-1.6.1/ports/i486-linux-gnu/libxml2/2.8.0/lib -lxml2 -lz -lm -lm '
EXTRA_LIBS='  -L/home/asdp/projects/DiscoveryProject/discovery/vendor/ruby/2.1.0/gems/nokogiri-1.6.1/ports/i486-linux-gnu/libxml2/2.8.0/lib -lxml2 -lz -lm -lm'
FGREP='/bin/grep -F'
GREP='/bin/grep'
HTML_DIR='$(datadir)/doc/$(PACKAGE)-$(VERSION)/html'
INSTALL_DATA='${INSTALL} -m 644'
INSTALL_PROGRAM='${INSTALL}'
INSTALL_SCRIPT='${INSTALL}'
INSTALL_STRIP_PROGRAM='$(install_sh) -c -s'
LD='/usr/bin/ld'
LDFLAGS=''
LIBEXSLT_MAJOR_VERSION='0'
LIBEXSLT_MICRO_VERSION='15'
LIBEXSLT_MINOR_VERSION='8'
LIBEXSLT_VERSION='0.8.15'
LIBEXSLT_VERSION_EXTRA=''
LIBEXSLT_VERSION_INFO='8:15:8'
LIBEXSLT_VERSION_NUMBER='815'
LIBGCRYPT_CFLAGS=''
LIBGCRYPT_CONFIG=''
LIBGCRYPT_LIBS=''
LIBOBJS=''
LIBS=''
LIBTOOL='$(SHELL) $(top_builddir)/libtool'
LIBXML_CFLAGS=' -I/home/asdp/projects/DiscoveryProject/discovery/vendor/ruby/2.1.0/gems/nokogiri-1.6.1/ports/i486-linux-gnu/libxml2/2.8.0/include/libxml2'
LIBXML_LIBS=' -L/home/asdp/projects/DiscoveryProject/discovery/vendor/ruby/2.1.0/gems/nokogiri-1.6.1/ports/i486-linux-gnu/libxml2/2.8.0/lib -lxml2 -lz -lm'
LIBXML_REQUIRED_VERSION='2.6.27'
LIBXML_SRC=''
LIBXSLT_DEFAULT_PLUGINS_PATH='/home/asdp/projects/DiscoveryProject/discovery/vendor/ruby/2.1.0/gems/nokogiri-1.6.1/ports/i486-linux-gnu/libxslt/1.1.26/lib/libxslt-plugins'
LIBXSLT_MAJOR_MINOR_VERSION='1.1'
LIBXSLT_MAJOR_VERSION='1'
LIBXSLT_MICRO_VERSION='26'
LIBXSLT_MINOR_VERSION='1'
LIBXSLT_VERSION='1.1.26'
LIBXSLT_VERSION_EXTRA=''
LIBXSLT_VERSION_INFO='2:26:1'
LIBXSLT_VERSION_NUMBER='10126'
LIPO=''
LN_S='ln -s'
LTLIBOBJS=''
MAKEINFO='${SHELL} /home/asdp/projects/DiscoveryProject/discovery/vendor/ruby/2.1.0/gems/nokogiri-1.6.1/ext/nokogiri/tmp/i486-linux-gnu/ports/libxslt/1.1.26/libxslt-1.1.26/missing --run makeinfo'
MKDIR_P='/bin/mkdir -p'
MV='/bin/mv'
M_LIBS='-lm'
NM='/usr/bin/nm -B'
NMEDIT=''
OBJDUMP='objdump'
OBJEXT='o'
OTOOL64=''
OTOOL=''
PACKAGE='libxslt'
PACKAGE_BUGREPORT=''
PACKAGE_NAME=''
PACKAGE_STRING=''
PACKAGE_TARNAME=''
PACKAGE_VERSION=''
PATH_SEPARATOR=':'
PERL='perl'
PYTHON=''
PYTHONSODV=''
PYTHON_INCLUDES=''
PYTHON_SITE_PACKAGES=''
PYTHON_SUBDIR=''
PYTHON_VERSION=''
RANLIB='ranlib'
RELDATE='Thu Jul 17 2014'
RM='/bin/rm'
SED='/bin/sed'
SET_MAKE=''
SHELL='/bin/bash'
STATIC_BINARIES=''
STRIP='strip'
TAR='/bin/tar'
THREAD_LIBS='-lpthread'
USE_VERSION_SCRIPT_FALSE='#'
USE_VERSION_SCRIPT_TRUE=''
VERSION='1.1.26'
VERSION_SCRIPT_FLAGS='-Wl,--version-script='
WIN32_EXTRA_LDFLAGS=''
WIN32_EXTRA_LIBADD=''
WITH_CRYPTO='0'
WITH_DEBUGGER='1'
WITH_MEM_DEBUG='0'
WITH_MODULES='1'
WITH_MODULES_FALSE='#'
WITH_MODULES_TRUE=''
WITH_PERL_FALSE='#'
WITH_PERL_TRUE=''
WITH_PYTHON_FALSE=''
WITH_PYTHON_TRUE='#'
WITH_TRIO='0'
WITH_XSLT_DEBUG='1'
XMLLINT='/home/asdp/projects/DiscoveryProject/discovery/vendor/ruby/2.1.0/gems/nokogiri-1.6.1/ports/i486-linux-gnu/libxml2/2.8.0/bin/xmllint'
XML_CONFIG='/home/asdp/projects/DiscoveryProject/discovery/vendor/ruby/2.1.0/gems/nokogiri-1.6.1/ports/i486-linux-gnu/libxml2/2.8.0/bin/xml2-config'
XSLTPROC='/usr/bin/xsltproc'
XSLTPROCDV=''
XSLT_INCLUDEDIR='-I${includedir}'
XSLT_LIBDIR='-L${libdir}'
XSLT_LIBS='-lxslt  -L/home/asdp/projects/DiscoveryProject/discovery/vendor/ruby/2.1.0/gems/nokogiri-1.6.1/ports/i486-linux-gnu/libxml2/2.8.0/lib -lxml2 -lz -lm -lm'
XSLT_LOCALE_WINAPI='0'
XSLT_LOCALE_XLOCALE='1'
ac_ct_CC='gcc'
ac_ct_DUMPBIN=''
am__EXEEXT_FALSE=''
am__EXEEXT_TRUE='#'
am__fastdepCC_FALSE='#'
am__fastdepCC_TRUE=''
am__include='include'
am__isrc=''
am__leading_dot='.'
am__quote=''
am__tar='${AMTAR} chof - "$$tardir"'
am__untar='${AMTAR} xf -'
bindir='${exec_prefix}/bin'
build='i686-pc-linux-gnu'
build_alias=''
build_cpu='i686'
build_os='linux-gnu'
build_vendor='pc'
datadir='${datarootdir}'
datarootdir='${prefix}/share'
docdir='${datarootdir}/doc/${PACKAGE}'
dvidir='${docdir}'
exec_prefix='${prefix}'
host='i686-pc-linux-gnu'
host_alias=''
host_cpu='i686'
host_os='linux-gnu'
host_vendor='pc'
htmldir='${docdir}'
includedir='${prefix}/include'
infodir='${datarootdir}/info'
install_sh='${SHELL} /home/asdp/projects/DiscoveryProject/discovery/vendor/ruby/2.1.0/gems/nokogiri-1.6.1/ext/nokogiri/tmp/i486-linux-gnu/ports/libxslt/1.1.26/libxslt-1.1.26/install-sh'
libdir='${exec_prefix}/lib'
libexecdir='${exec_prefix}/libexec'
localedir='${datarootdir}/locale'
localstatedir='${prefix}/var'
lt_ECHO='echo'
mandir='${datarootdir}/man'
mkdir_p='/bin/mkdir -p'
oldincludedir='/usr/include'
pdfdir='${docdir}'
prefix='/home/asdp/projects/DiscoveryProject/discovery/vendor/ruby/2.1.0/gems/nokogiri-1.6.1/ports/i486-linux-gnu/libxslt/1.1.26'
program_transform_name='s,x,x,'
psdir='${docdir}'
pythondir=''
sbindir='${exec_prefix}/sbin'
sharedstatedir='${prefix}/com'
sysconfdir='${prefix}/etc'
target_alias=''

## ----------- ##
## confdefs.h. ##
## ----------- ##

#define PACKAGE_NAME ""
#define PACKAGE_TARNAME ""
#define PACKAGE_VERSION ""
#define PACKAGE_STRING ""
#define PACKAGE_BUGREPORT ""
#define STDC_HEADERS 1
#define HAVE_SYS_TYPES_H 1
#define HAVE_SYS_STAT_H 1
#define HAVE_STDLIB_H 1
#define HAVE_STRING_H 1
#define HAVE_MEMORY_H 1
#define HAVE_STRINGS_H 1
#define HAVE_INTTYPES_H 1
#define HAVE_STDINT_H 1
#define HAVE_UNISTD_H 1
#define __EXTENSIONS__ 1
#define _ALL_SOURCE 1
#define _GNU_SOURCE 1
#define _POSIX_PTHREAD_SEMANTICS 1
#define _TANDEM_SOURCE 1
#define PACKAGE "libxslt"
#define VERSION "1.1.26"
#define STDC_HEADERS 1
#define HAVE_DLFCN_H 1
#define LT_OBJDIR ".libs/"
#define HAVE_SYS_TYPES_H 1
#define HAVE_SYS_TIME_H 1
#define HAVE_STDLIB_H 1
#define HAVE_UNISTD_H 1
#define HAVE_STRING_H 1
#define HAVE_LIBPTHREAD /**/
#define HAVE_PTHREAD_H /**/
#define HAVE_LOCALE_H 1
#define HAVE_XLOCALE_H 1
#define HAVE_MATH_H 1
#define HAVE_FLOAT_H 1
#define HAVE_SYS_TIMEB_H 1
#define HAVE_TIME_H 1
#define HAVE_SYS_STAT_H 1
#define HAVE_SYS_SELECT_H 1
#define HAVE_STDARG_H 1
#define HAVE_STAT 1
#define HAVE_POW 1
#define HAVE_FLOOR 1
#define HAVE_FABS 1
#define HAVE_GETTIMEOFDAY 1
#define HAVE_MKTIME 1
#define HAVE_LOCALTIME 1
#define HAVE_LOCALTIME_R 1
#define HAVE_ASCTIME 1
#define HAVE_TIME 1
#define HAVE_GMTIME_R 1
#define HAVE_FTIME 1
#define HAVE_PRINTF 1
#define HAVE_SPRINTF 1
#define HAVE_FPRINTF 1
#define HAVE_SNPRINTF 1
#define HAVE_VFPRINTF 1
#define HAVE_VSPRINTF 1
#define HAVE_VSNPRINTF 1
#define HAVE_SSCANF 1
#define WITH_DEBUGGER 1

configure: exit 0
